Log file open, 07/20/17 15:10:19
LogInit:Display: Running engine for game: WaterWiggler
LogPlatformFile: Not using cached read wrapper
LogInit:Display: RandInit(-495094140) SRandInit(-495094140).
LogTaskGraph: Started task graph with 5 named threads and 8 total threads with 1 sets of task threads.
LogStats: Stats thread started at 0.089051
LogInit: Using libcurl 7.47.1
LogInit:  - built for x86_64-pc-win32
LogInit:  - supports SSL with OpenSSL/1.0.2g
LogInit:  - supports HTTP deflate (compression) using libz 1.2.8
LogInit:  - other features:
LogInit:      CURL_VERSION_SSL
LogInit:      CURL_VERSION_LIBZ
LogInit:      CURL_VERSION_IPV6
LogInit:      CURL_VERSION_ASYNCHDNS
LogInit:      CURL_VERSION_LARGEFILE
LogInit:      CURL_VERSION_IDN
LogInit:  CurlRequestOptions (configurable via config and command line):
LogInit:  - bVerifyPeer = false  - Libcurl will NOT verify peer certificate
LogInit:  - bUseHttpProxy = false  - Libcurl will NOT use HTTP proxy
LogInit:  - bDontReuseConnections = false  - Libcurl will reuse connections
LogInit:  - CertBundlePath = nullptr  - Libcurl will use whatever was configured at build time.
LogInit: Build: ++UE4+Release-4.15-CL-3450819
LogInit: Engine Version: 4.15.3-3450819+++UE4+Release-4.15
LogInit: Compatible Engine Version: 4.15.0-3299760+++UE4+Release-4.15
LogInit: Net CL: 3299760
LogDevObjectVersion: Number of dev versions registered: 14
LogDevObjectVersion:   Dev-Blueprints (B0D832E4-1F89-4F0D-ACCF-7EB736FD4AA2): 8
LogDevObjectVersion:   Dev-Build (E1C64328-A22C-4D53-A36C-8E866417BD8C): 0
LogDevObjectVersion:   Dev-Core (375EC13C-06E4-48FB-B500-84F0262A717E): 2
LogDevObjectVersion:   Dev-Editor (E4B068ED-F494-42E9-A231-DA0B2E46BB41): 14
LogDevObjectVersion:   Dev-Framework (CFFC743F-43B0-4480-9391-14DF171D2073): 22
LogDevObjectVersion:   Dev-Mobile (B02B49B5-BB20-44E9-A304-32B752E40360): 0
LogDevObjectVersion:   Dev-Networking (A4E4105C-59A1-49B5-A7C5-40C4547EDFEE): 0
LogDevObjectVersion:   Dev-Online (39C831C9-5AE6-47DC-9A44-9C173E1C8E7C): 0
LogDevObjectVersion:   Dev-Physics (78F01B33-EBEA-4F98-B9B4-84EACCB95AA2): 0
LogDevObjectVersion:   Dev-Platform (6631380F-2D4D-43E0-8009-CF276956A95A): 0
LogDevObjectVersion:   Dev-Rendering (12F88B9F-8875-4AFC-A67C-D90C383ABD29): 12
LogDevObjectVersion:   Dev-Sequencer (7B5AE74C-D270-4C10-A958-57980B212A5A): 3
LogDevObjectVersion:   Dev-VR (D7296918-1DD6-4BDD-9DE2-64A83CC13884): 0
LogDevObjectVersion:   Dev-LoadTimes (C2A15278-BFE7-4AFE-6C17-90FF531DF755): 1
LogInit: Compiled (64-bit): May 21 2017 11:02:34
LogInit: Compiled with Visual C++: 19.00.23026.00
LogInit: Build Configuration: Development
LogInit: Branch Name: ++UE4+Release-4.15
LogInit: Command line:  /Temp/Autosaves/Game/Scenes/UEDPCPrototype_map -game -PIEVIACONSOLE -ResX=1280 -ResY=720  -Multiprocess -messaging -SessionName="Play in Standalone Game" -windowed 
LogInit: Base directory: C:/Program Files/Epic Games/UE_4.15/Engine/Binaries/Win64/
LogInit: Installed Engine Build: 1
LogInit: Presizing for max 8388607 objects, including 0 objects not considered by GC, pre-allocating 0 bytes for permanent pool.
LogInit: Object subsystem initialized
[2017.07.20-19.10.21:105][  0]LogInit: Selected Device Profile: [Windows]
[2017.07.20-19.10.21:105][  0]LogInit: Applying CVar settings loaded from the selected device profile: [Windows]
[2017.07.20-19.10.21:111][  0]LogInit: Computer: EGDWS_MA_37
[2017.07.20-19.10.21:111][  0]LogInit: User: Camper
[2017.07.20-19.10.21:111][  0]LogInit: CPU Page size=65536, Cores=4
[2017.07.20-19.10.21:111][  0]LogInit: High frequency timer resolution =2.338347 MHz
[2017.07.20-19.10.21:112][  0]LogMemory: Memory total: Physical=15.6GB (16GB approx)
[2017.07.20-19.10.21:112][  0]LogMemory: Platform Memory Stats for Windows
[2017.07.20-19.10.21:112][  0]LogMemory: Process Physical Memory: 264.16 MB used, 264.16 MB peak
[2017.07.20-19.10.21:112][  0]LogMemory: Process Virtual Memory: 262.65 MB used, 262.65 MB peak
[2017.07.20-19.10.21:112][  0]LogMemory: Physical Memory: 6591.54 MB used,  9417.68 MB free, 16009.22 MB total
[2017.07.20-19.10.21:112][  0]LogMemory: Virtual Memory: 630.80 MB used,  9417.68 MB free, 134217728.00 MB total
[2017.07.20-19.10.21:214][  0]LogTextLocalizationManager: No specific translations for ('en-US') exist, so ('en') translations will be used.
[2017.07.20-19.10.21:689][  0]LogD3D11RHI: D3D11 adapters:
[2017.07.20-19.10.21:722][  0]LogD3D11RHI:    0. 'NVIDIA Quadro K1100M   ' (Feature Level 11_0)
[2017.07.20-19.10.21:722][  0]LogD3D11RHI:       1992/0/8004 MB DedicatedVideo/DedicatedSystem/SharedSystem, Outputs:1, VendorId:0x10de
[2017.07.20-19.10.21:728][  0]LogD3D11RHI:    1. 'Intel(R) HD Graphics 4600' (Feature Level 11_0)
[2017.07.20-19.10.21:728][  0]LogD3D11RHI:       112/0/2048 MB DedicatedVideo/DedicatedSystem/SharedSystem, Outputs:0, VendorId:0x8086
[2017.07.20-19.10.21:731][  0]LogD3D11RHI:    2. 'Microsoft Basic Render Driver' (Feature Level 11_0)
[2017.07.20-19.10.21:731][  0]LogD3D11RHI:       0/0/8004 MB DedicatedVideo/DedicatedSystem/SharedSystem, Outputs:0, VendorId:0x1414
[2017.07.20-19.10.21:731][  0]LogD3D11RHI: Chosen D3D11 Adapter: 0
[2017.07.20-19.10.21:735][  0]LogD3D11RHI: Creating new Direct3DDevice
[2017.07.20-19.10.21:736][  0]LogD3D11RHI:     GPU DeviceId: 0xff6 (for the marketing name, search the web for "GPU Device Id")
[2017.07.20-19.10.21:736][  0]LogWindows: EnumDisplayDevices:
[2017.07.20-19.10.21:736][  0]LogWindows:    0. 'Intel(R) HD Graphics 4600' (P:1 D:1)
[2017.07.20-19.10.21:736][  0]LogWindows:    1. 'Intel(R) HD Graphics 4600' (P:0 D:0)
[2017.07.20-19.10.21:736][  0]LogWindows:    2. 'Intel(R) HD Graphics 4600' (P:0 D:0)
[2017.07.20-19.10.21:737][  0]LogWindows: DebugString: PrimaryIsNotTheChoosenAdapter PrimaryIsNotTheChoosenAdapter PrimaryIsNotTheChoosenAdapter FoundDriverCount:0 
[2017.07.20-19.10.21:737][  0]LogD3D11RHI:     Adapter Name: NVIDIA Quadro K1100M   
[2017.07.20-19.10.21:737][  0]LogD3D11RHI:   Driver Version: Unknown (internal:Unknown, unified:Unknown)
[2017.07.20-19.10.21:737][  0]LogD3D11RHI:      Driver Date: Unknown
[2017.07.20-19.10.21:737][  0]LogRHI: Texture pool is 1361 MB (70% of 1945 MB)
[2017.07.20-19.10.21:755][  0]LogD3D11RHI:Warning: Timestamp queries are currently disabled on this hardware due to instability. Realtime GPU stats will not be available. You can override this behaviour by setting r.NVIDIATimestampWorkaround to 0
[2017.07.20-19.10.21:758][  0]LogD3D11RHI: NvAPI_D3D_GetCurrentSLIState failed: 0xfffffff7
[2017.07.20-19.10.21:758][  0]LogD3D11RHI: Async texture creation enabled
[2017.07.20-19.10.21:773][  0]LogD3D11RHI: GPU Timing Frequency: 1000.000000 (Debug: 2 1)
[2017.07.20-19.10.21:774][  0]LogShaderCompilers: Guid format shader working directory is -34 characters bigger than the processId version (../../../../../../Users/Camper/Documents/GitHub/Wiggler/UnrealProject/WaterWiggler/Intermediate/Shaders/WorkingDirectory/840/).
[2017.07.20-19.10.21:774][  0]LogShaderCompilers: Cleaned the shader compiler working directory 'C:/Users/Camper/AppData/Local/Temp/UnrealShaderWorkingDir/0FB1722D4ABC347DA4F25F962317CA27/'.
[2017.07.20-19.10.21:774][  0]LogShaderCompilers:Display: Using Local Shader Compiler.
[2017.07.20-19.10.23:180][  0]LogTemp:Display: Loaded TP WindowsClientTargetPlatform
[2017.07.20-19.10.23:254][  0]LogTemp:Display: Loaded TP WindowsNoEditorTargetPlatform
[2017.07.20-19.10.23:331][  0]LogTemp:Display: Loaded TP WindowsServerTargetPlatform
[2017.07.20-19.10.23:396][  0]LogTemp:Display: Loaded TP WindowsTargetPlatform
[2017.07.20-19.10.23:396][  0]LogTargetPlatformManager:Display: Building Assets For Windows
[2017.07.20-19.10.23:980][  0]LogDerivedDataCache:Display: Max Cache Size: 512 MB
[2017.07.20-19.10.24:027][  0]LogDerivedDataCache: Loaded boot cache 0.05s 50MB C:/Users/Camper/AppData/Local/UnrealEngine/4.15/DerivedDataCache/Boot.ddc.
[2017.07.20-19.10.24:027][  0]LogDerivedDataCache:Display: Loaded Boot cache: C:/Users/Camper/AppData/Local/UnrealEngine/4.15/DerivedDataCache/Boot.ddc
[2017.07.20-19.10.24:027][  0]LogDerivedDataCache: FDerivedDataBackendGraph:  Pak pak cache file ../../../../../../Users/Camper/Documents/GitHub/Wiggler/UnrealProject/WaterWiggler/DerivedDataCache/DDC.ddp not found, will not use a pak cache.
[2017.07.20-19.10.24:027][  0]LogDerivedDataCache: Unable to find inner node Pak for hierarchical cache Hierarchy.
[2017.07.20-19.10.24:027][  0]LogDerivedDataCache: FDerivedDataBackendGraph:  CompressedPak pak cache file ../../../../../../Users/Camper/Documents/GitHub/Wiggler/UnrealProject/WaterWiggler/DerivedDataCache/Compressed.ddp not found, will not use a pak cache.
[2017.07.20-19.10.24:027][  0]LogDerivedDataCache: Unable to find inner node CompressedPak for hierarchical cache Hierarchy.
[2017.07.20-19.10.24:047][  0]LogDerivedDataCache:Display: Pak cache opened for reading ../../../Engine/DerivedDataCache/Compressed.ddp.
[2017.07.20-19.10.24:060][  0]LogDerivedDataCache: Using Local data cache path C:/Users/Camper/AppData/Local/UnrealEngine/Common/DerivedDataCache: Writable
[2017.07.20-19.10.24:069][  0]LogSlate: Using Freetype 2.6.0
[2017.07.20-19.10.24:071][  0]LogSlate: SlateFontCache - WITH_FREETYPE: 1, WITH_HARFBUZZ: 1
[2017.07.20-19.10.24:071][  0]LogSlate: SlateFontCache - WITH_FREETYPE: 1, WITH_HARFBUZZ: 1
[2017.07.20-19.10.24:455][  0]LogAssetRegistry: FAssetRegistry took 0.0001 seconds to start up
[2017.07.20-19.10.24:463][  0]LogPackageLocalizationCache: Processed 3 localized package path(s) for 2 prioritized culture(s) in 0.007896 seconds
[2017.07.20-19.10.24:485][  0]LogInit: Selected Device Profile: [Windows]
[2017.07.20-19.10.24:487][  0]LogContentStreaming: Texture pool size is 1000.00 MB
[2017.07.20-19.10.24:752][  0]LogMeshUtilities: Using QuadricMeshReduction for automatic static mesh reduction
[2017.07.20-19.10.24:813][  0]LogSimplygon: Simplygon DLL not present - disabling.
[2017.07.20-19.10.24:883][  0]LogMeshUtilities: Using SimplygonSwarm for distributed automatic mesh merging
[2017.07.20-19.10.24:883][  0]LogMeshUtilities: No automatic skeletal mesh reduction module available
[2017.07.20-19.10.24:883][  0]LogMeshUtilities: No automatic mesh merging module available
[2017.07.20-19.10.25:429][  0]LogNetVersion: GetLocalNetworkVersion: CL: 3299760, ProjectName: waterwiggler, ProjectVersion: , EngineNetworkVersion: 2, GameNetworkVersion: 0, NetworkChecksum: 1685917286
[2017.07.20-19.10.25:509][  0]LogInit: WinSock: version 1.1 (2.2), MaxSocks=32767, MaxUdp=65467
[2017.07.20-19.10.26:647][  0]LogMoviePlayer: Initializing movie player
[2017.07.20-19.10.26:744][  0]LogWindowsTextInputMethodSystem:Display: IME system now deactivated.
[2017.07.20-19.10.27:178][  0]LogTcpMessaging: Initializing TcpMessaging bridge
[2017.07.20-19.10.27:229][  0]LogUdpMessaging: Initializing bridge on interface 0.0.0.0:0 to multicast group 230.0.0.1:6666.
[2017.07.20-19.10.27:642][  0]SourceControl: Info Source control is disabled
[2017.07.20-19.10.27:642][  0]SourceControl: Info Source control is disabled
[2017.07.20-19.10.27:716][  0]SourceControl: Info Source control is disabled
[2017.07.20-19.10.28:797][  0]LogUObjectArray: 34440 objects as part of root set at end of initial load.
[2017.07.20-19.10.28:797][  0]LogUObjectAllocator: 7645312 out of 0 bytes used by permanent object pool.
[2017.07.20-19.10.28:797][  0]LogUObjectArray: CloseDisregardForGC: 0/0 objects in disregard for GC pool
[2017.07.20-19.10.28:934][  0]LogEngine: Initializing Engine...
[2017.07.20-19.10.28:935][  0]LogHMD: Failed to initialize OpenVR with code 110
[2017.07.20-19.10.29:045][  0]LogStats: UGameplayTagsManager::ConstructGameplayTagTree: Construct from data asset -  0.000 s
[2017.07.20-19.10.29:045][  0]LogStats: UGameplayTagsManager::ConstructGameplayTagTree: GameplayTagTreeChangedEvent.Broadcast -  0.000 s
[2017.07.20-19.10.29:050][  0]LogInit: XAudio2 using 'Speaker/HP (Realtek High Definition Audio)' : 2 channels at 48 kHz using 32 bits per sample (channel mask 0x3)
[2017.07.20-19.10.29:065][  0]LogInit: FAudioDevice initialized.
[2017.07.20-19.10.29:120][  0]LogInit: Texture streaming: Enabled
[2017.07.20-19.10.29:147][  0]LogMaterial: Uniform references updated for custom material expression Custom.
[2017.07.20-19.10.29:711][  0]LogInit:Display: Game Engine Initialized.
[2017.07.20-19.10.29:988][  0]LogInit:Display: Starting Game.
[2017.07.20-19.10.29:988][  0]LogNet: Browse: /Temp/Autosaves/Game/Scenes/UEDPCPrototype_map?Name=Player
[2017.07.20-19.10.29:997][  0]LogLoad: LoadMap: /Temp/Autosaves/Game/Scenes/UEDPCPrototype_map?Name=Player
[2017.07.20-19.10.30:035][  0]LogMemory: Platform Memory Stats for Windows
[2017.07.20-19.10.30:035][  0]LogMemory: Process Physical Memory: 638.50 MB used, 669.55 MB peak
[2017.07.20-19.10.30:035][  0]LogMemory: Process Virtual Memory: 709.88 MB used, 743.07 MB peak
[2017.07.20-19.10.30:035][  0]LogMemory: Physical Memory: 6931.83 MB used,  9077.39 MB free, 16009.22 MB total
[2017.07.20-19.10.30:035][  0]LogMemory: Virtual Memory: 1261.95 MB used,  9077.39 MB free, 134217728.00 MB total
[2017.07.20-19.10.30:035][  0]LogMemory: 
[2017.07.20-19.10.30:035][  0]Allocator Stats for TBB: (not implemented)
[2017.07.20-19.10.30:578][  0]LogAIModule: Creating AISystem for world Prototype_map
[2017.07.20-19.10.30:630][  0]LogBlueprint:Warning: [Compiler Sedan] Warning Get Input Axis references unknown Axis 'LookUp' for  Get LookUp
[2017.07.20-19.10.30:630][  0]LogBlueprint:Warning: [Compiler Sedan] Warning Get Input Axis references unknown Axis 'LookRight' for  Get LookRight
[2017.07.20-19.10.30:630][  0]LogBlueprint:Warning: [Compiler Sedan] Warning Input Axis Event references unknown Axis 'MoveForward' for  InputAxis MoveForward
[2017.07.20-19.10.30:630][  0]LogBlueprint:Warning: [Compiler Sedan] Warning Input Axis Event references unknown Axis 'MoveRight' for  InputAxis MoveRight
[2017.07.20-19.10.30:637][  0]LogBlueprint:Warning: [Compiler Sedan] Warning [0012.11] Compile of Sedan successful, but with 4 Warning(s) [in 10 ms] (/Game/VehicleBP/Sedan/Sedan.Sedan)
[2017.07.20-19.10.30:637][  0]LogBlueprint:Warning: [Compiler Sedan] Warning [0012.11] Compile of Sedan successful, but with 5 Warning(s) [in 0 ms] (/Game/VehicleBP/Sedan/Sedan.Sedan)
[2017.07.20-19.10.30:637][  0]LogBlueprint:Warning: [Compiler Sedan] Warning [0012.11] Compile of Sedan successful, but with 6 Warning(s) [in 0 ms] (/Game/VehicleBP/Sedan/Sedan.Sedan)
[2017.07.20-19.10.30:666][  0]LogBlueprint:Warning: [Compiler Sedan] Warning Get Input Axis references unknown Axis 'LookUp' for  Get LookUp
[2017.07.20-19.10.30:666][  0]LogBlueprint:Warning: [Compiler Sedan] Warning Get Input Axis references unknown Axis 'LookRight' for  Get LookRight
[2017.07.20-19.10.30:666][  0]LogBlueprint:Warning: [Compiler Sedan] Warning Input Axis Event references unknown Axis 'MoveForward' for  InputAxis MoveForward
[2017.07.20-19.10.30:667][  0]LogBlueprint:Warning: [Compiler Sedan] Warning Input Axis Event references unknown Axis 'MoveRight' for  InputAxis MoveRight
[2017.07.20-19.10.30:673][  0]LogBlueprint:Warning: [Compiler Sedan] Warning [0012.14] Compile of Sedan successful, but with 4 Warning(s) [in 9 ms] (/Game/VehicleBP/Sedan/Sedan.Sedan)
[2017.07.20-19.10.30:673][  0]LogBlueprint:Warning: [Compiler Sedan] Warning [0012.14] Compile of Sedan successful, but with 5 Warning(s) [in 0 ms] (/Game/VehicleBP/Sedan/Sedan.Sedan)
[2017.07.20-19.10.30:673][  0]LogBlueprint:Warning: [Compiler Sedan] Warning [0012.14] Compile of Sedan successful, but with 6 Warning(s) [in 0 ms] (/Game/VehicleBP/Sedan/Sedan.Sedan)
[2017.07.20-19.10.30:713][  0]LogLoad: Game class is 'VehicleGameMode_C'
[2017.07.20-19.10.30:734][  0]LogVehicles:Warning: Cannot create vehicle for /Temp/Autosaves/Game/Scenes/UEDPCPrototype_map.Prototype_map:PersistentLevel.ChrisCraft_Blueprint_1601.SimpleWheeledVehicleMovement. UpdatedComponent is not a PrimitiveComponent.
[2017.07.20-19.10.30:740][  0]LogVehicles:Warning: Cannot create vehicle for /Temp/Autosaves/Game/Scenes/UEDPCPrototype_map.Prototype_map:PersistentLevel.ChrisCraft_Blueprint_1601.SimpleWheeledVehicleMovement. UpdatedComponent is not a PrimitiveComponent.
[2017.07.20-19.10.30:741][  0]LogVehicles:Warning: Cannot create vehicle for /Temp/Autosaves/Game/Scenes/UEDPCPrototype_map.Prototype_map:PersistentLevel.ChrisCraft_Blueprint_1601.SimpleWheeledVehicleMovement. UpdatedComponent is not a PrimitiveComponent.
[2017.07.20-19.10.30:742][  0]LogWorld: Bringing World /Temp/Autosaves/Game/Scenes/UEDPCPrototype_map.Prototype_map up for play (max tick rate 0) at 2017.07.20-15.10.30
[2017.07.20-19.10.30:743][  0]LogWorld: Bringing up level for play took: 0.014021
[2017.07.20-19.10.30:744][  0]LogSpawn:Warning: SpawnActor failed because of collision at the spawn location [X=-3778.114 Y=-66.742 Z=181.593] for [Worm_Blueprint_C]
[2017.07.20-19.10.30:744][  0]LogGameMode:Warning: SpawnDefaultPawnAtTransform: Couldn't spawn Pawn of type Worm_Blueprint_C at Rotation: 0.000000 -0.000000 0.753476 0.657476
Translation: 7908.068359 -21842.097656 195.805893
Scale3D: 1.000000 1.000000 1.000000

[2017.07.20-19.10.30:765][  0]LogLoad: Took 0.768769 seconds to LoadMap(/Temp/Autosaves/Game/Scenes/UEDPCPrototype_map)
[2017.07.20-19.10.31:054][  0]LogRenderer: Reallocating scene render targets to support 1280x720 NumSamples 1 (Frame:2).
[2017.07.20-19.10.31:054][  0]LogLoad: (Engine Initialization) Total time: 12.53 seconds
[2017.07.20-19.10.31:054][  0]LogLoad: (Engine Initialization) Total Blueprint compile time: 0.25 seconds
[2017.07.20-19.10.31:054][  0]LogExternalProfiler: No external profilers were discovered.  External profiling features will not be available.
[2017.07.20-19.10.31:071][  0]LogOcInput: OculusInput pre-init called
[2017.07.20-19.10.31:071][  0]LogRawInputWindows:Warning: Found device 0 devices
[2017.07.20-19.10.31:071][  0]LogRawInputWindows:Warning: Found device 0 devices
[2017.07.20-19.10.31:071][  0]LogRawInputWindows:Warning: Device was registered succesfully but not connected (Usage:4 UsagePage:1
[2017.07.20-19.10.35:231][120]LogWindowsTextInputMethodSystem:Display: IME system now deactivated.
[2017.07.20-19.10.35:233][120]LogEngine: All Windows Closed
[2017.07.20-19.10.35:233][120]LogWindows: FPlatformMisc::RequestExit(0)
[2017.07.20-19.10.35:273][121]LogMoviePlayer: Shutting down movie player
[2017.07.20-19.10.35:941][121]LogExit: Preparing to exit.
[2017.07.20-19.10.36:372][121]LogExit: Game engine shut down
[2017.07.20-19.10.36:432][121]LogObj: Freed 0b from 0 cluster array pools.
[2017.07.20-19.10.36:432][121]LogExit: Object subsystem successfully closed.
[2017.07.20-19.10.36:447][121]LogD3D11RHI: Shutdown
[2017.07.20-19.10.36:447][121]LogD3D11RHI: CleanupD3DDevice
[2017.07.20-19.10.36:505][121]LogD3D11RHI: ~FD3D11DynamicRHI
[2017.07.20-19.10.36:521][121]LogModuleManager: Shutting down and abandoning module SequenceRecorderSections (266)
[2017.07.20-19.10.36:521][121]LogModuleManager: Shutting down and abandoning module SequenceRecorder (264)
[2017.07.20-19.10.36:521][121]LogModuleManager: Shutting down and abandoning module AutomationController (262)
[2017.07.20-19.10.36:521][121]LogModuleManager: Shutting down and abandoning module AutomationWorker (260)
[2017.07.20-19.10.36:521][121]LogModuleManager: Shutting down and abandoning module AIModule (258)
[2017.07.20-19.10.36:521][121]LogModuleManager: Shutting down and abandoning module GameplayDebugger (257)
[2017.07.20-19.10.36:521][121]LogModuleManager: Shutting down and abandoning module AITestSuite (255)
[2017.07.20-19.10.36:521][121]LogModuleManager: Shutting down and abandoning module WmfMediaFactory (252)
[2017.07.20-19.10.36:521][121]LogModuleManager: Shutting down and abandoning module MfMediaFactory (250)
[2017.07.20-19.10.36:521][121]LogModuleManager: Shutting down and abandoning module AvfMediaFactory (248)
[2017.07.20-19.10.36:521][121]LogModuleManager: Shutting down and abandoning module AndroidMediaFactory (246)
[2017.07.20-19.10.36:521][121]LogModuleManager: Shutting down and abandoning module Media (245)
[2017.07.20-19.10.36:521][121]LogModuleManager: Shutting down and abandoning module CharacterAI (242)
[2017.07.20-19.10.36:521][121]LogModuleManager: Shutting down and abandoning module SessionServices (240)
[2017.07.20-19.10.36:521][121]LogModuleManager: Shutting down and abandoning module MovieSceneCapture (238)
[2017.07.20-19.10.36:521][121]LogModuleManager: Shutting down and abandoning module GeometryCache (236)
[2017.07.20-19.10.36:521][121]LogModuleManager: Shutting down and abandoning module GeometryCacheEd (235)
[2017.07.20-19.10.36:521][121]LogModuleManager: Shutting down and abandoning module Niagara (232)
[2017.07.20-19.10.36:521][121]LogModuleManager: Shutting down and abandoning module StreamingPauseRendering (230)
[2017.07.20-19.10.36:521][121]LogModuleManager: Shutting down and abandoning module PortalServices (228)
[2017.07.20-19.10.36:521][121]LogModuleManager: Shutting down and abandoning module PortalRpc (226)
[2017.07.20-19.10.36:521][121]LogModuleManager: Shutting down and abandoning module MessagingRpc (224)
[2017.07.20-19.10.36:521][121]LogModuleManager: Shutting down and abandoning module ProfilerService (222)
[2017.07.20-19.10.36:655][121]LogModuleManager: Shutting down and abandoning module TaskGraph (220)
[2017.07.20-19.10.36:655][121]LogModuleManager: Shutting down and abandoning module SteamVRController (218)
[2017.07.20-19.10.36:655][121]LogModuleManager: Shutting down and abandoning module SteamVR (216)
[2017.07.20-19.10.36:655][121]LogModuleManager: Shutting down and abandoning module ProceduralMeshComponent (214)
[2017.07.20-19.10.36:655][121]LogModuleManager: Shutting down and abandoning module OculusLibrary (212)
[2017.07.20-19.10.36:655][121]LogModuleManager: Shutting down and abandoning module OculusInput (210)
[2017.07.20-19.10.36:655][121]LogModuleManager: Shutting down and abandoning module MobilePatchingUtils (208)
[2017.07.20-19.10.36:655][121]LogModuleManager: Shutting down and abandoning module CustomMeshComponent (206)
[2017.07.20-19.10.36:655][121]LogModuleManager: Shutting down and abandoning module CableComponent (204)
[2017.07.20-19.10.36:655][121]LogModuleManager: Shutting down and abandoning module ArchVisCharacter (202)
[2017.07.20-19.10.36:655][121]LogModuleManager: Shutting down and abandoning module RawInput (198)
[2017.07.20-19.10.36:655][121]LogModuleManager: Shutting down and abandoning module HTML5Networking (196)
[2017.07.20-19.10.36:655][121]LogModuleManager: Shutting down and abandoning module VisualStudioSourceCodeAccess (194)
[2017.07.20-19.10.36:655][121]LogModuleManager: Shutting down and abandoning module DesktopPlatform (193)
[2017.07.20-19.10.36:655][121]LogModuleManager: Shutting down and abandoning module HotReload (191)
[2017.07.20-19.10.36:656][121]LogModuleManager: Shutting down and abandoning module DirectoryWatcher (190)
[2017.07.20-19.10.36:656][121]LogModuleManager: Shutting down and abandoning module UObjectPlugin (186)
[2017.07.20-19.10.36:656][121]LogModuleManager: Shutting down and abandoning module SubversionSourceControl (184)
[2017.07.20-19.10.36:656][121]LogModuleManager: Shutting down and abandoning module PerforceSourceControl (182)
[2017.07.20-19.10.36:656][121]LogModuleManager: Shutting down and abandoning module SourceControl (181)
[2017.07.20-19.10.36:656][121]LogModuleManager: Shutting down and abandoning module PhysXVehiclesEditor (178)
[2017.07.20-19.10.36:656][121]LogModuleManager: Shutting down and abandoning module PhysXVehicles (176)
[2017.07.20-19.10.36:656][121]LogModuleManager: Shutting down and abandoning module LocationServicesBPLibrary (174)
[2017.07.20-19.10.36:656][121]LogModuleManager: Shutting down and abandoning module UdpMessaging (172)
[2017.07.20-19.10.36:757][121]LogModuleManager: Shutting down and abandoning module TcpMessaging (170)
[2017.07.20-19.10.37:182][121]LogModuleManager: Shutting down and abandoning module GameplayTagsEditor (168)
[2017.07.20-19.10.37:182][121]LogModuleManager: Shutting down and abandoning module FacialAnimation (166)
[2017.07.20-19.10.37:182][121]LogModuleManager: Shutting down and abandoning module LightPropagationVolumeRuntime (164)
[2017.07.20-19.10.37:182][121]LogModuleManager: Shutting down and abandoning module Paper2D (162)
[2017.07.20-19.10.37:182][121]LogModuleManager: Shutting down and abandoning module WindowsMoviePlayer (160)
[2017.07.20-19.10.37:182][121]LogModuleManager: Shutting down and abandoning module WmfMedia (158)
[2017.07.20-19.10.37:182][121]LogModuleManager: Shutting down and abandoning module MfMedia (156)
[2017.07.20-19.10.37:182][121]LogModuleManager: Shutting down and abandoning module MediaAssets (154)
[2017.07.20-19.10.37:182][121]LogModuleManager: Shutting down and abandoning module GameLiveStreaming (152)
[2017.07.20-19.10.37:182][121]LogModuleManager: Shutting down and abandoning module VREditor (150)
[2017.07.20-19.10.37:182][121]LogModuleManager: Shutting down and abandoning module GameplayTasksEditor (148)
[2017.07.20-19.10.37:182][121]LogModuleManager: Shutting down and abandoning module BehaviorTreeEditor (146)
[2017.07.20-19.10.37:182][121]LogModuleManager: Shutting down and abandoning module FunctionalTesting (144)
[2017.07.20-19.10.37:182][121]LogModuleManager: Shutting down and abandoning module CollisionAnalyzer (142)
[2017.07.20-19.10.37:182][121]LogModuleManager: Shutting down and abandoning module UMG (140)
[2017.07.20-19.10.37:182][121]LogModuleManager: Shutting down and abandoning module UMGEditor (139)
[2017.07.20-19.10.37:182][121]LogModuleManager: Shutting down and abandoning module Sequencer (138)
[2017.07.20-19.10.37:182][121]LogModuleManager: Shutting down and abandoning module AssetTools (136)
[2017.07.20-19.10.37:183][121]LogModuleManager: Shutting down and abandoning module MessageLog (135)
[2017.07.20-19.10.37:183][121]LogModuleManager: Shutting down and abandoning module WorkspaceMenuStructure (134)
[2017.07.20-19.10.37:183][121]LogModuleManager: Shutting down and abandoning module SlateReflector (128)
[2017.07.20-19.10.37:183][121]LogModuleManager: Shutting down and abandoning module Slate (126)
[2017.07.20-19.10.37:183][121]LogModuleManager: Shutting down and abandoning module EditorStyle (124)
[2017.07.20-19.10.37:185][121]LogModuleManager: Shutting down and abandoning module Messaging (122)
[2017.07.20-19.10.37:185][121]LogModuleManager: Shutting down and abandoning module SourceCodeAccess (120)
[2017.07.20-19.10.37:185][121]LogModuleManager: Shutting down and abandoning module HeadMountedDisplay (118)
[2017.07.20-19.10.37:185][121]LogModuleManager: Shutting down and abandoning module XAudio2 (116)
[2017.07.20-19.10.37:185][121]LogModuleManager: Shutting down and abandoning module Networking (114)
[2017.07.20-19.10.37:185][121]LogModuleManager: Shutting down and abandoning module Core (110)
[2017.07.20-19.10.37:185][121]LogModuleManager: Shutting down and abandoning module KismetCompiler (108)
[2017.07.20-19.10.37:185][121]LogModuleManager: Shutting down and abandoning module PhysXFormats (106)
[2017.07.20-19.10.37:185][121]LogModuleManager: Shutting down and abandoning module MeshUtilities (104)
[2017.07.20-19.10.37:185][121]LogModuleManager: Shutting down and abandoning module SimplygonSwarm (103)
[2017.07.20-19.10.37:185][121]LogModuleManager: Shutting down and abandoning module SimplygonMeshReduction (101)
[2017.07.20-19.10.37:185][121]LogModuleManager: Shutting down and abandoning module QuadricMeshReduction (99)
[2017.07.20-19.10.37:185][121]LogModuleManager: Shutting down and abandoning module PropertyEditor (97)
[2017.07.20-19.10.37:185][121]LogModuleManager: Shutting down and abandoning module AssetRegistry (94)
[2017.07.20-19.10.37:186][121]LogModuleManager: Shutting down and abandoning module DerivedDataCache (92)
[2017.07.20-19.10.37:560][121]LogDerivedDataCache: Shutdown
[2017.07.20-19.10.37:560][121]LogModuleManager: Shutting down and abandoning module TargetPlatform (90)
[2017.07.20-19.10.37:560][121]LogModuleManager: Shutting down and abandoning module VulkanShaderFormat (89)
[2017.07.20-19.10.37:560][121]LogModuleManager: Shutting down and abandoning module ShaderFormatOpenGL (87)
[2017.07.20-19.10.37:560][121]LogModuleManager: Shutting down and abandoning module ShaderFormatD3D (85)
[2017.07.20-19.10.37:560][121]LogModuleManager: Shutting down and abandoning module MetalShaderFormat (83)
[2017.07.20-19.10.37:560][121]LogModuleManager: Shutting down and abandoning module TextureFormatUncompressed (81)
[2017.07.20-19.10.37:560][121]LogModuleManager: Shutting down and abandoning module TextureFormatPVR (79)
[2017.07.20-19.10.37:560][121]LogModuleManager: Shutting down and abandoning module TextureFormatDXT (77)
[2017.07.20-19.10.37:560][121]LogModuleManager: Shutting down and abandoning module TextureFormatIntelISPCTexComp (75)
[2017.07.20-19.10.37:560][121]LogModuleManager: Shutting down and abandoning module TextureFormatASTC (73)
[2017.07.20-19.10.37:560][121]LogModuleManager: Shutting down and abandoning module ImageWrapper (72)
[2017.07.20-19.10.37:560][121]LogModuleManager: Shutting down and abandoning module TextureFormatAndroid (69)
[2017.07.20-19.10.37:560][121]LogModuleManager: Shutting down and abandoning module AudioFormatOpus (67)
[2017.07.20-19.10.37:560][121]LogModuleManager: Shutting down and abandoning module AudioFormatOgg (65)
[2017.07.20-19.10.37:560][121]LogModuleManager: Shutting down and abandoning module AudioFormatADPCM (63)
[2017.07.20-19.10.37:560][121]LogModuleManager: Shutting down and abandoning module WindowsTargetPlatform (61)
[2017.07.20-19.10.37:560][121]LogModuleManager: Shutting down and abandoning module WindowsServerTargetPlatform (59)
[2017.07.20-19.10.37:560][121]LogModuleManager: Shutting down and abandoning module WindowsNoEditorTargetPlatform (57)
[2017.07.20-19.10.37:560][121]LogModuleManager: Shutting down and abandoning module WindowsClientTargetPlatform (55)
[2017.07.20-19.10.37:560][121]LogModuleManager: Shutting down and abandoning module InputCore (52)
[2017.07.20-19.10.37:560][121]LogModuleManager: Shutting down and abandoning module Settings (50)
[2017.07.20-19.10.37:560][121]LogModuleManager: Shutting down and abandoning module OculusRift (48)
[2017.07.20-19.10.37:560][121]LogModuleManager: Shutting down and abandoning module GearVR (46)
[2017.07.20-19.10.37:560][121]LogModuleManager: Shutting down and abandoning module ExampleDeviceProfileSelector (44)
[2017.07.20-19.10.37:560][121]LogModuleManager: Shutting down and abandoning module OnlineBlueprintSupport (42)
[2017.07.20-19.10.37:560][121]LogModuleManager: Shutting down and abandoning module OnlineSubsystem (38)
[2017.07.20-19.10.37:560][121]LogOnline:Display: Unloading online subsystem: NULL
[2017.07.20-19.10.37:560][121]LogModuleManager: Shutting down and abandoning module XMPP (37)
[2017.07.20-19.10.37:560][121]LogModuleManager: Shutting down and abandoning module HTTP (35)
[2017.07.20-19.10.37:582][121]LogModuleManager: Shutting down and abandoning module SSL (34)
[2017.07.20-19.10.37:584][121]LogModuleManager: Shutting down and abandoning module AudioEditor (30)
[2017.07.20-19.10.37:584][121]LogModuleManager: Shutting down and abandoning module TextureCompressor (28)
[2017.07.20-19.10.37:584][121]LogModuleManager: Shutting down and abandoning module ShaderCore (26)
[2017.07.20-19.10.37:584][121]LogModuleManager: Shutting down and abandoning module Landscape (24)
[2017.07.20-19.10.37:584][121]LogModuleManager: Shutting down and abandoning module SlateRHIRenderer (22)
[2017.07.20-19.10.37:584][121]LogModuleManager: Shutting down and abandoning module OpenGLDrv (20)
[2017.07.20-19.10.37:584][121]LogModuleManager: Shutting down and abandoning module D3D11RHI (18)
[2017.07.20-19.10.37:584][121]LogModuleManager: Shutting down and abandoning module AnimGraphRuntime (16)
[2017.07.20-19.10.37:584][121]LogModuleManager: Shutting down and abandoning module Renderer (14)
[2017.07.20-19.10.37:584][121]LogModuleManager: Shutting down and abandoning module Engine (12)
[2017.07.20-19.10.37:584][121]LogModuleManager: Shutting down and abandoning module CoreUObject (10)
[2017.07.20-19.10.37:584][121]LogModuleManager: Shutting down and abandoning module NetworkFile (8)
[2017.07.20-19.10.37:584][121]LogModuleManager: Shutting down and abandoning module StreamingFile (6)
[2017.07.20-19.10.37:584][121]LogModuleManager: Shutting down and abandoning module SandboxFile (4)
[2017.07.20-19.10.37:584][121]LogModuleManager: Shutting down and abandoning module PakFile (2)
[2017.07.20-19.10.37:586][121]LogExit: Exiting.
[2017.07.20-19.10.37:589][121]Log file closed, 07/20/17 15:10:37
