Log file open, 07/18/17 09:45:28
LogInit:Display: Running engine for game: WaterWiggler
LogPlatformFile: Not using cached read wrapper
LogInit:Display: RandInit(-743332096) SRandInit(-743332096).
LogTaskGraph: Started task graph with 5 named threads and 8 total threads with 1 sets of task threads.
LogStats: Stats thread started at 0.088636
LogInit: Using libcurl 7.47.1
LogInit:  - built for x86_64-pc-win32
LogInit:  - supports SSL with OpenSSL/1.0.2g
LogInit:  - supports HTTP deflate (compression) using libz 1.2.8
LogInit:  - other features:
LogInit:      CURL_VERSION_SSL
LogInit:      CURL_VERSION_LIBZ
LogInit:      CURL_VERSION_IPV6
LogInit:      CURL_VERSION_ASYNCHDNS
LogInit:      CURL_VERSION_LARGEFILE
LogInit:      CURL_VERSION_IDN
LogInit:  CurlRequestOptions (configurable via config and command line):
LogInit:  - bVerifyPeer = false  - Libcurl will NOT verify peer certificate
LogInit:  - bUseHttpProxy = false  - Libcurl will NOT use HTTP proxy
LogInit:  - bDontReuseConnections = false  - Libcurl will reuse connections
LogInit:  - CertBundlePath = nullptr  - Libcurl will use whatever was configured at build time.
LogInit: Build: ++UE4+Release-4.15-CL-3450819
LogInit: Engine Version: 4.15.3-3450819+++UE4+Release-4.15
LogInit: Compatible Engine Version: 4.15.0-3299760+++UE4+Release-4.15
LogInit: Net CL: 3299760
LogDevObjectVersion: Number of dev versions registered: 14
LogDevObjectVersion:   Dev-Blueprints (B0D832E4-1F89-4F0D-ACCF-7EB736FD4AA2): 8
LogDevObjectVersion:   Dev-Build (E1C64328-A22C-4D53-A36C-8E866417BD8C): 0
LogDevObjectVersion:   Dev-Core (375EC13C-06E4-48FB-B500-84F0262A717E): 2
LogDevObjectVersion:   Dev-Editor (E4B068ED-F494-42E9-A231-DA0B2E46BB41): 14
LogDevObjectVersion:   Dev-Framework (CFFC743F-43B0-4480-9391-14DF171D2073): 22
LogDevObjectVersion:   Dev-Mobile (B02B49B5-BB20-44E9-A304-32B752E40360): 0
LogDevObjectVersion:   Dev-Networking (A4E4105C-59A1-49B5-A7C5-40C4547EDFEE): 0
LogDevObjectVersion:   Dev-Online (39C831C9-5AE6-47DC-9A44-9C173E1C8E7C): 0
LogDevObjectVersion:   Dev-Physics (78F01B33-EBEA-4F98-B9B4-84EACCB95AA2): 0
LogDevObjectVersion:   Dev-Platform (6631380F-2D4D-43E0-8009-CF276956A95A): 0
LogDevObjectVersion:   Dev-Rendering (12F88B9F-8875-4AFC-A67C-D90C383ABD29): 12
LogDevObjectVersion:   Dev-Sequencer (7B5AE74C-D270-4C10-A958-57980B212A5A): 3
LogDevObjectVersion:   Dev-VR (D7296918-1DD6-4BDD-9DE2-64A83CC13884): 0
LogDevObjectVersion:   Dev-LoadTimes (C2A15278-BFE7-4AFE-6C17-90FF531DF755): 1
LogInit: Compiled (64-bit): May 21 2017 11:02:34
LogInit: Compiled with Visual C++: 19.00.23026.00
LogInit: Build Configuration: Development
LogInit: Branch Name: ++UE4+Release-4.15
LogInit: Command line:  
LogInit: Base directory: C:/Program Files/Epic Games/UE_4.15/Engine/Binaries/Win64/
LogInit: Installed Engine Build: 1
LogInit: Presizing for max 8388607 objects, including 0 objects not considered by GC, pre-allocating 0 bytes for permanent pool.
LogInit: Object subsystem initialized
[2017.07.18-13.45.29:042][  0]LogInit: Selected Device Profile: [Windows]
[2017.07.18-13.45.29:042][  0]LogInit: Applying CVar settings loaded from the selected device profile: [Windows]
[2017.07.18-13.45.29:054][  0]LogInit: Computer: EGDWS_MA_37
[2017.07.18-13.45.29:054][  0]LogInit: User: Camper
[2017.07.18-13.45.29:054][  0]LogInit: CPU Page size=65536, Cores=4
[2017.07.18-13.45.29:054][  0]LogInit: High frequency timer resolution =2.338347 MHz
[2017.07.18-13.45.29:054][  0]LogMemory: Memory total: Physical=15.6GB (16GB approx)
[2017.07.18-13.45.29:054][  0]LogMemory: Platform Memory Stats for Windows
[2017.07.18-13.45.29:054][  0]LogMemory: Process Physical Memory: 262.68 MB used, 262.68 MB peak
[2017.07.18-13.45.29:054][  0]LogMemory: Process Virtual Memory: 263.46 MB used, 263.46 MB peak
[2017.07.18-13.45.29:054][  0]LogMemory: Physical Memory: 5330.55 MB used,  10678.67 MB free, 16009.22 MB total
[2017.07.18-13.45.29:054][  0]LogMemory: Virtual Memory: 630.80 MB used,  10678.67 MB free, 134217728.00 MB total
[2017.07.18-13.45.29:143][  0]LogTextLocalizationManager: No specific translations for ('en-US') exist, so ('en') translations will be used.
[2017.07.18-13.45.29:832][  0]LogD3D11RHI: D3D11 adapters:
[2017.07.18-13.45.29:857][  0]LogD3D11RHI:    0. 'NVIDIA Quadro K1100M   ' (Feature Level 11_0)
[2017.07.18-13.45.29:857][  0]LogD3D11RHI:       1992/0/8004 MB DedicatedVideo/DedicatedSystem/SharedSystem, Outputs:1, VendorId:0x10de
[2017.07.18-13.45.29:863][  0]LogD3D11RHI:    1. 'Intel(R) HD Graphics 4600' (Feature Level 11_0)
[2017.07.18-13.45.29:863][  0]LogD3D11RHI:       112/0/2048 MB DedicatedVideo/DedicatedSystem/SharedSystem, Outputs:0, VendorId:0x8086
[2017.07.18-13.45.29:865][  0]LogD3D11RHI:    2. 'Microsoft Basic Render Driver' (Feature Level 11_0)
[2017.07.18-13.45.29:865][  0]LogD3D11RHI:       0/0/8004 MB DedicatedVideo/DedicatedSystem/SharedSystem, Outputs:0, VendorId:0x1414
[2017.07.18-13.45.29:865][  0]LogD3D11RHI: Chosen D3D11 Adapter: 0
[2017.07.18-13.45.29:868][  0]LogD3D11RHI: Creating new Direct3DDevice
[2017.07.18-13.45.29:868][  0]LogD3D11RHI:     GPU DeviceId: 0xff6 (for the marketing name, search the web for "GPU Device Id")
[2017.07.18-13.45.29:868][  0]LogWindows: EnumDisplayDevices:
[2017.07.18-13.45.29:869][  0]LogWindows:    0. 'Intel(R) HD Graphics 4600' (P:1 D:1)
[2017.07.18-13.45.29:869][  0]LogWindows:    1. 'Intel(R) HD Graphics 4600' (P:0 D:0)
[2017.07.18-13.45.29:869][  0]LogWindows:    2. 'Intel(R) HD Graphics 4600' (P:0 D:0)
[2017.07.18-13.45.29:869][  0]LogWindows: DebugString: PrimaryIsNotTheChoosenAdapter PrimaryIsNotTheChoosenAdapter PrimaryIsNotTheChoosenAdapter FoundDriverCount:0 
[2017.07.18-13.45.29:869][  0]LogD3D11RHI:     Adapter Name: NVIDIA Quadro K1100M   
[2017.07.18-13.45.29:869][  0]LogD3D11RHI:   Driver Version: Unknown (internal:Unknown, unified:Unknown)
[2017.07.18-13.45.29:869][  0]LogD3D11RHI:      Driver Date: Unknown
[2017.07.18-13.45.29:869][  0]LogRHI: Texture pool is 1361 MB (70% of 1945 MB)
[2017.07.18-13.45.29:884][  0]LogD3D11RHI:Warning: Timestamp queries are currently disabled on this hardware due to instability. Realtime GPU stats will not be available. You can override this behaviour by setting r.NVIDIATimestampWorkaround to 0
[2017.07.18-13.45.29:889][  0]LogD3D11RHI: NvAPI_D3D_GetCurrentSLIState failed: 0xfffffff7
[2017.07.18-13.45.29:889][  0]LogD3D11RHI: Async texture creation enabled
[2017.07.18-13.45.29:906][  0]LogD3D11RHI: GPU Timing Frequency: 1000.000000 (Debug: 2 2)
[2017.07.18-13.45.29:906][  0]LogShaderCompilers: Guid format shader working directory is -35 characters bigger than the processId version (../../../../../../Users/Camper/Documents/GitHub/Wiggler/UnrealProject/WaterWiggler/Intermediate/Shaders/WorkingDirectory/3112/).
[2017.07.18-13.45.29:906][  0]LogShaderCompilers: Cleaned the shader compiler working directory 'C:/Users/Camper/AppData/Local/Temp/UnrealShaderWorkingDir/0A3252DF41811EDFA6CDFC9DBDFF79B2/'.
[2017.07.18-13.45.29:906][  0]LogShaderCompilers:Display: Using Local Shader Compiler.
[2017.07.18-13.45.31:207][  0]LogTemp:Display: Loaded TP AllDesktopTargetPlatform
[2017.07.18-13.45.31:279][  0]LogTemp:Display: Loaded TP MacClientTargetPlatform
[2017.07.18-13.45.31:349][  0]LogTemp:Display: Loaded TP MacNoEditorTargetPlatform
[2017.07.18-13.45.31:418][  0]LogTemp:Display: Loaded TP MacServerTargetPlatform
[2017.07.18-13.45.31:491][  0]LogTemp:Display: Loaded TP MacTargetPlatform
[2017.07.18-13.45.31:560][  0]LogTemp:Display: Loaded TP WindowsClientTargetPlatform
[2017.07.18-13.45.31:629][  0]LogTemp:Display: Loaded TP WindowsNoEditorTargetPlatform
[2017.07.18-13.45.31:702][  0]LogTemp:Display: Loaded TP WindowsServerTargetPlatform
[2017.07.18-13.45.31:762][  0]LogTemp:Display: Loaded TP WindowsTargetPlatform
[2017.07.18-13.45.31:829][  0]LogTemp:Display: Loaded TP AndroidTargetPlatform
[2017.07.18-13.45.31:898][  0]LogTemp:Display: Loaded TP Android_ASTCTargetPlatform
[2017.07.18-13.45.31:966][  0]LogTemp:Display: Loaded TP Android_ATCTargetPlatform
[2017.07.18-13.45.32:035][  0]LogTemp:Display: Loaded TP Android_DXTTargetPlatform
[2017.07.18-13.45.32:103][  0]LogTemp:Display: Loaded TP Android_ETC1TargetPlatform
[2017.07.18-13.45.32:172][  0]LogTemp:Display: Loaded TP Android_ETC2TargetPlatform
[2017.07.18-13.45.32:311][  0]LogTemp:Display: Loaded TP Android_MultiTargetPlatform
[2017.07.18-13.45.32:311][  0]LogTemp:Display: Loaded TP Android_PVRTCTargetPlatform
[2017.07.18-13.45.32:361][  0]LogTemp:Display: Loaded TP HTML5TargetPlatform
[2017.07.18-13.45.32:481][  0]LogTemp:Display: Loaded TP IOSTargetPlatform
[2017.07.18-13.45.32:520][  0]LogTemp:Display: Loaded TP TVOSTargetPlatform
[2017.07.18-13.45.32:591][  0]LogTemp:Display: Loaded TP LinuxClientTargetPlatform
[2017.07.18-13.45.32:660][  0]LogTemp:Display: Loaded TP LinuxNoEditorTargetPlatform
[2017.07.18-13.45.32:729][  0]LogTemp:Display: Loaded TP LinuxServerTargetPlatform
[2017.07.18-13.45.32:796][  0]LogTemp:Display: Loaded TP LinuxTargetPlatform
[2017.07.18-13.45.32:796][  0]LogTargetPlatformManager:Display: Building Assets For Windows
[2017.07.18-13.45.33:351][  0]LogDerivedDataCache:Display: Max Cache Size: 512 MB
[2017.07.18-13.45.33:398][  0]LogDerivedDataCache: Loaded boot cache 0.05s 51MB C:/Users/Camper/AppData/Local/UnrealEngine/4.15/DerivedDataCache/Boot.ddc.
[2017.07.18-13.45.33:398][  0]LogDerivedDataCache:Display: Loaded Boot cache: C:/Users/Camper/AppData/Local/UnrealEngine/4.15/DerivedDataCache/Boot.ddc
[2017.07.18-13.45.33:398][  0]LogDerivedDataCache: FDerivedDataBackendGraph:  Pak pak cache file ../../../../../../Users/Camper/Documents/GitHub/Wiggler/UnrealProject/WaterWiggler/DerivedDataCache/DDC.ddp not found, will not use a pak cache.
[2017.07.18-13.45.33:398][  0]LogDerivedDataCache: Unable to find inner node Pak for hierarchical cache Hierarchy.
[2017.07.18-13.45.33:398][  0]LogDerivedDataCache: FDerivedDataBackendGraph:  CompressedPak pak cache file ../../../../../../Users/Camper/Documents/GitHub/Wiggler/UnrealProject/WaterWiggler/DerivedDataCache/Compressed.ddp not found, will not use a pak cache.
[2017.07.18-13.45.33:398][  0]LogDerivedDataCache: Unable to find inner node CompressedPak for hierarchical cache Hierarchy.
[2017.07.18-13.45.33:425][  0]LogDerivedDataCache:Display: Pak cache opened for reading ../../../Engine/DerivedDataCache/Compressed.ddp.
[2017.07.18-13.45.33:438][  0]LogDerivedDataCache: Using Local data cache path C:/Users/Camper/AppData/Local/UnrealEngine/Common/DerivedDataCache: Writable
[2017.07.18-13.45.33:447][  0]LogSlate: Using Freetype 2.6.0
[2017.07.18-13.45.33:448][  0]LogSlate: SlateFontCache - WITH_FREETYPE: 1, WITH_HARFBUZZ: 1
[2017.07.18-13.45.33:448][  0]LogSlate: SlateFontCache - WITH_FREETYPE: 1, WITH_HARFBUZZ: 1
[2017.07.18-13.45.33:779][  0]LogInit: Selected Device Profile: [Windows]
[2017.07.18-13.45.33:782][  0]LogContentStreaming: Texture pool size is 0.00 MB
[2017.07.18-13.45.34:042][  0]LogMeshUtilities: Using QuadricMeshReduction for automatic static mesh reduction
[2017.07.18-13.45.34:101][  0]LogSimplygon: Simplygon DLL not present - disabling.
[2017.07.18-13.45.34:168][  0]LogMeshUtilities: Using SimplygonSwarm for distributed automatic mesh merging
[2017.07.18-13.45.34:168][  0]LogMeshUtilities: No automatic skeletal mesh reduction module available
[2017.07.18-13.45.34:169][  0]LogMeshUtilities: No automatic mesh merging module available
[2017.07.18-13.45.34:757][  0]LogNetVersion: GetLocalNetworkVersion: CL: 3299760, ProjectName: waterwiggler, ProjectVersion: , EngineNetworkVersion: 2, GameNetworkVersion: 0, NetworkChecksum: 1685917286
[2017.07.18-13.45.34:806][  0]LogAssetRegistry: FAssetRegistry took 0.0220 seconds to start up
[2017.07.18-13.45.34:881][  0]LogPackageLocalizationCache: Processed 3 localized package path(s) for 2 prioritized culture(s) in 0.048814 seconds
[2017.07.18-13.45.34:887][  0]LogUObjectArray: 32493 objects as part of root set at end of initial load.
[2017.07.18-13.45.34:887][  0]LogUObjectAllocator: 7077024 out of 0 bytes used by permanent object pool.
[2017.07.18-13.45.34:887][  0]LogUObjectArray: CloseDisregardForGC: 0/0 objects in disregard for GC pool
[2017.07.18-13.45.34:967][  0]LogInit: WinSock: version 1.1 (2.2), MaxSocks=32767, MaxUdp=65467
[2017.07.18-13.45.37:029][  0]LogTcpMessaging: Initializing TcpMessaging bridge
[2017.07.18-13.45.37:079][  0]LogUdpMessaging: Initializing bridge on interface 0.0.0.0:0 to multicast group 230.0.0.1:6666.
[2017.07.18-13.45.37:676][  0]LogMaterial: Uniform references updated for custom material expression Custom.
[2017.07.18-13.45.38:174][  0]SourceControl: Info Source control is disabled
[2017.07.18-13.45.38:175][  0]SourceControl: Info Source control is disabled
[2017.07.18-13.45.38:240][  0]SourceControl: Info Source control is disabled
[2017.07.18-13.45.38:303][  0]SourceControl: Info Source control is disabled
[2017.07.18-13.45.40:084][  0]LogEngine: Initializing Engine...
[2017.07.18-13.45.40:085][  0]LogHMD: Failed to initialize OpenVR with code 110
[2017.07.18-13.45.40:197][  0]LogStats: UGameplayTagsManager::ConstructGameplayTagTree: Construct from data asset -  0.000 s
[2017.07.18-13.45.40:197][  0]LogStats: UGameplayTagsManager::ConstructGameplayTagTree: GameplayTagTreeChangedEvent.Broadcast -  0.000 s
[2017.07.18-13.45.40:358][  0]LogAIModule: Creating AISystem for world Untitled
[2017.07.18-13.45.40:364][  0]LogInit: XAudio2 using 'Speaker/HP (Realtek High Definition Audio)' : 2 channels at 48 kHz using 32 bits per sample (channel mask 0x3)
[2017.07.18-13.45.40:474][  0]LogInit: FAudioDevice initialized.
[2017.07.18-13.45.40:502][  0]LogDerivedDataCache: Saved boot cache 0.03s 50MB C:/Users/Camper/AppData/Local/UnrealEngine/4.15/DerivedDataCache/Boot.ddc.
[2017.07.18-13.45.40:505][  0]LogInit: Texture streaming: Enabled
[2017.07.18-13.45.40:617][  0]LogEngineSessionManager: EngineSessionManager initialized
[2017.07.18-13.45.40:733][  0]LogInit: Transaction tracking system initialized
[2017.07.18-13.45.41:202][  0]BlueprintLog: New page: Editor Load
[2017.07.18-13.45.42:387][  0]LocalizationService: Info Localization service is disabled
[2017.07.18-13.45.43:283][  0]LogConsoleResponse:Display: 
[2017.07.18-13.45.43:429][  0]LogCook:Display: Max memory allowance for cook 16384mb min free memory 0mb
[2017.07.18-13.45.43:429][  0]LogCook:Display: Mobile HDR setting 1
[2017.07.18-13.45.44:758][  0]LogFileCache: Scanning file cache for directory 'C:/Users/Camper/Documents/GitHub/Wiggler/UnrealProject/WaterWiggler/Content/' took 0.02s
[2017.07.18-13.45.44:817][  0]SourceControl: Info Source control is disabled
[2017.07.18-13.45.44:817][  0]Cmd: MAP LOAD FILE="../../../../../../Users/Camper/Documents/GitHub/Wiggler/UnrealProject/WaterWiggler/Content/VehicleBP/Maps/VehicleExampleMap.umap" TEMPLATE=0 SHOWPROGRESS=1 FEATURELEVEL=3
[2017.07.18-13.45.44:817][  0]LightingResults: New page: Lighting Build
[2017.07.18-13.45.44:870][  0]MapCheck: New page: Map Check
[2017.07.18-13.45.44:870][  0]LightingResults: New page: Lighting Build
[2017.07.18-13.45.45:180][  0]LogBlueprint:Warning: [Compiler Sedan] Warning Get Input Axis references unknown Axis 'LookUp' for  Get LookUp
[2017.07.18-13.45.45:181][  0]LogBlueprint:Warning: [Compiler Sedan] Warning Get Input Axis references unknown Axis 'LookRight' for  Get LookRight
[2017.07.18-13.45.45:187][  0]LogBlueprint:Warning: [Compiler Sedan] Warning [0018.52] Compile of Sedan successful, but with 2 Warning(s) [in 11 ms] (/Game/VehicleBP/Sedan/Sedan.Sedan)
[2017.07.18-13.45.45:187][  0]LogBlueprint:Warning: [Compiler Sedan] Warning [0018.52] Compile of Sedan successful, but with 3 Warning(s) [in 0 ms] (/Game/VehicleBP/Sedan/Sedan.Sedan)
[2017.07.18-13.45.45:187][  0]LogBlueprint:Warning: [Compiler Sedan] Warning [0018.52] Compile of Sedan successful, but with 4 Warning(s) [in 0 ms] (/Game/VehicleBP/Sedan/Sedan.Sedan)
[2017.07.18-13.45.45:219][  0]LogBlueprint:Warning: [Compiler Sedan] Warning Get Input Axis references unknown Axis 'LookUp' for  Get LookUp
[2017.07.18-13.45.45:220][  0]LogBlueprint:Warning: [Compiler Sedan] Warning Get Input Axis references unknown Axis 'LookRight' for  Get LookRight
[2017.07.18-13.45.45:226][  0]LogBlueprint:Warning: [Compiler Sedan] Warning [0018.56] Compile of Sedan successful, but with 2 Warning(s) [in 11 ms] (/Game/VehicleBP/Sedan/Sedan.Sedan)
[2017.07.18-13.45.45:226][  0]LogBlueprint:Warning: [Compiler Sedan] Warning [0018.56] Compile of Sedan successful, but with 3 Warning(s) [in 0 ms] (/Game/VehicleBP/Sedan/Sedan.Sedan)
[2017.07.18-13.45.45:227][  0]LogBlueprint:Warning: [Compiler Sedan] Warning [0018.56] Compile of Sedan successful, but with 4 Warning(s) [in 0 ms] (/Game/VehicleBP/Sedan/Sedan.Sedan)
[2017.07.18-13.45.45:478][  0]LogAIModule: Creating AISystem for world VehicleExampleMap
[2017.07.18-13.45.45:510][  0]LogEditorServer: Finished looking for orphan Actors (0.000 secs)
[2017.07.18-13.45.45:511][  0]Cmd: MAP CHECKDEP NOCLEARLOG
[2017.07.18-13.45.45:599][  0]MapCheck: Info Map check complete: 0 Error(s), 0 Warning(s), took 87.803ms to complete.
[2017.07.18-13.45.45:599][  0]LogFileHelpers: Loading map 'VehicleExampleMap' took 0.782
[2017.07.18-13.45.45:652][  0]LogWindowsTextInputMethodSystem:Display: IME system now deactivated.
[2017.07.18-13.45.45:783][  0]LogCollectionManager: Loaded 0 collections in 0.002497 seconds
[2017.07.18-13.45.45:881][  0]LogFileCache: Scanning file cache for directory 'C:/Users/Camper/Documents/GitHub/Wiggler/UnrealProject/WaterWiggler/Saved/Collections/' took 0.01s
[2017.07.18-13.45.45:881][  0]LogFileCache: Scanning file cache for directory 'C:/Users/Camper/Documents/GitHub/Wiggler/UnrealProject/WaterWiggler/Content/Developers/Camper/Collections/' took 0.01s
[2017.07.18-13.45.45:881][  0]LogFileCache: Scanning file cache for directory 'C:/Users/Camper/Documents/GitHub/Wiggler/UnrealProject/WaterWiggler/Content/Collections/' took 0.01s
[2017.07.18-13.45.45:881][  0]LogCollectionManager: Rebuilt the GUID cache for 0 collections in 0.000002 seconds
[2017.07.18-13.45.45:891][  0]LogContentBrowser: Native class hierarchy populated in 0.0097 seconds. Added 2247 classes and 456 folders.
[2017.07.18-13.45.45:979][  0]LogContentBrowser: Native class hierarchy updated for 'WidgetCarousel' in 0.0008 seconds. Added 0 classes and 0 folders.
[2017.07.18-13.45.46:039][  0]LogContentBrowser: Native class hierarchy updated for 'AddContentDialog' in 0.0006 seconds. Added 0 classes and 0 folders.
[2017.07.18-13.45.46:113][  0]LogContentBrowser: Native class hierarchy updated for 'SceneOutliner' in 0.0006 seconds. Added 1 classes and 2 folders.
[2017.07.18-13.45.46:238][  0]LogCrashTracker: Crashtracker disabled due to settings.
[2017.07.18-13.45.46:244][  0]LogUObjectGlobals:Warning: Failed to find object 'Class None.'
[2017.07.18-13.45.46:335][  0]LogContentBrowser: Native class hierarchy updated for 'HierarchicalLODOutliner' in 0.0006 seconds. Added 1 classes and 2 folders.
[2017.07.18-13.45.46:335][  0]LogLoad: (Engine Initialization) Total time: 19.67 seconds
[2017.07.18-13.45.46:335][  0]LogLoad: (Engine Initialization) Total Blueprint compile time: 0.26 seconds
[2017.07.18-13.45.46:335][  0]LogExternalProfiler: No external profilers were discovered.  External profiling features will not be available.
[2017.07.18-13.45.46:353][  0]LogOcInput: OculusInput pre-init called
[2017.07.18-13.45.46:353][  0]LogRawInputWindows:Warning: Found device 0 devices
[2017.07.18-13.45.46:354][  0]LogRawInputWindows:Warning: Found device 0 devices
[2017.07.18-13.45.46:354][  0]LogRawInputWindows:Warning: Device was registered succesfully but not connected (Usage:4 UsagePage:1
[2017.07.18-13.45.46:381][  0]LogContentStreaming: Texture pool size now 1000 MB
[2017.07.18-13.45.46:383][  0]LogSlate: Took 0.000357 seconds to synchronously load lazily loaded font '../../../Engine/Content/Slate/Fonts/Roboto-Regular.ttf' (155K)
[2017.07.18-13.45.46:387][  0]LogSlate: Took 0.000379 seconds to synchronously load lazily loaded font '../../../Engine/Content/Slate/Fonts/Roboto-Bold.ttf' (160K)
[2017.07.18-13.45.46:393][  0]LogSlate: Took 0.000236 seconds to synchronously load lazily loaded font '../../../Engine/Content/Editor/Slate/Fonts/FontAwesome.ttf' (139K)
[2017.07.18-13.45.46:530][  0]LogSlate: Took 0.000623 seconds to synchronously load lazily loaded font '../../../Engine/Content/Slate/Fonts/Roboto-Light.ttf' (159K)
[2017.07.18-13.45.46:588][  0]LogRenderer: Reallocating scene render targets to support 1208x576 NumSamples 1 (Frame:2).
[2017.07.18-13.45.46:664][  1]LogScriptCore:Warning: Script Msg: Attempted to access index 0 from array CallFunc_GetAllActorsOfClass_OutActors of length 0!
[2017.07.18-13.45.46:664][  1]LogScript:Warning: Accessed None trying to read property CallFunc_Array_Get_Item
	Worm_Blueprint_C /Engine/Transient.World_1:PersistentLevel.Worm_Blueprint_C_0
	Function /Game/Blueprints/Worm_Blueprint.Worm_Blueprint_C:UserConstructionScript:008D
[2017.07.18-13.45.46:722][  2]LogAssetRegistry: Asset discovery search completed in 11.9377 seconds
[2017.07.18-13.45.46:722][  2]LogCollectionManager: Rebuilt the object cache for 0 collections in 0.000007 seconds (found 0 objects)
[2017.07.18-13.45.46:722][  2]LogCollectionManager: Fixed up redirectors for 0 collections in 0.000022 seconds (updated 0 objects)
[2017.07.18-13.46.19:709][962]LogSlate: Took 0.000269 seconds to synchronously load lazily loaded font '../../../Engine/Content/Slate/Fonts/Roboto-Light.ttf' (159K)
[2017.07.18-13.46.19:729][962]LogFactory: FactoryCreateFile: StaticMesh with FbxFactory (0 0 ../../../../../../Users/Camper/Documents/GitHub/Wiggler/UnrealProject/WaterWiggler/Import/worm_3.fbx)
[2017.07.18-13.46.19:878][962]LogFbx: ItemName: GlobalSettings, ItemCount : 1
[2017.07.18-13.46.19:878][962]LogFbx: ItemName: AnimationStack, ItemCount : 1
[2017.07.18-13.46.19:878][962]LogFbx: ItemName: AnimationLayer, ItemCount : 1
[2017.07.18-13.46.19:878][962]LogFbx: ItemName: Geometry, ItemCount : 7
[2017.07.18-13.46.19:878][962]LogFbx: ItemName: Material, ItemCount : 1
[2017.07.18-13.46.19:878][962]LogFbx: ItemName: Texture, ItemCount : 1
[2017.07.18-13.46.19:878][962]LogFbx: ItemName: Model, ItemCount : 22
[2017.07.18-13.46.19:878][962]LogFbx: ItemName: NodeAttribute, ItemCount : 15
[2017.07.18-13.46.19:878][962]LogFbx: ItemName: AnimationCurveNode, ItemCount : 30
[2017.07.18-13.46.19:878][962]LogFbx: ItemName: CollectionExclusive, ItemCount : 1
[2017.07.18-13.46.19:878][962]LogFbx: ItemName: AnimationCurve, ItemCount : 27
[2017.07.18-13.46.19:878][962]LogFbx: ItemName: Pose, ItemCount : 1
[2017.07.18-13.46.19:878][962]LogFbx: ItemName: Deformer, ItemCount : 10
[2017.07.18-13.46.19:878][962]LogFbx: ItemName: Video, ItemCount : 1
[2017.07.18-13.46.19:913][962]LogFbx: Loading FBX Scene from ../../../../../../Users/Camper/Documents/GitHub/Wiggler/UnrealProject/WaterWiggler/Import/worm_3.fbx
[2017.07.18-13.46.19:939][962]LogFbx: FBX Scene Loaded Succesfully
[2017.07.18-13.46.22:491][962]LogSlate: Took 0.000352 seconds to synchronously load lazily loaded font '../../../Engine/Content/Slate/Fonts/Roboto-Light.ttf' (159K)
[2017.07.18-13.50.58:620][962]LogFbx: Loading FBX Scene from ../../../../../../Users/Camper/Documents/GitHub/Wiggler/UnrealProject/WaterWiggler/Import/worm_3.fbx
[2017.07.18-13.50.58:633][962]LogFbx: FBX Scene Loaded Succesfully
[2017.07.18-13.50.58:657][962]LogFbx: =================================================
[2017.07.18-13.50.58:657][962]LogFbx: Dumping Node START [worm_body] 
[2017.07.18-13.50.58:657][962]LogFbx: 	Total Deformer Count 1987196288.
[2017.07.18-13.50.58:657][962]LogFbx: 		[Node 1]  (Type Skin).
[2017.07.18-13.50.58:657][962]LogFbx: =================================================
[2017.07.18-13.50.58:657][962]LogFbx: 	Attribute () Type (4).
[2017.07.18-13.50.58:657][962]LogFbx: 		[Node Attribute Child 1] worm_body (Type Mesh).
[2017.07.18-13.50.58:657][962]LogFbx: Dumping Node END [worm_body]
[2017.07.18-13.50.58:658][962]LogFbx: =================================================
[2017.07.18-13.50.58:658][962]LogFbx: Dumping Node START [worm_body] 
[2017.07.18-13.50.58:658][962]LogFbx: 	Total Deformer Count 1987196288.
[2017.07.18-13.50.58:658][962]LogFbx: 		[Node 1]  (Type Skin).
[2017.07.18-13.50.58:658][962]LogFbx: =================================================
[2017.07.18-13.50.58:658][962]LogFbx: 	Attribute () Type (4).
[2017.07.18-13.50.58:658][962]LogFbx: 		[Node Attribute Child 1] worm_body (Type Mesh).
[2017.07.18-13.50.58:658][962]LogFbx: Dumping Node END [worm_body]
[2017.07.18-13.50.58:668][962]LogFbx: Valid bind pose for Pose (skinCluster1) - worm_body
[2017.07.18-13.50.58:687][962]LogLinker: Can't find file '/Game/Import/lambert3'
[2017.07.18-13.50.58:687][962]LogLinker: Can't find file '/Game/Import/lambert3'
[2017.07.18-13.50.58:687][962]LogMaterial:Warning: Material /Game/Import/lambert3.lambert3 needed to have new flag set bUsedWithSkeletalMesh !
[2017.07.18-13.50.58:688][962]LogMaterial: Missing cached shader map for material lambert3, compiling. 
[2017.07.18-13.50.58:689][962]LogTemp:Display: Added material ShaderMap 0x000001E133D4E780 with Material 0x000001E149352080 to ShaderMapsBeingCompiled
[2017.07.18-13.50.58:733][962]LogTemp:Display: Kicking off shader compilation for lambert3, GameThreadShaderMap 0x000001E133D4E780
[2017.07.18-13.50.58:736][962]LogMaterial: 0.00 seconds spent updating 1 materials, 1 interfaces, 0 instances, 0 with static permutations.
[2017.07.18-13.50.58:736][962]LogLinker: Can't find file '/Game/Import/char_testUV'
[2017.07.18-13.50.58:736][962]LogLinker: Can't find file '/Game/Import/char_testUV'
[2017.07.18-13.50.58:773][962]LogTexture:Display: Building textures: char_testUV (AutoDXT, 1024X1024) - 103 MB total VRAM
[2017.07.18-13.50.58:962][962]LogMaterial: Missing cached shader map for material lambert3, compiling. 
[2017.07.18-13.50.58:963][962]LogTemp:Display: Added material ShaderMap 0x000001E175FACF00 with Material 0x000001E149352080 to ShaderMapsBeingCompiled
[2017.07.18-13.50.59:015][962]LogTemp:Display: Kicking off shader compilation for lambert3, GameThreadShaderMap 0x000001E175FACF00
[2017.07.18-13.50.59:026][962]LogFbx: Triangulating skeletal mesh worm_body
[2017.07.18-13.50.59:168][962]LogFbx:Warning: Bones digested - 11  Depth of hierarchy - 8
[2017.07.18-13.50.59:205][962]LogSkeletalMesh: Section 0: 383 vertices, 9 active bones
[2017.07.18-13.50.59:206][962]LogSkeletalMesh: Section 0: Material=0, 574 triangles
[2017.07.18-13.50.59:221][962]LogLinker: Can't find file '/Game/Import/worm_3_PhysicsAsset'
[2017.07.18-13.50.59:221][962]LogLinker: Can't find file '/Game/Import/worm_3_PhysicsAsset'
[2017.07.18-13.50.59:238][962]LogLinker: Can't find file '/Game/Import/worm_3_Skeleton'
[2017.07.18-13.50.59:239][962]LogLinker: Can't find file '/Game/Import/worm_3_Skeleton'
[2017.07.18-13.50.59:256][962]LogFbx: =================================================
[2017.07.18-13.50.59:256][962]LogFbx: Dumping Node START [worm_body] 
[2017.07.18-13.50.59:256][962]LogFbx: 	Total Deformer Count 1206635904.
[2017.07.18-13.50.59:256][962]LogFbx: 		[Node 1]  (Type Skin).
[2017.07.18-13.50.59:256][962]LogFbx: =================================================
[2017.07.18-13.50.59:256][962]LogFbx: 	Attribute () Type (4).
[2017.07.18-13.50.59:256][962]LogFbx: 		[Node Attribute Child 1] worm_body (Type Mesh).
[2017.07.18-13.50.59:256][962]LogFbx: Dumping Node END [worm_body]
[2017.07.18-13.50.59:256][962]LogFbx: =================================================
[2017.07.18-13.50.59:256][962]LogFbx: Dumping Node START [worm_body] 
[2017.07.18-13.50.59:256][962]LogFbx: 	Total Deformer Count 1206635904.
[2017.07.18-13.50.59:256][962]LogFbx: 		[Node 1]  (Type Skin).
[2017.07.18-13.50.59:256][962]LogFbx: =================================================
[2017.07.18-13.50.59:256][962]LogFbx: 	Attribute () Type (4).
[2017.07.18-13.50.59:256][962]LogFbx: 		[Node Attribute Child 1] worm_body (Type Mesh).
[2017.07.18-13.50.59:256][962]LogFbx: Dumping Node END [worm_body]
[2017.07.18-13.50.59:272][962]LogFbx: SortedLinks :(0) loc_ctrl
[2017.07.18-13.50.59:272][962]LogFbx: SortedLinks :(1) transform2
[2017.07.18-13.50.59:272][962]LogFbx: SortedLinks :(2) root
[2017.07.18-13.50.59:272][962]LogFbx: SortedLinks :(3) joint7
[2017.07.18-13.50.59:272][962]LogFbx: SortedLinks :(4) joint8
[2017.07.18-13.50.59:272][962]LogFbx: SortedLinks :(5) joint9
[2017.07.18-13.50.59:272][962]LogFbx: SortedLinks :(6) joint5
[2017.07.18-13.50.59:272][962]LogFbx: SortedLinks :(7) joint4
[2017.07.18-13.50.59:272][962]LogFbx: SortedLinks :(8) joint3
[2017.07.18-13.50.59:272][962]LogFbx: SortedLinks :(9) joint2
[2017.07.18-13.50.59:272][962]LogFbx: SortedLinks :(10) joint1
[2017.07.18-13.50.59:272][962]LogFbx: Parsing AnimStack Take 001
[2017.07.18-13.50.59:306][962]LogLinker: Can't find file '/Game/Import/worm_idle'
[2017.07.18-13.50.59:307][962]LogLinker: Can't find file '/Game/Import/worm_idle'
[2017.07.18-13.50.59:309][962]LogSlate: Took 0.000285 seconds to synchronously load lazily loaded font '../../../Engine/Content/Slate/Fonts/Roboto-Regular.ttf' (155K)
[2017.07.18-13.50.59:402][962]LogAnimationCompression: Building Anim DDC data for AnimSequence /Game/Import/worm_idle.worm_idle
[2017.07.18-13.50.59:450][962]FBXImport:Warning: Warning Mesh [Geometry have no name] in the fbx file is not reference by any hierarchy node. 
[2017.07.18-13.50.59:450][962]FBXImport:Warning: Warning Mesh [Geometry have no name] in the fbx file is not reference by any hierarchy node. 
[2017.07.18-13.50.59:450][962]FBXImport:Warning: Warning Mesh [Geometry have no name] in the fbx file is not reference by any hierarchy node. 
[2017.07.18-13.50.59:450][962]FBXImport:Warning: Warning Mesh [Geometry have no name] in the fbx file is not reference by any hierarchy node. 
[2017.07.18-13.50.59:450][962]FBXImport:Warning: Warning Mesh [Geometry have no name] in the fbx file is not reference by any hierarchy node. 
[2017.07.18-13.50.59:450][962]FBXImport:Warning: Warning Mesh [Geometry have no name] in the fbx file is not reference by any hierarchy node. 
[2017.07.18-13.50.59:450][962]FBXImport:Warning: Warning No smoothing group information was found in this FBX scene.  Please make sure to enable the 'Export Smoothing Groups' option in the FBX Exporter plug-in before exporting the file.  Even for tools that don't support smoothing groups, the FBX Exporter will generate appropriate smoothing data at export-time so that correct vertex normals can be inferred while importing. 
[2017.07.18-13.51.02:286][ 50]LogTemp:Display: Finished compile of shader map 0x000001E133D4E780
[2017.07.18-13.51.02:286][ 50]LogTemp:Display: Shader map lambert3 complete, GameThreadShaderMap 0x000001E133D4E780, marking material lambert3 as finished
[2017.07.18-13.51.02:286][ 50]LogTemp:Display: Marking material as finished 0x000001E149352080
[2017.07.18-13.51.03:467][ 77]LogContentBrowser: Native class hierarchy updated for 'SkeletonEditor' in 0.0010 seconds. Added 1 classes and 2 folders.
[2017.07.18-13.51.03:846][ 77]LogActorComponent: RegisterComponentWithWorld: (/Engine/Transient.World_6:PersistentLevel.Actor_0.DebugSkelMeshComponent_0) Already registered. Aborting.
[2017.07.18-13.51.03:981][ 77]LogSkeletalMesh: USkeletalMeshComponent::InitArticulated : Bodies already created (/Engine/Transient.World_6:PersistentLevel.Actor_0.DebugSkelMeshComponent_0) - call TermArticulated first.
[2017.07.18-13.51.06:090][111]LogTemp:Display: Finished compile of shader map 0x000001E175FACF00
[2017.07.18-13.51.06:090][111]LogTemp:Display: Shader map lambert3 complete, GameThreadShaderMap 0x000001E175FACF00, marking material lambert3 as finished
[2017.07.18-13.51.06:090][111]LogTemp:Display: Marking material as finished 0x000001E149352080
[2017.07.18-13.51.51:807][970]LogObjectTools:Warning: ForceReplaceReferences replaced references for a transient object 'AnimPreviewInstance_0' or package '/Engine/Transient'.
[2017.07.18-13.51.51:812][970]LogMaterial: Missing cached shader map for material lambert3, compiling. 
[2017.07.18-13.51.51:812][970]LogMaterial:Warning: Failed to compile Material /Game/Import/lambert3.lambert3 for platform PCD3D_SM5, Default Material will be used in game.
[2017.07.18-13.51.51:812][970]LogMaterial:Warning: 	(Node TextureSample) TextureSample> Missing input texture
[2017.07.18-13.51.51:830][970]LogObjectTools:Warning: ForceReplaceReferences replaced references for a transient object 'worm_idle' or package '/Engine/Transient'.
[2017.07.18-13.51.51:830][970]LogObjectTools:Warning: ForceReplaceReferences replaced references for a transient object 'DebugSkelMeshComponent_0' or package '/Engine/Transient'.
[2017.07.18-13.51.51:830][970]LogObjectTools:Warning: ForceReplaceReferences replaced references for a transient object 'AnimPreviewInstance_1' or package '/Engine/Transient'.
[2017.07.18-13.51.51:830][970]LogObjectTools:Warning: ForceReplaceReferences replaced references for a transient object 'DebugSkelMeshComponent_2' or package '/Engine/Transient'.
[2017.07.18-13.51.51:830][970]LogObjectTools:Warning: ForceReplaceReferences replaced references for a transient object 'AnimPreviewInstance_3' or package '/Engine/Transient'.
[2017.07.18-13.51.59:358][290]LogTemp: Repeting last play command: Selected Viewport
[2017.07.18-13.51.59:374][290]LogBlueprintUserMessages: Early PlayInEditor Detection: Level '/Game/VehicleBP/Maps/VehicleExampleMap.VehicleExampleMap:PersistentLevel' has LevelScriptBlueprint '/Game/VehicleBP/Maps/VehicleExampleMap.VehicleExampleMap:PersistentLevel.VehicleExampleMap' with GeneratedClass '/Game/VehicleBP/Maps/VehicleExampleMap.VehicleExampleMap_C' with ClassGeneratedBy '/Game/VehicleBP/Maps/VehicleExampleMap.VehicleExampleMap:PersistentLevel.VehicleExampleMap'
[2017.07.18-13.51.59:374][290]LogPlayLevel: PlayLevel: No blueprints needed recompiling
[2017.07.18-13.51.59:375][290]PIE: New page: PIE session: VehicleExampleMap (Jul 18, 2017, 5:51:59 AM)
[2017.07.18-13.51.59:375][290]LogPlayLevel: Creating play world package: /Game/VehicleBP/Maps/UEDPIE_0_VehicleExampleMap
[2017.07.18-13.51.59:396][290]LogPlayLevel: PIE: StaticDuplicateObject took: (0.021178s)
[2017.07.18-13.51.59:397][290]LogAIModule: Creating AISystem for world VehicleExampleMap
[2017.07.18-13.51.59:397][290]LogPlayLevel: PIE: World Init took: (0.000983s)
[2017.07.18-13.51.59:397][290]LogPlayLevel: PIE: Created PIE world by copying editor world from /Game/VehicleBP/Maps/VehicleExampleMap.VehicleExampleMap to /Game/VehicleBP/Maps/UEDPIE_0_VehicleExampleMap.VehicleExampleMap (0.022503s)
[2017.07.18-13.51.59:414][290]LogInit: XAudio2 using 'Speaker/HP (Realtek High Definition Audio)' : 2 channels at 48 kHz using 32 bits per sample (channel mask 0x3)
[2017.07.18-13.51.59:428][290]LogInit: FAudioDevice initialized.
[2017.07.18-13.51.59:527][290]LogLoad: Game class is 'VehicleGameMode_C'
[2017.07.18-13.51.59:533][290]LogVehicles:Warning: Cannot create vehicle for /Game/VehicleBP/Maps/UEDPIE_0_VehicleExampleMap.VehicleExampleMap:PersistentLevel.ChrisCraft_Blueprint_678.SimpleWheeledVehicleMovement. UpdatedComponent is not a PrimitiveComponent.
[2017.07.18-13.51.59:533][290]LogWorld: Bringing World /Game/VehicleBP/Maps/UEDPIE_0_VehicleExampleMap.VehicleExampleMap up for play (max tick rate 60) at 2017.07.18-09.51.59
[2017.07.18-13.51.59:534][290]LogWorld: Bringing up level for play took: 0.002334
[2017.07.18-13.51.59:590][290]LogContentBrowser: Native class hierarchy updated for 'MovieSceneCapture' in 0.0007 seconds. Added 11 classes and 0 folders.
[2017.07.18-13.51.59:611][290]LogSpawn:Warning: SpawnActor failed because of collision at the spawn location [X=-1640.572 Y=-4184.567 Z=615.630] for [Worm_Blueprint_C]
[2017.07.18-13.51.59:611][290]LogGameMode:Warning: SpawnDefaultPawnAtTransform: Couldn't spawn Pawn of type Worm_Blueprint_C at Rotation: -0.000000 0.000000 -0.890238 0.455496
Translation: -1247.324341 -1661.135742 1289.006348
Scale3D: 1.000000 1.000000 1.000000

[2017.07.18-13.51.59:612][290]PIE: Info Play in editor start time for /Game/VehicleBP/Maps/UEDPIE_0_VehicleExampleMap 0.551
[2017.07.18-13.51.59:612][290]LogBlueprintUserMessages: Late PlayInEditor Detection: Level '/Game/VehicleBP/Maps/VehicleExampleMap.VehicleExampleMap:PersistentLevel' has LevelScriptBlueprint '/Game/VehicleBP/Maps/VehicleExampleMap.VehicleExampleMap:PersistentLevel.VehicleExampleMap' with GeneratedClass '/Game/VehicleBP/Maps/VehicleExampleMap.VehicleExampleMap_C' with ClassGeneratedBy '/Game/VehicleBP/Maps/VehicleExampleMap.VehicleExampleMap:PersistentLevel.VehicleExampleMap'
[2017.07.18-13.52.01:626][387]LogBlueprintUserMessages: Early EndPlayMap Detection: Level '/Game/VehicleBP/Maps/VehicleExampleMap.VehicleExampleMap:PersistentLevel' has LevelScriptBlueprint '/Game/VehicleBP/Maps/VehicleExampleMap.VehicleExampleMap:PersistentLevel.VehicleExampleMap' with GeneratedClass '/Game/VehicleBP/Maps/VehicleExampleMap.VehicleExampleMap_C' with ClassGeneratedBy '/Game/VehicleBP/Maps/VehicleExampleMap.VehicleExampleMap:PersistentLevel.VehicleExampleMap'
[2017.07.18-13.52.01:712][387]LogBlueprintUserMessages: Late EndPlayMap Detection: Level '/Game/VehicleBP/Maps/VehicleExampleMap.VehicleExampleMap:PersistentLevel' has LevelScriptBlueprint '/Game/VehicleBP/Maps/VehicleExampleMap.VehicleExampleMap:PersistentLevel.VehicleExampleMap' with GeneratedClass '/Game/VehicleBP/Maps/VehicleExampleMap.VehicleExampleMap_C' with ClassGeneratedBy '/Game/VehicleBP/Maps/VehicleExampleMap.VehicleExampleMap:PersistentLevel.VehicleExampleMap'
[2017.07.18-13.52.05:729][586]LogTemp: Repeting last play command: Selected Viewport
[2017.07.18-13.52.05:744][586]LogBlueprintUserMessages: Early PlayInEditor Detection: Level '/Game/VehicleBP/Maps/VehicleExampleMap.VehicleExampleMap:PersistentLevel' has LevelScriptBlueprint '/Game/VehicleBP/Maps/VehicleExampleMap.VehicleExampleMap:PersistentLevel.VehicleExampleMap' with GeneratedClass '/Game/VehicleBP/Maps/VehicleExampleMap.VehicleExampleMap_C' with ClassGeneratedBy '/Game/VehicleBP/Maps/VehicleExampleMap.VehicleExampleMap:PersistentLevel.VehicleExampleMap'
[2017.07.18-13.52.05:744][586]LogPlayLevel: PlayLevel: No blueprints needed recompiling
[2017.07.18-13.52.05:744][586]PIE: New page: PIE session: VehicleExampleMap (Jul 18, 2017, 5:52:05 AM)
[2017.07.18-13.52.05:744][586]LogPlayLevel: Creating play world package: /Game/VehicleBP/Maps/UEDPIE_0_VehicleExampleMap
[2017.07.18-13.52.05:762][586]LogPlayLevel: PIE: StaticDuplicateObject took: (0.017994s)
[2017.07.18-13.52.05:763][586]LogAIModule: Creating AISystem for world VehicleExampleMap
[2017.07.18-13.52.05:763][586]LogPlayLevel: PIE: World Init took: (0.001097s)
[2017.07.18-13.52.05:763][586]LogPlayLevel: PIE: Created PIE world by copying editor world from /Game/VehicleBP/Maps/VehicleExampleMap.VehicleExampleMap to /Game/VehicleBP/Maps/UEDPIE_0_VehicleExampleMap.VehicleExampleMap (0.019408s)
[2017.07.18-13.52.05:779][586]LogInit: XAudio2 using 'Speaker/HP (Realtek High Definition Audio)' : 2 channels at 48 kHz using 32 bits per sample (channel mask 0x3)
[2017.07.18-13.52.05:793][586]LogInit: FAudioDevice initialized.
[2017.07.18-13.52.05:825][586]LogLoad: Game class is 'VehicleGameMode_C'
[2017.07.18-13.52.05:830][586]LogVehicles:Warning: Cannot create vehicle for /Game/VehicleBP/Maps/UEDPIE_0_VehicleExampleMap.VehicleExampleMap:PersistentLevel.ChrisCraft_Blueprint_678.SimpleWheeledVehicleMovement. UpdatedComponent is not a PrimitiveComponent.
[2017.07.18-13.52.05:830][586]LogWorld: Bringing World /Game/VehicleBP/Maps/UEDPIE_0_VehicleExampleMap.VehicleExampleMap up for play (max tick rate 60) at 2017.07.18-09.52.05
[2017.07.18-13.52.05:830][586]LogWorld: Bringing up level for play took: 0.002007
[2017.07.18-13.52.05:831][586]LogSpawn:Warning: SpawnActor failed because of collision at the spawn location [X=-1640.572 Y=-4184.567 Z=615.630] for [Worm_Blueprint_C]
[2017.07.18-13.52.05:832][586]LogGameMode:Warning: SpawnDefaultPawnAtTransform: Couldn't spawn Pawn of type Worm_Blueprint_C at Rotation: -0.000000 0.000000 -0.890238 0.455496
Translation: 0.000000 0.000000 0.000000
Scale3D: 1.000000 1.000000 1.000000

[2017.07.18-13.52.05:832][586]PIE: Info Play in editor start time for /Game/VehicleBP/Maps/UEDPIE_0_VehicleExampleMap 0.771
[2017.07.18-13.52.05:832][586]LogBlueprintUserMessages: Late PlayInEditor Detection: Level '/Game/VehicleBP/Maps/VehicleExampleMap.VehicleExampleMap:PersistentLevel' has LevelScriptBlueprint '/Game/VehicleBP/Maps/VehicleExampleMap.VehicleExampleMap:PersistentLevel.VehicleExampleMap' with GeneratedClass '/Game/VehicleBP/Maps/VehicleExampleMap.VehicleExampleMap_C' with ClassGeneratedBy '/Game/VehicleBP/Maps/VehicleExampleMap.VehicleExampleMap:PersistentLevel.VehicleExampleMap'
[2017.07.18-13.52.06:930][638]LogBlueprintUserMessages: Early EndPlayMap Detection: Level '/Game/VehicleBP/Maps/VehicleExampleMap.VehicleExampleMap:PersistentLevel' has LevelScriptBlueprint '/Game/VehicleBP/Maps/VehicleExampleMap.VehicleExampleMap:PersistentLevel.VehicleExampleMap' with GeneratedClass '/Game/VehicleBP/Maps/VehicleExampleMap.VehicleExampleMap_C' with ClassGeneratedBy '/Game/VehicleBP/Maps/VehicleExampleMap.VehicleExampleMap:PersistentLevel.VehicleExampleMap'
[2017.07.18-13.52.06:972][638]LogBlueprintUserMessages: Late EndPlayMap Detection: Level '/Game/VehicleBP/Maps/VehicleExampleMap.VehicleExampleMap:PersistentLevel' has LevelScriptBlueprint '/Game/VehicleBP/Maps/VehicleExampleMap.VehicleExampleMap:PersistentLevel.VehicleExampleMap' with GeneratedClass '/Game/VehicleBP/Maps/VehicleExampleMap.VehicleExampleMap_C' with ClassGeneratedBy '/Game/VehicleBP/Maps/VehicleExampleMap.VehicleExampleMap:PersistentLevel.VehicleExampleMap'
[2017.07.18-13.52.08:282][702]LogTemp: Repeting last play command: Selected Viewport
[2017.07.18-13.52.08:298][702]LogBlueprintUserMessages: Early PlayInEditor Detection: Level '/Game/VehicleBP/Maps/VehicleExampleMap.VehicleExampleMap:PersistentLevel' has LevelScriptBlueprint '/Game/VehicleBP/Maps/VehicleExampleMap.VehicleExampleMap:PersistentLevel.VehicleExampleMap' with GeneratedClass '/Game/VehicleBP/Maps/VehicleExampleMap.VehicleExampleMap_C' with ClassGeneratedBy '/Game/VehicleBP/Maps/VehicleExampleMap.VehicleExampleMap:PersistentLevel.VehicleExampleMap'
[2017.07.18-13.52.08:298][702]LogPlayLevel: PlayLevel: No blueprints needed recompiling
[2017.07.18-13.52.08:298][702]PIE: New page: PIE session: VehicleExampleMap (Jul 18, 2017, 5:52:08 AM)
[2017.07.18-13.52.08:298][702]LogPlayLevel: Creating play world package: /Game/VehicleBP/Maps/UEDPIE_0_VehicleExampleMap
[2017.07.18-13.52.08:315][702]LogPlayLevel: PIE: StaticDuplicateObject took: (0.016828s)
[2017.07.18-13.52.08:316][702]LogAIModule: Creating AISystem for world VehicleExampleMap
[2017.07.18-13.52.08:316][702]LogPlayLevel: PIE: World Init took: (0.000902s)
[2017.07.18-13.52.08:316][702]LogPlayLevel: PIE: Created PIE world by copying editor world from /Game/VehicleBP/Maps/VehicleExampleMap.VehicleExampleMap to /Game/VehicleBP/Maps/UEDPIE_0_VehicleExampleMap.VehicleExampleMap (0.017993s)
[2017.07.18-13.52.08:332][702]LogInit: XAudio2 using 'Speaker/HP (Realtek High Definition Audio)' : 2 channels at 48 kHz using 32 bits per sample (channel mask 0x3)
[2017.07.18-13.52.08:344][702]LogInit: FAudioDevice initialized.
[2017.07.18-13.52.08:377][702]LogLoad: Game class is 'VehicleGameMode_C'
[2017.07.18-13.52.08:383][702]LogVehicles:Warning: Cannot create vehicle for /Game/VehicleBP/Maps/UEDPIE_0_VehicleExampleMap.VehicleExampleMap:PersistentLevel.ChrisCraft_Blueprint_678.SimpleWheeledVehicleMovement. UpdatedComponent is not a PrimitiveComponent.
[2017.07.18-13.52.08:383][702]LogWorld: Bringing World /Game/VehicleBP/Maps/UEDPIE_0_VehicleExampleMap.VehicleExampleMap up for play (max tick rate 60) at 2017.07.18-09.52.08
[2017.07.18-13.52.08:384][702]LogWorld: Bringing up level for play took: 0.002115
[2017.07.18-13.52.08:385][702]LogSpawn:Warning: SpawnActor failed because of collision at the spawn location [X=-1640.572 Y=-4184.567 Z=615.630] for [Worm_Blueprint_C]
[2017.07.18-13.52.08:385][702]LogGameMode:Warning: SpawnDefaultPawnAtTransform: Couldn't spawn Pawn of type Worm_Blueprint_C at Rotation: -0.000000 0.000000 -0.890238 0.455496
Translation: 0.000000 0.000000 0.000000
Scale3D: 1.000000 1.000000 1.000000

[2017.07.18-13.52.08:386][702]PIE: Info Play in editor start time for /Game/VehicleBP/Maps/UEDPIE_0_VehicleExampleMap -0.675
[2017.07.18-13.52.08:386][702]LogBlueprintUserMessages: Late PlayInEditor Detection: Level '/Game/VehicleBP/Maps/VehicleExampleMap.VehicleExampleMap:PersistentLevel' has LevelScriptBlueprint '/Game/VehicleBP/Maps/VehicleExampleMap.VehicleExampleMap:PersistentLevel.VehicleExampleMap' with GeneratedClass '/Game/VehicleBP/Maps/VehicleExampleMap.VehicleExampleMap_C' with ClassGeneratedBy '/Game/VehicleBP/Maps/VehicleExampleMap.VehicleExampleMap:PersistentLevel.VehicleExampleMap'
[2017.07.18-13.52.15:628][ 66]LogBlueprintUserMessages: Early EndPlayMap Detection: Level '/Game/VehicleBP/Maps/VehicleExampleMap.VehicleExampleMap:PersistentLevel' has LevelScriptBlueprint '/Game/VehicleBP/Maps/VehicleExampleMap.VehicleExampleMap:PersistentLevel.VehicleExampleMap' with GeneratedClass '/Game/VehicleBP/Maps/VehicleExampleMap.VehicleExampleMap_C' with ClassGeneratedBy '/Game/VehicleBP/Maps/VehicleExampleMap.VehicleExampleMap:PersistentLevel.VehicleExampleMap'
[2017.07.18-13.52.15:670][ 66]LogBlueprintUserMessages: Late EndPlayMap Detection: Level '/Game/VehicleBP/Maps/VehicleExampleMap.VehicleExampleMap:PersistentLevel' has LevelScriptBlueprint '/Game/VehicleBP/Maps/VehicleExampleMap.VehicleExampleMap:PersistentLevel.VehicleExampleMap' with GeneratedClass '/Game/VehicleBP/Maps/VehicleExampleMap.VehicleExampleMap_C' with ClassGeneratedBy '/Game/VehicleBP/Maps/VehicleExampleMap.VehicleExampleMap:PersistentLevel.VehicleExampleMap'
