Log file open, 07/03/17 19:20:23
LogInit:Display: Running engine for game: WaterWiggler
LogPlatformFile: Not using cached read wrapper
LogInit:Display: RandInit(1369744235) SRandInit(1369744235).
LogTaskGraph: Started task graph with 5 named threads and 8 total threads with 1 sets of task threads.
LogStats: Stats thread started at 0.084257
LogInit: Using libcurl 7.47.1
LogInit:  - built for x86_64-pc-win32
LogInit:  - supports SSL with OpenSSL/1.0.2g
LogInit:  - supports HTTP deflate (compression) using libz 1.2.8
LogInit:  - other features:
LogInit:      CURL_VERSION_SSL
LogInit:      CURL_VERSION_LIBZ
LogInit:      CURL_VERSION_IPV6
LogInit:      CURL_VERSION_ASYNCHDNS
LogInit:      CURL_VERSION_LARGEFILE
LogInit:      CURL_VERSION_IDN
LogInit:  CurlRequestOptions (configurable via config and command line):
LogInit:  - bVerifyPeer = false  - Libcurl will NOT verify peer certificate
LogInit:  - bUseHttpProxy = false  - Libcurl will NOT use HTTP proxy
LogInit:  - bDontReuseConnections = false  - Libcurl will reuse connections
LogInit:  - CertBundlePath = nullptr  - Libcurl will use whatever was configured at build time.
LogInit: Build: ++UE4+Release-4.15-CL-3450819
LogInit: Engine Version: 4.15.3-3450819+++UE4+Release-4.15
LogInit: Compatible Engine Version: 4.15.0-3299760+++UE4+Release-4.15
LogInit: Net CL: 3299760
LogDevObjectVersion: Number of dev versions registered: 14
LogDevObjectVersion:   Dev-Blueprints (B0D832E4-1F89-4F0D-ACCF-7EB736FD4AA2): 8
LogDevObjectVersion:   Dev-Build (E1C64328-A22C-4D53-A36C-8E866417BD8C): 0
LogDevObjectVersion:   Dev-Core (375EC13C-06E4-48FB-B500-84F0262A717E): 2
LogDevObjectVersion:   Dev-Editor (E4B068ED-F494-42E9-A231-DA0B2E46BB41): 14
LogDevObjectVersion:   Dev-Framework (CFFC743F-43B0-4480-9391-14DF171D2073): 22
LogDevObjectVersion:   Dev-Mobile (B02B49B5-BB20-44E9-A304-32B752E40360): 0
LogDevObjectVersion:   Dev-Networking (A4E4105C-59A1-49B5-A7C5-40C4547EDFEE): 0
LogDevObjectVersion:   Dev-Online (39C831C9-5AE6-47DC-9A44-9C173E1C8E7C): 0
LogDevObjectVersion:   Dev-Physics (78F01B33-EBEA-4F98-B9B4-84EACCB95AA2): 0
LogDevObjectVersion:   Dev-Platform (6631380F-2D4D-43E0-8009-CF276956A95A): 0
LogDevObjectVersion:   Dev-Rendering (12F88B9F-8875-4AFC-A67C-D90C383ABD29): 12
LogDevObjectVersion:   Dev-Sequencer (7B5AE74C-D270-4C10-A958-57980B212A5A): 3
LogDevObjectVersion:   Dev-VR (D7296918-1DD6-4BDD-9DE2-64A83CC13884): 0
LogDevObjectVersion:   Dev-LoadTimes (C2A15278-BFE7-4AFE-6C17-90FF531DF755): 1
LogInit: Compiled (64-bit): May 21 2017 11:02:34
LogInit: Compiled with Visual C++: 19.00.23026.00
LogInit: Build Configuration: Development
LogInit: Branch Name: ++UE4+Release-4.15
LogInit: Command line:  
LogInit: Base directory: C:/Program Files/Epic Games/UE_4.15/Engine/Binaries/Win64/
LogInit: Installed Engine Build: 1
LogInit: Presizing for max 8388607 objects, including 0 objects not considered by GC, pre-allocating 0 bytes for permanent pool.
LogInit: Object subsystem initialized
[2017.07.03-23.20.24:607][  0]LogInit: Selected Device Profile: [Windows]
[2017.07.03-23.20.24:607][  0]LogInit: Applying CVar settings loaded from the selected device profile: [Windows]
[2017.07.03-23.20.24:616][  0]LogInit: Computer: EGDWS_MA_37
[2017.07.03-23.20.24:616][  0]LogInit: User: Camper
[2017.07.03-23.20.24:616][  0]LogInit: CPU Page size=65536, Cores=4
[2017.07.03-23.20.24:616][  0]LogInit: High frequency timer resolution =2.338346 MHz
[2017.07.03-23.20.24:616][  0]LogMemory: Memory total: Physical=15.6GB (16GB approx)
[2017.07.03-23.20.24:616][  0]LogMemory: Platform Memory Stats for Windows
[2017.07.03-23.20.24:616][  0]LogMemory: Process Physical Memory: 262.14 MB used, 262.14 MB peak
[2017.07.03-23.20.24:616][  0]LogMemory: Process Virtual Memory: 262.68 MB used, 262.68 MB peak
[2017.07.03-23.20.24:616][  0]LogMemory: Physical Memory: 5426.28 MB used,  10582.95 MB free, 16009.22 MB total
[2017.07.03-23.20.24:616][  0]LogMemory: Virtual Memory: 630.80 MB used,  10582.95 MB free, 134217728.00 MB total
[2017.07.03-23.20.24:706][  0]LogTextLocalizationManager: No specific translations for ('en-US') exist, so ('en') translations will be used.
[2017.07.03-23.20.25:444][  0]LogD3D11RHI: D3D11 adapters:
[2017.07.03-23.20.25:473][  0]LogD3D11RHI:    0. 'NVIDIA Quadro K1100M   ' (Feature Level 11_0)
[2017.07.03-23.20.25:473][  0]LogD3D11RHI:       1992/0/8004 MB DedicatedVideo/DedicatedSystem/SharedSystem, Outputs:1, VendorId:0x10de
[2017.07.03-23.20.25:479][  0]LogD3D11RHI:    1. 'Intel(R) HD Graphics 4600' (Feature Level 11_0)
[2017.07.03-23.20.25:479][  0]LogD3D11RHI:       112/0/2048 MB DedicatedVideo/DedicatedSystem/SharedSystem, Outputs:0, VendorId:0x8086
[2017.07.03-23.20.25:480][  0]LogD3D11RHI:    2. 'Microsoft Basic Render Driver' (Feature Level 11_0)
[2017.07.03-23.20.25:480][  0]LogD3D11RHI:       0/0/8004 MB DedicatedVideo/DedicatedSystem/SharedSystem, Outputs:0, VendorId:0x1414
[2017.07.03-23.20.25:480][  0]LogD3D11RHI: Chosen D3D11 Adapter: 0
[2017.07.03-23.20.25:485][  0]LogD3D11RHI: Creating new Direct3DDevice
[2017.07.03-23.20.25:485][  0]LogD3D11RHI:     GPU DeviceId: 0xff6 (for the marketing name, search the web for "GPU Device Id")
[2017.07.03-23.20.25:485][  0]LogWindows: EnumDisplayDevices:
[2017.07.03-23.20.25:485][  0]LogWindows:    0. 'Intel(R) HD Graphics 4600' (P:1 D:1)
[2017.07.03-23.20.25:485][  0]LogWindows:    1. 'Intel(R) HD Graphics 4600' (P:0 D:0)
[2017.07.03-23.20.25:485][  0]LogWindows:    2. 'Intel(R) HD Graphics 4600' (P:0 D:0)
[2017.07.03-23.20.25:486][  0]LogWindows: DebugString: PrimaryIsNotTheChoosenAdapter PrimaryIsNotTheChoosenAdapter PrimaryIsNotTheChoosenAdapter FoundDriverCount:0 
[2017.07.03-23.20.25:486][  0]LogD3D11RHI:     Adapter Name: NVIDIA Quadro K1100M   
[2017.07.03-23.20.25:486][  0]LogD3D11RHI:   Driver Version: Unknown (internal:Unknown, unified:Unknown)
[2017.07.03-23.20.25:486][  0]LogD3D11RHI:      Driver Date: Unknown
[2017.07.03-23.20.25:486][  0]LogRHI: Texture pool is 1361 MB (70% of 1945 MB)
[2017.07.03-23.20.25:500][  0]LogD3D11RHI:Warning: Timestamp queries are currently disabled on this hardware due to instability. Realtime GPU stats will not be available. You can override this behaviour by setting r.NVIDIATimestampWorkaround to 0
[2017.07.03-23.20.25:599][  0]LogD3D11RHI: NvAPI_D3D_GetCurrentSLIState failed: 0xfffffff7
[2017.07.03-23.20.25:599][  0]LogD3D11RHI: Async texture creation enabled
[2017.07.03-23.20.25:618][  0]LogD3D11RHI: GPU Timing Frequency: 1000.000000 (Debug: 2 2)
[2017.07.03-23.20.25:618][  0]LogShaderCompilers: Guid format shader working directory is -35 characters bigger than the processId version (../../../../../../Users/Camper/Documents/GitHub/Wiggler/UnrealProject/WaterWiggler/Intermediate/Shaders/WorkingDirectory/4672/).
[2017.07.03-23.20.25:619][  0]LogShaderCompilers: Cleaned the shader compiler working directory 'C:/Users/Camper/AppData/Local/Temp/UnrealShaderWorkingDir/6629A4C041DE5730BEBCC19CF274F197/'.
[2017.07.03-23.20.25:619][  0]LogShaderCompilers:Display: Using Local Shader Compiler.
[2017.07.03-23.20.26:800][  0]LogTemp:Display: Loaded TP AllDesktopTargetPlatform
[2017.07.03-23.20.26:877][  0]LogTemp:Display: Loaded TP MacClientTargetPlatform
[2017.07.03-23.20.26:953][  0]LogTemp:Display: Loaded TP MacNoEditorTargetPlatform
[2017.07.03-23.20.27:028][  0]LogTemp:Display: Loaded TP MacServerTargetPlatform
[2017.07.03-23.20.27:104][  0]LogTemp:Display: Loaded TP MacTargetPlatform
[2017.07.03-23.20.27:177][  0]LogTemp:Display: Loaded TP WindowsClientTargetPlatform
[2017.07.03-23.20.27:254][  0]LogTemp:Display: Loaded TP WindowsNoEditorTargetPlatform
[2017.07.03-23.20.27:331][  0]LogTemp:Display: Loaded TP WindowsServerTargetPlatform
[2017.07.03-23.20.27:396][  0]LogTemp:Display: Loaded TP WindowsTargetPlatform
[2017.07.03-23.20.27:469][  0]LogTemp:Display: Loaded TP AndroidTargetPlatform
[2017.07.03-23.20.27:542][  0]LogTemp:Display: Loaded TP Android_ASTCTargetPlatform
[2017.07.03-23.20.27:615][  0]LogTemp:Display: Loaded TP Android_ATCTargetPlatform
[2017.07.03-23.20.27:689][  0]LogTemp:Display: Loaded TP Android_DXTTargetPlatform
[2017.07.03-23.20.27:764][  0]LogTemp:Display: Loaded TP Android_ETC1TargetPlatform
[2017.07.03-23.20.27:836][  0]LogTemp:Display: Loaded TP Android_ETC2TargetPlatform
[2017.07.03-23.20.27:981][  0]LogTemp:Display: Loaded TP Android_MultiTargetPlatform
[2017.07.03-23.20.27:981][  0]LogTemp:Display: Loaded TP Android_PVRTCTargetPlatform
[2017.07.03-23.20.28:038][  0]LogTemp:Display: Loaded TP HTML5TargetPlatform
[2017.07.03-23.20.28:162][  0]LogTemp:Display: Loaded TP IOSTargetPlatform
[2017.07.03-23.20.28:205][  0]LogTemp:Display: Loaded TP TVOSTargetPlatform
[2017.07.03-23.20.28:278][  0]LogTemp:Display: Loaded TP LinuxClientTargetPlatform
[2017.07.03-23.20.28:351][  0]LogTemp:Display: Loaded TP LinuxNoEditorTargetPlatform
[2017.07.03-23.20.28:424][  0]LogTemp:Display: Loaded TP LinuxServerTargetPlatform
[2017.07.03-23.20.28:495][  0]LogTemp:Display: Loaded TP LinuxTargetPlatform
[2017.07.03-23.20.28:495][  0]LogTargetPlatformManager:Display: Building Assets For Windows
[2017.07.03-23.20.29:081][  0]LogDerivedDataCache:Display: Max Cache Size: 512 MB
[2017.07.03-23.20.29:133][  0]LogDerivedDataCache: Loaded boot cache 0.05s 50MB C:/Users/Camper/AppData/Local/UnrealEngine/4.15/DerivedDataCache/Boot.ddc.
[2017.07.03-23.20.29:134][  0]LogDerivedDataCache:Display: Loaded Boot cache: C:/Users/Camper/AppData/Local/UnrealEngine/4.15/DerivedDataCache/Boot.ddc
[2017.07.03-23.20.29:134][  0]LogDerivedDataCache: FDerivedDataBackendGraph:  Pak pak cache file ../../../../../../Users/Camper/Documents/GitHub/Wiggler/UnrealProject/WaterWiggler/DerivedDataCache/DDC.ddp not found, will not use a pak cache.
[2017.07.03-23.20.29:134][  0]LogDerivedDataCache: Unable to find inner node Pak for hierarchical cache Hierarchy.
[2017.07.03-23.20.29:134][  0]LogDerivedDataCache: FDerivedDataBackendGraph:  CompressedPak pak cache file ../../../../../../Users/Camper/Documents/GitHub/Wiggler/UnrealProject/WaterWiggler/DerivedDataCache/Compressed.ddp not found, will not use a pak cache.
[2017.07.03-23.20.29:134][  0]LogDerivedDataCache: Unable to find inner node CompressedPak for hierarchical cache Hierarchy.
[2017.07.03-23.20.29:153][  0]LogDerivedDataCache:Display: Pak cache opened for reading ../../../Engine/DerivedDataCache/Compressed.ddp.
[2017.07.03-23.20.29:165][  0]LogDerivedDataCache: Using Local data cache path C:/Users/Camper/AppData/Local/UnrealEngine/Common/DerivedDataCache: Writable
[2017.07.03-23.20.29:175][  0]LogSlate: Using Freetype 2.6.0
[2017.07.03-23.20.29:176][  0]LogSlate: SlateFontCache - WITH_FREETYPE: 1, WITH_HARFBUZZ: 1
[2017.07.03-23.20.29:176][  0]LogSlate: SlateFontCache - WITH_FREETYPE: 1, WITH_HARFBUZZ: 1
[2017.07.03-23.20.29:494][  0]LogInit: Selected Device Profile: [Windows]
[2017.07.03-23.20.29:497][  0]LogContentStreaming: Texture pool size is 0.00 MB
[2017.07.03-23.20.29:755][  0]LogMeshUtilities: Using QuadricMeshReduction for automatic static mesh reduction
[2017.07.03-23.20.29:817][  0]LogSimplygon: Simplygon DLL not present - disabling.
[2017.07.03-23.20.29:887][  0]LogMeshUtilities: Using SimplygonSwarm for distributed automatic mesh merging
[2017.07.03-23.20.29:887][  0]LogMeshUtilities: No automatic skeletal mesh reduction module available
[2017.07.03-23.20.29:887][  0]LogMeshUtilities: No automatic mesh merging module available
[2017.07.03-23.20.30:485][  0]LogNetVersion: GetLocalNetworkVersion: CL: 3299760, ProjectName: waterwiggler, ProjectVersion: , EngineNetworkVersion: 2, GameNetworkVersion: 0, NetworkChecksum: 1685917286
[2017.07.03-23.20.30:539][  0]LogAssetRegistry: FAssetRegistry took 0.0217 seconds to start up
[2017.07.03-23.20.30:602][  0]LogPackageLocalizationCache: Processed 3 localized package path(s) for 2 prioritized culture(s) in 0.033109 seconds
[2017.07.03-23.20.30:607][  0]LogUObjectArray: 32493 objects as part of root set at end of initial load.
[2017.07.03-23.20.30:607][  0]LogUObjectAllocator: 7077032 out of 0 bytes used by permanent object pool.
[2017.07.03-23.20.30:607][  0]LogUObjectArray: CloseDisregardForGC: 0/0 objects in disregard for GC pool
[2017.07.03-23.20.30:697][  0]LogInit: WinSock: version 1.1 (2.2), MaxSocks=32767, MaxUdp=65467
[2017.07.03-23.20.33:162][  0]LogTcpMessaging: Initializing TcpMessaging bridge
[2017.07.03-23.20.33:215][  0]LogUdpMessaging: Initializing bridge on interface 0.0.0.0:0 to multicast group 230.0.0.1:6666.
[2017.07.03-23.20.33:845][  0]LogMaterial: Uniform references updated for custom material expression Custom.
[2017.07.03-23.20.34:383][  0]SourceControl: Info Source control is disabled
[2017.07.03-23.20.34:384][  0]SourceControl: Info Source control is disabled
[2017.07.03-23.20.34:454][  0]SourceControl: Info Source control is disabled
[2017.07.03-23.20.34:525][  0]SourceControl: Info Source control is disabled
[2017.07.03-23.20.36:453][  0]LogEngine: Initializing Engine...
[2017.07.03-23.20.36:454][  0]LogHMD: Failed to initialize OpenVR with code 110
[2017.07.03-23.20.36:567][  0]LogStats: UGameplayTagsManager::ConstructGameplayTagTree: Construct from data asset -  0.000 s
[2017.07.03-23.20.36:567][  0]LogStats: UGameplayTagsManager::ConstructGameplayTagTree: GameplayTagTreeChangedEvent.Broadcast -  0.000 s
[2017.07.03-23.20.36:752][  0]LogAIModule: Creating AISystem for world Untitled
[2017.07.03-23.20.36:758][  0]LogInit: XAudio2 using 'Speaker/HP (Realtek High Definition Audio)' : 2 channels at 48 kHz using 32 bits per sample (channel mask 0x3)
[2017.07.03-23.20.36:773][  0]LogInit: FAudioDevice initialized.
[2017.07.03-23.20.36:801][  0]LogDerivedDataCache: Saved boot cache 0.03s 50MB C:/Users/Camper/AppData/Local/UnrealEngine/4.15/DerivedDataCache/Boot.ddc.
[2017.07.03-23.20.36:804][  0]LogInit: Texture streaming: Enabled
[2017.07.03-23.20.36:939][  0]LogEngineSessionManager: EngineSessionManager initialized
[2017.07.03-23.20.37:072][  0]LogInit: Transaction tracking system initialized
[2017.07.03-23.20.37:606][  0]BlueprintLog: New page: Editor Load
[2017.07.03-23.20.38:948][  0]LocalizationService: Info Localization service is disabled
[2017.07.03-23.20.39:973][  0]LogConsoleResponse:Display: 
[2017.07.03-23.20.40:124][  0]LogCook:Display: Max memory allowance for cook 16384mb min free memory 0mb
[2017.07.03-23.20.40:124][  0]LogCook:Display: Mobile HDR setting 1
[2017.07.03-23.20.40:898][  0]LogFileCache: Scanning file cache for directory 'C:/Users/Camper/Documents/GitHub/Wiggler/UnrealProject/WaterWiggler/Content/' took 0.02s
[2017.07.03-23.20.41:970][  0]SourceControl: Info Source control is disabled
[2017.07.03-23.20.41:970][  0]Cmd: MAP LOAD FILE="../../../../../../Users/Camper/Documents/GitHub/Wiggler/UnrealProject/WaterWiggler/Content/VehicleBP/Maps/VehicleExampleMap.umap" TEMPLATE=0 SHOWPROGRESS=1 FEATURELEVEL=3
[2017.07.03-23.20.41:971][  0]LightingResults: New page: Lighting Build
[2017.07.03-23.20.42:034][  0]MapCheck: New page: Map Check
[2017.07.03-23.20.42:034][  0]LightingResults: New page: Lighting Build
[2017.07.03-23.20.42:265][  0]LogBlueprint:Warning: [Compiler Sedan] Warning Get Input Axis references unknown Axis 'LookUp' for  Get LookUp
[2017.07.03-23.20.42:265][  0]LogBlueprint:Warning: [Compiler Sedan] Warning Get Input Axis references unknown Axis 'LookRight' for  Get LookRight
[2017.07.03-23.20.42:272][  0]LogBlueprint:Warning: [Compiler Sedan] Warning [0019.94] Compile of Sedan successful, but with 2 Warning(s) [in 11 ms] (/Game/VehicleBP/Sedan/Sedan.Sedan)
[2017.07.03-23.20.42:272][  0]LogBlueprint:Warning: [Compiler Sedan] Warning [0019.94] Compile of Sedan successful, but with 3 Warning(s) [in 0 ms] (/Game/VehicleBP/Sedan/Sedan.Sedan)
[2017.07.03-23.20.42:272][  0]LogBlueprint:Warning: [Compiler Sedan] Warning [0019.94] Compile of Sedan successful, but with 4 Warning(s) [in 0 ms] (/Game/VehicleBP/Sedan/Sedan.Sedan)
[2017.07.03-23.20.42:302][  0]LogBlueprint:Warning: [Compiler Sedan] Warning Get Input Axis references unknown Axis 'LookUp' for  Get LookUp
[2017.07.03-23.20.42:303][  0]LogBlueprint:Warning: [Compiler Sedan] Warning Get Input Axis references unknown Axis 'LookRight' for  Get LookRight
[2017.07.03-23.20.42:309][  0]LogBlueprint:Warning: [Compiler Sedan] Warning [0019.98] Compile of Sedan successful, but with 2 Warning(s) [in 10 ms] (/Game/VehicleBP/Sedan/Sedan.Sedan)
[2017.07.03-23.20.42:309][  0]LogBlueprint:Warning: [Compiler Sedan] Warning [0019.98] Compile of Sedan successful, but with 3 Warning(s) [in 0 ms] (/Game/VehicleBP/Sedan/Sedan.Sedan)
[2017.07.03-23.20.42:309][  0]LogBlueprint:Warning: [Compiler Sedan] Warning [0019.98] Compile of Sedan successful, but with 4 Warning(s) [in 0 ms] (/Game/VehicleBP/Sedan/Sedan.Sedan)
[2017.07.03-23.20.42:527][  0]LogAIModule: Creating AISystem for world VehicleExampleMap
[2017.07.03-23.20.42:555][  0]LogEditorServer: Finished looking for orphan Actors (0.000 secs)
[2017.07.03-23.20.42:556][  0]Cmd: MAP CHECKDEP NOCLEARLOG
[2017.07.03-23.20.42:653][  0]MapCheck: Info Map check complete: 0 Error(s), 0 Warning(s), took 97.117ms to complete.
[2017.07.03-23.20.42:653][  0]LogFileHelpers: Loading map 'VehicleExampleMap' took 0.683
[2017.07.03-23.20.42:706][  0]LogWindowsTextInputMethodSystem:Display: IME system now deactivated.
[2017.07.03-23.20.42:844][  0]LogCollectionManager: Loaded 0 collections in 0.006096 seconds
[2017.07.03-23.20.42:946][  0]LogFileCache: Scanning file cache for directory 'C:/Users/Camper/Documents/GitHub/Wiggler/UnrealProject/WaterWiggler/Saved/Collections/' took 0.01s
[2017.07.03-23.20.42:946][  0]LogFileCache: Scanning file cache for directory 'C:/Users/Camper/Documents/GitHub/Wiggler/UnrealProject/WaterWiggler/Content/Developers/Camper/Collections/' took 0.01s
[2017.07.03-23.20.42:946][  0]LogFileCache: Scanning file cache for directory 'C:/Users/Camper/Documents/GitHub/Wiggler/UnrealProject/WaterWiggler/Content/Collections/' took 0.01s
[2017.07.03-23.20.42:946][  0]LogCollectionManager: Rebuilt the GUID cache for 0 collections in 0.000002 seconds
[2017.07.03-23.20.42:955][  0]LogContentBrowser: Native class hierarchy populated in 0.0089 seconds. Added 2247 classes and 456 folders.
[2017.07.03-23.20.43:057][  0]LogContentBrowser: Native class hierarchy updated for 'WidgetCarousel' in 0.0005 seconds. Added 0 classes and 0 folders.
[2017.07.03-23.20.43:184][  0]LogContentBrowser: Native class hierarchy updated for 'AddContentDialog' in 0.0006 seconds. Added 0 classes and 0 folders.
[2017.07.03-23.20.43:250][  0]LogContentBrowser: Native class hierarchy updated for 'SceneOutliner' in 0.0005 seconds. Added 1 classes and 2 folders.
[2017.07.03-23.20.43:377][  0]LogCrashTracker: Crashtracker disabled due to settings.
[2017.07.03-23.20.43:383][  0]LogUObjectGlobals:Warning: Failed to find object 'Class None.'
[2017.07.03-23.20.43:476][  0]LogContentBrowser: Native class hierarchy updated for 'HierarchicalLODOutliner' in 0.0006 seconds. Added 1 classes and 2 folders.
[2017.07.03-23.20.43:476][  0]LogLoad: (Engine Initialization) Total time: 21.15 seconds
[2017.07.03-23.20.43:476][  0]LogLoad: (Engine Initialization) Total Blueprint compile time: 0.22 seconds
[2017.07.03-23.20.43:476][  0]LogExternalProfiler: No external profilers were discovered.  External profiling features will not be available.
[2017.07.03-23.20.43:495][  0]LogOcInput: OculusInput pre-init called
[2017.07.03-23.20.43:497][  0]LogRawInputWindows:Warning: Found device 0 devices
[2017.07.03-23.20.43:497][  0]LogRawInputWindows:Warning: Found device 0 devices
[2017.07.03-23.20.43:497][  0]LogRawInputWindows:Warning: Device was registered succesfully but not connected (Usage:4 UsagePage:1
[2017.07.03-23.20.43:521][  0]LogContentStreaming: Texture pool size now 1000 MB
[2017.07.03-23.20.43:523][  0]LogSlate: Took 0.000377 seconds to synchronously load lazily loaded font '../../../Engine/Content/Slate/Fonts/Roboto-Regular.ttf' (155K)
[2017.07.03-23.20.43:526][  0]LogSlate: Took 0.000376 seconds to synchronously load lazily loaded font '../../../Engine/Content/Slate/Fonts/Roboto-Bold.ttf' (160K)
[2017.07.03-23.20.43:532][  0]LogSlate: Took 0.000362 seconds to synchronously load lazily loaded font '../../../Engine/Content/Editor/Slate/Fonts/FontAwesome.ttf' (139K)
[2017.07.03-23.20.43:653][  0]LogSlate: Took 0.000307 seconds to synchronously load lazily loaded font '../../../Engine/Content/Slate/Fonts/Roboto-Light.ttf' (159K)
[2017.07.03-23.20.43:707][  0]LogRenderer: Reallocating scene render targets to support 1208x576 NumSamples 1 (Frame:2).
[2017.07.03-23.20.43:805][  1]LogAssetRegistry: Asset discovery search completed in 13.2879 seconds
[2017.07.03-23.20.43:805][  1]LogCollectionManager: Rebuilt the object cache for 0 collections in 0.000005 seconds (found 0 objects)
[2017.07.03-23.20.43:805][  1]LogCollectionManager: Fixed up redirectors for 0 collections in 0.000021 seconds (updated 0 objects)
[2017.07.03-23.21.06:150][442]LogSlate: Took 0.000434 seconds to synchronously load lazily loaded font '../../../Engine/Content/Slate/Fonts/Roboto-Light.ttf' (159K)
[2017.07.03-23.21.06:206][442]LogFactory: FactoryCreateFile: StaticMesh with FbxFactory (0 0 ../../../../../../Users/Camper/Documents/GitHub/Wiggler/Models/boat_model.fbx)
[2017.07.03-23.21.06:214][442]LogFbx: ItemName: GlobalSettings, ItemCount : 1
[2017.07.03-23.21.06:214][442]LogFbx: ItemName: AnimationStack, ItemCount : 1
[2017.07.03-23.21.06:214][442]LogFbx: ItemName: AnimationLayer, ItemCount : 1
[2017.07.03-23.21.06:214][442]LogFbx: ItemName: NodeAttribute, ItemCount : 11
[2017.07.03-23.21.06:214][442]LogFbx: ItemName: Model, ItemCount : 15
[2017.07.03-23.21.06:214][442]LogFbx: ItemName: Geometry, ItemCount : 4
[2017.07.03-23.21.06:214][442]LogFbx: ItemName: Material, ItemCount : 1
[2017.07.03-23.21.06:214][442]LogFbx: ItemName: Texture, ItemCount : 1
[2017.07.03-23.21.06:214][442]LogFbx: ItemName: CollectionExclusive, ItemCount : 6
[2017.07.03-23.21.06:214][442]LogFbx: ItemName: Video, ItemCount : 1
[2017.07.03-23.21.06:219][442]LogFbx: Loading FBX Scene from ../../../../../../Users/Camper/Documents/GitHub/Wiggler/Models/boat_model.fbx
[2017.07.03-23.21.06:231][442]LogFbx: FBX Scene Loaded Succesfully
[2017.07.03-23.21.28:407][442]LogFbx: Loading FBX Scene from ../../../../../../Users/Camper/Documents/GitHub/Wiggler/Models/boat_model.fbx
[2017.07.03-23.21.28:420][442]LogFbx: FBX Scene Loaded Succesfully
[2017.07.03-23.21.28:426][442]LogFbx:Warning: Triangulating static mesh boat_hull
[2017.07.03-23.21.28:611][442]LogStaticMesh: Building static mesh boat_model_boat_hull...
[2017.07.03-23.21.28:644][442]LogStaticMesh: Built static mesh [0.03s] /Game/Import/boat_model_boat_hull.boat_model_boat_hull
[2017.07.03-23.21.28:660][442]LogFbx:Warning: Triangulating static mesh boat_propeller
[2017.07.03-23.21.28:758][442]LogStaticMesh: Building static mesh boat_model_boat_propeller...
[2017.07.03-23.21.28:776][442]LogStaticMesh: Built static mesh [0.02s] /Game/Import/boat_model_boat_propeller.boat_model_boat_propeller
[2017.07.03-23.21.28:785][442]LogFbx:Warning: Triangulating static mesh boat_rudder
[2017.07.03-23.21.28:819][442]LogStaticMesh: Building static mesh boat_model_boat_rudder...
[2017.07.03-23.21.28:826][442]LogStaticMesh: Built static mesh [0.01s] /Game/Import/boat_model_boat_rudder.boat_model_boat_rudder
[2017.07.03-23.21.28:832][442]LogFbx:Warning: Triangulating static mesh boat_steeringWheel
[2017.07.03-23.21.28:855][442]LogStaticMesh: Building static mesh boat_model_boat_steeringWheel...
[2017.07.03-23.21.28:862][442]LogStaticMesh: Built static mesh [0.01s] /Game/Import/boat_model_boat_steeringWheel.boat_model_boat_steeringWheel
[2017.07.03-23.21.28:869][442]FBXImport:Warning: Warning No smoothing group information was found in this FBX scene.  Please make sure to enable the 'Export Smoothing Groups' option in the FBX Exporter plug-in before exporting the file.  Even for tools that don't support smoothing groups, the FBX Exporter will generate appropriate smoothing data at export-time so that correct vertex normals can be inferred while importing. 
[2017.07.03-23.21.51:480][893]LogFactory: FactoryCreateFile: StaticMesh with FbxFactory (0 0 ../../../../../../Users/Camper/Documents/GitHub/Wiggler/Models/boat_model.fbx)
[2017.07.03-23.21.51:487][893]LogFbx: ItemName: GlobalSettings, ItemCount : 1
[2017.07.03-23.21.51:487][893]LogFbx: ItemName: AnimationStack, ItemCount : 1
[2017.07.03-23.21.51:487][893]LogFbx: ItemName: AnimationLayer, ItemCount : 1
[2017.07.03-23.21.51:487][893]LogFbx: ItemName: NodeAttribute, ItemCount : 11
[2017.07.03-23.21.51:487][893]LogFbx: ItemName: Model, ItemCount : 15
[2017.07.03-23.21.51:487][893]LogFbx: ItemName: Geometry, ItemCount : 4
[2017.07.03-23.21.51:487][893]LogFbx: ItemName: Material, ItemCount : 1
[2017.07.03-23.21.51:487][893]LogFbx: ItemName: Texture, ItemCount : 1
[2017.07.03-23.21.51:487][893]LogFbx: ItemName: CollectionExclusive, ItemCount : 6
[2017.07.03-23.21.51:487][893]LogFbx: ItemName: Video, ItemCount : 1
[2017.07.03-23.21.51:492][893]LogFbx: Loading FBX Scene from ../../../../../../Users/Camper/Documents/GitHub/Wiggler/Models/boat_model.fbx
[2017.07.03-23.21.51:504][893]LogFbx: FBX Scene Loaded Succesfully
[2017.07.03-23.22.02:010][893]LogFbx: Loading FBX Scene from ../../../../../../Users/Camper/Documents/GitHub/Wiggler/Models/boat_model.fbx
[2017.07.03-23.22.02:022][893]LogFbx: FBX Scene Loaded Succesfully
[2017.07.03-23.22.02:026][893]LogFbx:Warning: Triangulating static mesh boat_hull
[2017.07.03-23.22.02:210][893]LogStaticMesh: Building static mesh boat_model_boat_hull...
[2017.07.03-23.22.02:243][893]LogStaticMesh: Built static mesh [0.03s] /Game/Import/boat_model_boat_hull.boat_model_boat_hull
[2017.07.03-23.22.02:257][893]LogFbx:Warning: Triangulating static mesh boat_propeller
[2017.07.03-23.22.02:356][893]LogStaticMesh: Building static mesh boat_model_boat_propeller...
[2017.07.03-23.22.02:374][893]LogStaticMesh: Built static mesh [0.02s] /Game/Import/boat_model_boat_propeller.boat_model_boat_propeller
[2017.07.03-23.22.02:382][893]LogFbx:Warning: Triangulating static mesh boat_rudder
[2017.07.03-23.22.02:415][893]LogStaticMesh: Building static mesh boat_model_boat_rudder...
[2017.07.03-23.22.02:422][893]LogStaticMesh: Built static mesh [0.01s] /Game/Import/boat_model_boat_rudder.boat_model_boat_rudder
[2017.07.03-23.22.02:427][893]LogFbx:Warning: Triangulating static mesh boat_steeringWheel
[2017.07.03-23.22.02:450][893]LogStaticMesh: Building static mesh boat_model_boat_steeringWheel...
[2017.07.03-23.22.02:456][893]LogStaticMesh: Built static mesh [0.01s] /Game/Import/boat_model_boat_steeringWheel.boat_model_boat_steeringWheel
[2017.07.03-23.22.02:464][893]FBXImport:Warning: Warning No smoothing group information was found in this FBX scene.  Please make sure to enable the 'Export Smoothing Groups' option in the FBX Exporter plug-in before exporting the file.  Even for tools that don't support smoothing groups, the FBX Exporter will generate appropriate smoothing data at export-time so that correct vertex normals can be inferred while importing. 
[2017.07.03-23.22.39:383][780]LogSavePackage: Save=13.57ms
[2017.07.03-23.22.39:383][780]LogSavePackage: Moving '../../../../../../Users/Camper/Documents/GitHub/Wiggler/UnrealProject/WaterWiggler/Saved/boat_model_boat_hull92D70AEE4A465436C2FB4CAF281251C7.tmp' to '../../../../../../Users/Camper/Documents/GitHub/Wiggler/UnrealProject/WaterWiggler/Content/Import/boat_model_boat_hull.uasset'
[2017.07.03-23.22.39:388][780]LogSavePackage:Display: Finished SavePackage ../../../../../../Users/Camper/Documents/GitHub/Wiggler/UnrealProject/WaterWiggler/Content/Import/boat_model_boat_hull.uasset
[2017.07.03-23.22.49:225][898]LogFactory: FactoryCreateFile: StaticMesh with FbxFactory (0 0 ../../../../../../Users/Camper/Documents/GitHub/Wiggler/Models/boat_model.fbx)
[2017.07.03-23.22.49:231][898]LogFbx: ItemName: GlobalSettings, ItemCount : 1
[2017.07.03-23.22.49:231][898]LogFbx: ItemName: AnimationStack, ItemCount : 1
[2017.07.03-23.22.49:231][898]LogFbx: ItemName: AnimationLayer, ItemCount : 1
[2017.07.03-23.22.49:231][898]LogFbx: ItemName: NodeAttribute, ItemCount : 11
[2017.07.03-23.22.49:231][898]LogFbx: ItemName: Model, ItemCount : 15
[2017.07.03-23.22.49:231][898]LogFbx: ItemName: Geometry, ItemCount : 4
[2017.07.03-23.22.49:231][898]LogFbx: ItemName: Material, ItemCount : 1
[2017.07.03-23.22.49:231][898]LogFbx: ItemName: Texture, ItemCount : 1
[2017.07.03-23.22.49:231][898]LogFbx: ItemName: CollectionExclusive, ItemCount : 6
[2017.07.03-23.22.49:231][898]LogFbx: ItemName: Video, ItemCount : 1
[2017.07.03-23.22.49:235][898]LogFbx: Loading FBX Scene from ../../../../../../Users/Camper/Documents/GitHub/Wiggler/Models/boat_model.fbx
[2017.07.03-23.22.49:247][898]LogFbx: FBX Scene Loaded Succesfully
[2017.07.03-23.22.56:169][898]LogFbx: Loading FBX Scene from ../../../../../../Users/Camper/Documents/GitHub/Wiggler/Models/boat_model.fbx
[2017.07.03-23.22.56:181][898]LogFbx: FBX Scene Loaded Succesfully
[2017.07.03-23.22.56:185][898]LogFbx:Warning: Triangulating static mesh boat_hull
[2017.07.03-23.22.56:369][898]LogStaticMesh: Building static mesh boat_model_boat_hull...
[2017.07.03-23.22.56:402][898]LogStaticMesh: Built static mesh [0.03s] /Game/Import/boat_model_boat_hull.boat_model_boat_hull
[2017.07.03-23.22.56:415][898]LogFbx:Warning: Triangulating static mesh boat_propeller
[2017.07.03-23.22.56:513][898]LogStaticMesh: Building static mesh boat_model_boat_propeller...
[2017.07.03-23.22.56:531][898]LogStaticMesh: Built static mesh [0.02s] /Game/Import/boat_model_boat_propeller.boat_model_boat_propeller
[2017.07.03-23.22.56:539][898]LogFbx:Warning: Triangulating static mesh boat_rudder
[2017.07.03-23.22.56:572][898]LogStaticMesh: Building static mesh boat_model_boat_rudder...
[2017.07.03-23.22.56:579][898]LogStaticMesh: Built static mesh [0.01s] /Game/Import/boat_model_boat_rudder.boat_model_boat_rudder
[2017.07.03-23.22.56:585][898]LogFbx:Warning: Triangulating static mesh boat_steeringWheel
[2017.07.03-23.22.56:608][898]LogStaticMesh: Building static mesh boat_model_boat_steeringWheel...
[2017.07.03-23.22.56:615][898]LogStaticMesh: Built static mesh [0.01s] /Game/Import/boat_model_boat_steeringWheel.boat_model_boat_steeringWheel
[2017.07.03-23.22.56:622][898]FBXImport:Warning: Warning No smoothing group information was found in this FBX scene.  Please make sure to enable the 'Export Smoothing Groups' option in the FBX Exporter plug-in before exporting the file.  Even for tools that don't support smoothing groups, the FBX Exporter will generate appropriate smoothing data at export-time so that correct vertex normals can be inferred while importing. 
[2017.07.03-23.23.11:841][254]LogSavePackage: Save=11.79ms
[2017.07.03-23.23.11:841][254]LogSavePackage: Moving '../../../../../../Users/Camper/Documents/GitHub/Wiggler/UnrealProject/WaterWiggler/Saved/boat_model_boat_hullFF46FAD24E12411715387BB12D4C5F13.tmp' to '../../../../../../Users/Camper/Documents/GitHub/Wiggler/UnrealProject/WaterWiggler/Content/Import/boat_model_boat_hull.uasset'
[2017.07.03-23.23.11:845][254]LogSavePackage:Display: Finished SavePackage ../../../../../../Users/Camper/Documents/GitHub/Wiggler/UnrealProject/WaterWiggler/Content/Import/boat_model_boat_hull.uasset
[2017.07.03-23.23.19:569][309]LogFactory: FactoryCreateFile: StaticMesh with FbxFactory (0 0 ../../../../../../Users/Camper/Documents/GitHub/Wiggler/Models/boat_model.fbx)
[2017.07.03-23.23.19:575][309]LogFbx: ItemName: GlobalSettings, ItemCount : 1
[2017.07.03-23.23.19:575][309]LogFbx: ItemName: AnimationStack, ItemCount : 1
[2017.07.03-23.23.19:575][309]LogFbx: ItemName: AnimationLayer, ItemCount : 1
[2017.07.03-23.23.19:575][309]LogFbx: ItemName: NodeAttribute, ItemCount : 11
[2017.07.03-23.23.19:575][309]LogFbx: ItemName: Model, ItemCount : 15
[2017.07.03-23.23.19:575][309]LogFbx: ItemName: Geometry, ItemCount : 4
[2017.07.03-23.23.19:575][309]LogFbx: ItemName: Material, ItemCount : 1
[2017.07.03-23.23.19:575][309]LogFbx: ItemName: Texture, ItemCount : 1
[2017.07.03-23.23.19:575][309]LogFbx: ItemName: CollectionExclusive, ItemCount : 6
[2017.07.03-23.23.19:575][309]LogFbx: ItemName: Video, ItemCount : 1
[2017.07.03-23.23.19:580][309]LogFbx: Loading FBX Scene from ../../../../../../Users/Camper/Documents/GitHub/Wiggler/Models/boat_model.fbx
[2017.07.03-23.23.19:592][309]LogFbx: FBX Scene Loaded Succesfully
[2017.07.03-23.25.43:737][309]LogFbx: Loading FBX Scene from ../../../../../../Users/Camper/Documents/GitHub/Wiggler/Models/boat_model.fbx
[2017.07.03-23.25.43:751][309]LogFbx: FBX Scene Loaded Succesfully
[2017.07.03-23.25.43:754][309]LogFbx:Warning: Triangulating static mesh boat_hull
[2017.07.03-23.25.43:940][309]LogStaticMesh: Building static mesh boat_model_boat_hull...
[2017.07.03-23.25.43:974][309]LogStaticMesh: Built static mesh [0.03s] /Game/Import/boat_model_boat_hull.boat_model_boat_hull
[2017.07.03-23.25.43:989][309]LogFbx:Warning: Triangulating static mesh boat_propeller
[2017.07.03-23.25.44:088][309]LogStaticMesh: Building static mesh boat_model_boat_propeller...
[2017.07.03-23.25.44:105][309]LogStaticMesh: Built static mesh [0.02s] /Game/Import/boat_model_boat_propeller.boat_model_boat_propeller
[2017.07.03-23.25.44:113][309]LogFbx:Warning: Triangulating static mesh boat_rudder
[2017.07.03-23.25.44:147][309]LogStaticMesh: Building static mesh boat_model_boat_rudder...
[2017.07.03-23.25.44:154][309]LogStaticMesh: Built static mesh [0.01s] /Game/Import/boat_model_boat_rudder.boat_model_boat_rudder
[2017.07.03-23.25.44:160][309]LogFbx:Warning: Triangulating static mesh boat_steeringWheel
[2017.07.03-23.25.44:182][309]LogStaticMesh: Building static mesh boat_model_boat_steeringWheel...
[2017.07.03-23.25.44:189][309]LogStaticMesh: Built static mesh [0.01s] /Game/Import/boat_model_boat_steeringWheel.boat_model_boat_steeringWheel
[2017.07.03-23.25.44:197][309]FBXImport:Warning: Warning No smoothing group information was found in this FBX scene.  Please make sure to enable the 'Export Smoothing Groups' option in the FBX Exporter plug-in before exporting the file.  Even for tools that don't support smoothing groups, the FBX Exporter will generate appropriate smoothing data at export-time so that correct vertex normals can be inferred while importing. 
[2017.07.03-23.25.48:728][422]LogSavePackage: Save=12.07ms
[2017.07.03-23.25.48:728][422]LogSavePackage: Moving '../../../../../../Users/Camper/Documents/GitHub/Wiggler/UnrealProject/WaterWiggler/Saved/boat_model_boat_hull790B2996482AA36BA367D69288FEC90C.tmp' to '../../../../../../Users/Camper/Documents/GitHub/Wiggler/UnrealProject/WaterWiggler/Content/Import/boat_model_boat_hull.uasset'
[2017.07.03-23.25.48:733][422]LogSavePackage:Display: Finished SavePackage ../../../../../../Users/Camper/Documents/GitHub/Wiggler/UnrealProject/WaterWiggler/Content/Import/boat_model_boat_hull.uasset
[2017.07.03-23.25.54:784][498]LogFactory: FactoryCreateFile: StaticMesh with FbxFactory (0 0 ../../../../../../Users/Camper/Documents/GitHub/Wiggler/Models/boat_model.fbx)
[2017.07.03-23.25.54:790][498]LogFbx: ItemName: GlobalSettings, ItemCount : 1
[2017.07.03-23.25.54:790][498]LogFbx: ItemName: AnimationStack, ItemCount : 1
[2017.07.03-23.25.54:790][498]LogFbx: ItemName: AnimationLayer, ItemCount : 1
[2017.07.03-23.25.54:790][498]LogFbx: ItemName: NodeAttribute, ItemCount : 11
[2017.07.03-23.25.54:790][498]LogFbx: ItemName: Model, ItemCount : 15
[2017.07.03-23.25.54:790][498]LogFbx: ItemName: Geometry, ItemCount : 4
[2017.07.03-23.25.54:790][498]LogFbx: ItemName: Material, ItemCount : 1
[2017.07.03-23.25.54:790][498]LogFbx: ItemName: Texture, ItemCount : 1
[2017.07.03-23.25.54:790][498]LogFbx: ItemName: CollectionExclusive, ItemCount : 6
[2017.07.03-23.25.54:790][498]LogFbx: ItemName: Video, ItemCount : 1
[2017.07.03-23.25.54:795][498]LogFbx: Loading FBX Scene from ../../../../../../Users/Camper/Documents/GitHub/Wiggler/Models/boat_model.fbx
[2017.07.03-23.25.54:808][498]LogFbx: FBX Scene Loaded Succesfully
[2017.07.03-23.26.16:454][498]LogFbx: Loading FBX Scene from ../../../../../../Users/Camper/Documents/GitHub/Wiggler/Models/boat_model.fbx
[2017.07.03-23.26.16:468][498]LogFbx: FBX Scene Loaded Succesfully
[2017.07.03-23.26.16:471][498]LogFbx:Warning: Triangulating static mesh boat_hull
[2017.07.03-23.26.16:657][498]LogStaticMesh: Building static mesh boat_model_boat_hull...
[2017.07.03-23.26.16:690][498]LogStaticMesh: Built static mesh [0.03s] /Game/Import/boat_model_boat_hull.boat_model_boat_hull
[2017.07.03-23.26.16:703][498]LogFbx:Warning: Triangulating static mesh boat_propeller
[2017.07.03-23.26.16:800][498]LogStaticMesh: Building static mesh boat_model_boat_propeller...
[2017.07.03-23.26.16:818][498]LogStaticMesh: Built static mesh [0.02s] /Game/Import/boat_model_boat_propeller.boat_model_boat_propeller
[2017.07.03-23.26.16:826][498]LogFbx:Warning: Triangulating static mesh boat_rudder
[2017.07.03-23.26.16:860][498]LogStaticMesh: Building static mesh boat_model_boat_rudder...
[2017.07.03-23.26.16:867][498]LogStaticMesh: Built static mesh [0.01s] /Game/Import/boat_model_boat_rudder.boat_model_boat_rudder
[2017.07.03-23.26.16:873][498]LogFbx:Warning: Triangulating static mesh boat_steeringWheel
[2017.07.03-23.26.16:896][498]LogStaticMesh: Building static mesh boat_model_boat_steeringWheel...
[2017.07.03-23.26.16:902][498]LogStaticMesh: Built static mesh [0.01s] /Game/Import/boat_model_boat_steeringWheel.boat_model_boat_steeringWheel
[2017.07.03-23.26.16:909][498]FBXImport:Warning: Warning No smoothing group information was found in this FBX scene.  Please make sure to enable the 'Export Smoothing Groups' option in the FBX Exporter plug-in before exporting the file.  Even for tools that don't support smoothing groups, the FBX Exporter will generate appropriate smoothing data at export-time so that correct vertex normals can be inferred while importing. 
[2017.07.03-23.26.31:338][842]LogSavePackage: Save=11.94ms
[2017.07.03-23.26.31:338][842]LogSavePackage: Moving '../../../../../../Users/Camper/Documents/GitHub/Wiggler/UnrealProject/WaterWiggler/Saved/boat_model_boat_hullD60DC65445904CF1574417958AD93870.tmp' to '../../../../../../Users/Camper/Documents/GitHub/Wiggler/UnrealProject/WaterWiggler/Content/Import/boat_model_boat_hull.uasset'
[2017.07.03-23.26.31:342][842]LogSavePackage:Display: Finished SavePackage ../../../../../../Users/Camper/Documents/GitHub/Wiggler/UnrealProject/WaterWiggler/Content/Import/boat_model_boat_hull.uasset
[2017.07.03-23.26.36:940][935]Cmd: QUIT_EDITOR
[2017.07.03-23.26.36:975][935]LogWindowsTextInputMethodSystem:Display: IME system now deactivated.
[2017.07.03-23.26.36:999][935]LogExit: Preparing to exit.
[2017.07.03-23.26.37:455][935]LogDirectoryWatcher: A directory notification for 'C:/Users/Camper/Documents/GitHub/Wiggler/UnrealProject/WaterWiggler/Content/' was aborted.
[2017.07.03-23.26.37:473][935]LogExit: Editor shut down
[2017.07.03-23.26.37:473][935]LogExit: Transaction tracking system shut down
[2017.07.03-23.26.37:530][935]LogObj: Freed 0b from 0 cluster array pools.
[2017.07.03-23.26.37:530][935]LogExit: Object subsystem successfully closed.
[2017.07.03-23.26.37:538][935]LogD3D11RHI: Shutdown
[2017.07.03-23.26.37:538][935]LogD3D11RHI: CleanupD3DDevice
[2017.07.03-23.26.37:601][935]LogD3D11RHI: ~FD3D11DynamicRHI
[2017.07.03-23.26.37:633][935]LogModuleManager: Shutting down and abandoning module StaticMeshEditor (502)
[2017.07.03-23.26.37:633][935]LogModuleManager: Shutting down and abandoning module HierarchicalLODOutliner (500)
[2017.07.03-23.26.37:633][935]LogModuleManager: Shutting down and abandoning module CrashTracker (498)
[2017.07.03-23.26.37:633][935]LogModuleManager: Shutting down and abandoning module SceneOutliner (496)
[2017.07.03-23.26.37:633][935]LogModuleManager: Shutting down and abandoning module AddContentDialog (494)
[2017.07.03-23.26.37:633][935]LogDirectoryWatcher: A directory notification for 'C:/Program Files/Epic Games/UE_4.15/FeaturePacks/' was aborted.
[2017.07.03-23.26.37:634][935]LogModuleManager: Shutting down and abandoning module WidgetCarousel (493)
[2017.07.03-23.26.37:634][935]LogModuleManager: Shutting down and abandoning module EditorWidgets (490)
[2017.07.03-23.26.37:634][935]LogModuleManager: Shutting down and abandoning module CollectionManager (488)
[2017.07.03-23.26.37:634][935]LogDirectoryWatcher: A directory notification for 'C:/Users/Camper/Documents/GitHub/Wiggler/UnrealProject/WaterWiggler/Content/Collections/' was aborted.
[2017.07.03-23.26.37:634][935]LogDirectoryWatcher: A directory notification for 'C:/Users/Camper/Documents/GitHub/Wiggler/UnrealProject/WaterWiggler/Content/Developers/Camper/Collections/' was aborted.
[2017.07.03-23.26.37:634][935]LogDirectoryWatcher: A directory notification for 'C:/Users/Camper/Documents/GitHub/Wiggler/UnrealProject/WaterWiggler/Saved/Collections/' was aborted.
[2017.07.03-23.26.37:634][935]LogModuleManager: Shutting down and abandoning module StatsViewer (486)
[2017.07.03-23.26.37:634][935]LogModuleManager: Shutting down and abandoning module FoliageEdit (484)
[2017.07.03-23.26.37:634][935]LogModuleManager: Shutting down and abandoning module LandscapeEditor (482)
[2017.07.03-23.26.37:634][935]LogModuleManager: Shutting down and abandoning module SceneDepthPickerMode (480)
[2017.07.03-23.26.37:634][935]LogModuleManager: Shutting down and abandoning module ActorPickerMode (478)
[2017.07.03-23.26.37:634][935]LogModuleManager: Shutting down and abandoning module GeometryMode (476)
[2017.07.03-23.26.37:634][935]LogModuleManager: Shutting down and abandoning module TextureAlignMode (474)
[2017.07.03-23.26.37:634][935]LogModuleManager: Shutting down and abandoning module BspMode (472)
[2017.07.03-23.26.37:634][935]LogModuleManager: Shutting down and abandoning module HardwareSurvey (470)
[2017.07.03-23.26.37:634][935]LogModuleManager: Shutting down and abandoning module SequenceRecorderSections (468)
[2017.07.03-23.26.37:634][935]LogModuleManager: Shutting down and abandoning module AutomationWorker (466)
[2017.07.03-23.26.37:634][935]LogModuleManager: Shutting down and abandoning module MatineeToLevelSequence (464)
[2017.07.03-23.26.37:634][935]LogModuleManager: Shutting down and abandoning module LevelSequenceEditor (462)
[2017.07.03-23.26.37:634][935]LogModuleManager: Shutting down and abandoning module PlacementMode (461)
[2017.07.03-23.26.37:634][935]LogModuleManager: Shutting down and abandoning module WmfMediaFactory (458)
[2017.07.03-23.26.37:634][935]LogModuleManager: Shutting down and abandoning module WmfMediaEditor (456)
[2017.07.03-23.26.37:634][935]LogModuleManager: Shutting down and abandoning module MfMediaFactory (454)
[2017.07.03-23.26.37:634][935]LogModuleManager: Shutting down and abandoning module MfMediaEditor (452)
[2017.07.03-23.26.37:634][935]LogModuleManager: Shutting down and abandoning module AvfMediaFactory (450)
[2017.07.03-23.26.37:634][935]LogModuleManager: Shutting down and abandoning module AvfMediaEditor (448)
[2017.07.03-23.26.37:634][935]LogModuleManager: Shutting down and abandoning module AndroidMediaFactory (446)
[2017.07.03-23.26.37:634][935]LogModuleManager: Shutting down and abandoning module Media (445)
[2017.07.03-23.26.37:634][935]LogModuleManager: Shutting down and abandoning module AndroidMediaEditor (442)
[2017.07.03-23.26.37:634][935]LogModuleManager: Shutting down and abandoning module CharacterAI (440)
[2017.07.03-23.26.37:634][935]LogModuleManager: Shutting down and abandoning module AudioCapture (438)
[2017.07.03-23.26.37:634][935]LogModuleManager: Shutting down and abandoning module SequenceRecorder (437)
[2017.07.03-23.26.37:634][935]LogModuleManager: Shutting down and abandoning module SmartSnapping (434)
[2017.07.03-23.26.37:634][935]LogModuleManager: Shutting down and abandoning module SessionServices (432)
[2017.07.03-23.26.37:634][935]LogModuleManager: Shutting down and abandoning module ViewportSnapping (430)
[2017.07.03-23.26.37:634][935]LogModuleManager: Shutting down and abandoning module ViewportInteraction (428)
[2017.07.03-23.26.37:634][935]LogModuleManager: Shutting down and abandoning module LogVisualizer (426)
[2017.07.03-23.26.37:634][935]LogModuleManager: Shutting down and abandoning module IntroTutorials (424)
[2017.07.03-23.26.37:635][935]LogModuleManager: Shutting down and abandoning module GameProjectGeneration (423)
[2017.07.03-23.26.37:635][935]LogModuleManager: Shutting down and abandoning module EditorLiveStreaming (420)
[2017.07.03-23.26.37:635][935]LogModuleManager: Shutting down and abandoning module IOSPlatformEditor (418)
[2017.07.03-23.26.37:635][935]LogModuleManager: Shutting down and abandoning module HTML5PlatformEditor (416)
[2017.07.03-23.26.37:635][935]LogModuleManager: Shutting down and abandoning module AndroidPlatformEditor (414)
[2017.07.03-23.26.37:635][935]LogModuleManager: Shutting down and abandoning module AndroidDeviceDetection (413)
[2017.07.03-23.26.37:659][935]LogModuleManager: Shutting down and abandoning module IOSRuntimeSettings (410)
[2017.07.03-23.26.37:659][935]LogModuleManager: Shutting down and abandoning module AndroidRuntimeSettings (408)
[2017.07.03-23.26.37:659][935]LogModuleManager: Shutting down and abandoning module InputBindingEditor (406)
[2017.07.03-23.26.37:659][935]LogModuleManager: Shutting down and abandoning module NiagaraEditor (404)
[2017.07.03-23.26.37:659][935]LogModuleManager: Shutting down and abandoning module MergeActors (402)
[2017.07.03-23.26.37:659][935]LogModuleManager: Shutting down and abandoning module SizeMap (400)
[2017.07.03-23.26.37:659][935]LogModuleManager: Shutting down and abandoning module TreeMap (398)
[2017.07.03-23.26.37:659][935]LogModuleManager: Shutting down and abandoning module ReferenceViewer (396)
[2017.07.03-23.26.37:659][935]LogModuleManager: Shutting down and abandoning module LocalizationDashboard (394)
[2017.07.03-23.26.37:659][935]LogModuleManager: Shutting down and abandoning module LocalizationService (393)
[2017.07.03-23.26.37:659][935]LogModuleManager: Shutting down and abandoning module HardwareTargeting (390)
[2017.07.03-23.26.37:659][935]LogModuleManager: Shutting down and abandoning module DeviceProfileEditor (388)
[2017.07.03-23.26.37:659][935]LogModuleManager: Shutting down and abandoning module UndoHistory (386)
[2017.07.03-23.26.37:659][935]LogModuleManager: Shutting down and abandoning module UserFeedback (384)
[2017.07.03-23.26.37:659][935]LogModuleManager: Shutting down and abandoning module XmlParser (382)
[2017.07.03-23.26.37:659][935]LogModuleManager: Shutting down and abandoning module Blutility (380)
[2017.07.03-23.26.37:659][935]LogModuleManager: Shutting down and abandoning module ProjectSettingsViewer (378)
[2017.07.03-23.26.37:659][935]LogModuleManager: Shutting down and abandoning module ProjectTargetPlatformEditor (377)
[2017.07.03-23.26.37:660][935]LogModuleManager: Shutting down and abandoning module EditorSettingsViewer (374)
[2017.07.03-23.26.37:660][935]LogModuleManager: Shutting down and abandoning module SettingsEditor (372)
[2017.07.03-23.26.37:660][935]LogModuleManager: Shutting down and abandoning module ProjectLauncher (370)
[2017.07.03-23.26.37:660][935]LogModuleManager: Shutting down and abandoning module SessionFrontend (368)
[2017.07.03-23.26.37:660][935]LogModuleManager: Shutting down and abandoning module ProfilerClient (366)
[2017.07.03-23.26.37:660][935]LogModuleManager: Shutting down and abandoning module DeviceManager (364)
[2017.07.03-23.26.37:660][935]LogModuleManager: Shutting down and abandoning module TargetDeviceServices (363)
[2017.07.03-23.26.37:701][935]LogModuleManager: Shutting down and abandoning module AutomationController (360)
[2017.07.03-23.26.37:701][935]LogModuleManager: Shutting down and abandoning module AutomationWindow (358)
[2017.07.03-23.26.37:701][935]LogModuleManager: Shutting down and abandoning module Layers (356)
[2017.07.03-23.26.37:701][935]LogModuleManager: Shutting down and abandoning module ComponentVisualizers (354)
[2017.07.03-23.26.37:701][935]LogModuleManager: Shutting down and abandoning module DetailCustomizations (352)
[2017.07.03-23.26.37:701][935]LogModuleManager: Shutting down and abandoning module PackagesDialog (350)
[2017.07.03-23.26.37:702][935]LogModuleManager: Shutting down and abandoning module Persona (348)
[2017.07.03-23.26.37:702][935]LogModuleManager: Shutting down and abandoning module AnimGraph (347)
[2017.07.03-23.26.37:702][935]LogModuleManager: Shutting down and abandoning module Kismet (344)
[2017.07.03-23.26.37:702][935]LogModuleManager: Shutting down and abandoning module GraphEditor (342)
[2017.07.03-23.26.37:702][935]LogModuleManager: Shutting down and abandoning module ClassViewer (340)
[2017.07.03-23.26.37:702][935]LogModuleManager: Shutting down and abandoning module Toolbox (338)
[2017.07.03-23.26.37:702][935]LogModuleManager: Shutting down and abandoning module ModuleUI (336)
[2017.07.03-23.26.37:702][935]LogModuleManager: Shutting down and abandoning module MovieSceneTools (334)
[2017.07.03-23.26.37:703][935]LogModuleManager: Shutting down and abandoning module OutputLog (332)
[2017.07.03-23.26.37:703][935]LogModuleManager: Shutting down and abandoning module GammaUI (330)
[2017.07.03-23.26.37:703][935]LogModuleManager: Shutting down and abandoning module Documentation (328)
[2017.07.03-23.26.37:703][935]LogModuleManager: Shutting down and abandoning module Niagara (326)
[2017.07.03-23.26.37:703][935]LogModuleManager: Shutting down and abandoning module StreamingPauseRendering (324)
[2017.07.03-23.26.37:703][935]LogModuleManager: Shutting down and abandoning module AnalyticsET (322)
[2017.07.03-23.26.37:703][935]LogModuleManager: Shutting down and abandoning module PortalServices (320)
[2017.07.03-23.26.37:703][935]LogModuleManager: Shutting down and abandoning module PortalRpc (318)
[2017.07.03-23.26.37:703][935]LogModuleManager: Shutting down and abandoning module MessagingRpc (316)
[2017.07.03-23.26.37:703][935]LogModuleManager: Shutting down and abandoning module AIModule (314)
[2017.07.03-23.26.37:703][935]LogModuleManager: Shutting down and abandoning module GameplayDebugger (313)
[2017.07.03-23.26.37:703][935]LogModuleManager: Shutting down and abandoning module AITestSuite (311)
[2017.07.03-23.26.37:703][935]LogModuleManager: Shutting down and abandoning module ProfilerService (308)
[2017.07.03-23.26.37:888][935]LogModuleManager: Shutting down and abandoning module TaskGraph (306)
[2017.07.03-23.26.37:888][935]LogModuleManager: Shutting down and abandoning module SteamVRController (304)
[2017.07.03-23.26.37:888][935]LogModuleManager: Shutting down and abandoning module SteamVR (302)
[2017.07.03-23.26.37:888][935]LogModuleManager: Shutting down and abandoning module ProceduralMeshComponentEditor (300)
[2017.07.03-23.26.37:888][935]LogModuleManager: Shutting down and abandoning module ProceduralMeshComponent (298)
[2017.07.03-23.26.37:888][935]LogModuleManager: Shutting down and abandoning module OculusLibrary (296)
[2017.07.03-23.26.37:888][935]LogModuleManager: Shutting down and abandoning module OculusInput (294)
[2017.07.03-23.26.37:888][935]LogModuleManager: Shutting down and abandoning module MobilePatchingUtils (292)
[2017.07.03-23.26.37:888][935]LogModuleManager: Shutting down and abandoning module CustomMeshComponent (290)
[2017.07.03-23.26.37:888][935]LogModuleManager: Shutting down and abandoning module CableComponent (288)
[2017.07.03-23.26.37:888][935]LogModuleManager: Shutting down and abandoning module ArchVisCharacter (286)
[2017.07.03-23.26.37:889][935]LogModuleManager: Shutting down and abandoning module MediaPlayerEditor (282)
[2017.07.03-23.26.37:889][935]LogModuleManager: Shutting down and abandoning module RawInput (280)
[2017.07.03-23.26.37:889][935]LogModuleManager: Shutting down and abandoning module HTML5Networking (278)
[2017.07.03-23.26.37:889][935]LogModuleManager: Shutting down and abandoning module AlembicImporter (276)
[2017.07.03-23.26.37:889][935]LogModuleManager: Shutting down and abandoning module AlembicLibrary (275)
[2017.07.03-23.26.37:889][935]LogModuleManager: Shutting down and abandoning module GeometryCache (274)
[2017.07.03-23.26.37:889][935]LogModuleManager: Shutting down and abandoning module GeometryCacheEd (273)
[2017.07.03-23.26.37:889][935]LogModuleManager: Shutting down and abandoning module SuperSearchEditor (268)
[2017.07.03-23.26.37:889][935]LogModuleManager: Shutting down and abandoning module SuperSearch (267)
[2017.07.03-23.26.37:889][935]LogModuleManager: Shutting down and abandoning module SpeedTreeImporter (264)
[2017.07.03-23.26.37:889][935]LogModuleManager: Shutting down and abandoning module PluginBrowser (262)
[2017.07.03-23.26.37:889][935]LogModuleManager: Shutting down and abandoning module MobileLauncherProfileWizard (260)
[2017.07.03-23.26.37:889][935]LogModuleManager: Shutting down and abandoning module EpicSurvey (258)
[2017.07.03-23.26.37:889][935]LogModuleManager: Shutting down and abandoning module VisualStudioSourceCodeAccess (256)
[2017.07.03-23.26.37:889][935]LogModuleManager: Shutting down and abandoning module DesktopPlatform (255)
[2017.07.03-23.26.37:889][935]LogModuleManager: Shutting down and abandoning module UObjectPlugin (252)
[2017.07.03-23.26.37:889][935]LogModuleManager: Shutting down and abandoning module SubversionSourceControl (250)
[2017.07.03-23.26.37:889][935]LogModuleManager: Shutting down and abandoning module PerforceSourceControl (248)
[2017.07.03-23.26.37:889][935]LogModuleManager: Shutting down and abandoning module GitSourceControl (246)
[2017.07.03-23.26.37:889][935]LogModuleManager: Shutting down and abandoning module SourceControl (245)
[2017.07.03-23.26.37:889][935]LogModuleManager: Shutting down and abandoning module LightPropagationVolumeEditor (242)
[2017.07.03-23.26.37:889][935]LogModuleManager: Shutting down and abandoning module PaperTiledImporter (240)
[2017.07.03-23.26.37:889][935]LogModuleManager: Shutting down and abandoning module PaperSpriteSheetImporter (238)
[2017.07.03-23.26.37:889][935]LogModuleManager: Shutting down and abandoning module Paper2DEditor (236)
[2017.07.03-23.26.37:889][935]LogModuleManager: Shutting down and abandoning module MeshPaint (235)
[2017.07.03-23.26.37:889][935]LogModuleManager: Shutting down and abandoning module LevelEditor (233)
[2017.07.03-23.26.37:890][935]LogModuleManager: Shutting down and abandoning module PixelInspectorModule (232)
[2017.07.03-23.26.37:890][935]LogModuleManager: Shutting down and abandoning module MainFrame (230)
[2017.07.03-23.26.37:890][935]LogModuleManager: Shutting down and abandoning module HotReload (229)
[2017.07.03-23.26.37:890][935]LogModuleManager: Shutting down and abandoning module ContentBrowser (225)
[2017.07.03-23.26.37:891][935]LogModuleManager: Shutting down and abandoning module PhysXVehiclesEditor (222)
[2017.07.03-23.26.37:891][935]LogModuleManager: Shutting down and abandoning module PhysXVehicles (220)
[2017.07.03-23.26.37:891][935]LogModuleManager: Shutting down and abandoning module LocationServicesBPLibrary (218)
[2017.07.03-23.26.37:891][935]LogModuleManager: Shutting down and abandoning module UdpMessaging (216)
[2017.07.03-23.26.37:992][935]LogModuleManager: Shutting down and abandoning module TcpMessaging (214)
[2017.07.03-23.26.38:286][935]LogModuleManager: Shutting down and abandoning module GameplayTagsEditor (212)
[2017.07.03-23.26.38:286][935]LogModuleManager: Shutting down and abandoning module FacialAnimationEditor (210)
[2017.07.03-23.26.38:286][935]LogModuleManager: Shutting down and abandoning module FacialAnimation (208)
[2017.07.03-23.26.38:286][935]LogModuleManager: Shutting down and abandoning module LightPropagationVolumeRuntime (206)
[2017.07.03-23.26.38:286][935]LogModuleManager: Shutting down and abandoning module Paper2D (204)
[2017.07.03-23.26.38:286][935]LogModuleManager: Shutting down and abandoning module WindowsMoviePlayer (202)
[2017.07.03-23.26.38:286][935]LogModuleManager: Shutting down and abandoning module WmfMedia (200)
[2017.07.03-23.26.38:286][935]LogModuleManager: Shutting down and abandoning module MfMedia (198)
[2017.07.03-23.26.38:286][935]LogModuleManager: Shutting down and abandoning module MediaAssets (196)
[2017.07.03-23.26.38:286][935]LogModuleManager: Shutting down and abandoning module GameLiveStreaming (194)
[2017.07.03-23.26.38:287][935]LogModuleManager: Shutting down and abandoning module VREditor (192)
[2017.07.03-23.26.38:287][935]LogModuleManager: Shutting down and abandoning module GameplayTasksEditor (190)
[2017.07.03-23.26.38:287][935]LogModuleManager: Shutting down and abandoning module BehaviorTreeEditor (188)
[2017.07.03-23.26.38:287][935]LogModuleManager: Shutting down and abandoning module FunctionalTesting (186)
[2017.07.03-23.26.38:287][935]LogModuleManager: Shutting down and abandoning module CollisionAnalyzer (184)
[2017.07.03-23.26.38:287][935]LogModuleManager: Shutting down and abandoning module UMG (182)
[2017.07.03-23.26.38:287][935]LogModuleManager: Shutting down and abandoning module UMGEditor (181)
[2017.07.03-23.26.38:287][935]LogModuleManager: Shutting down and abandoning module Sequencer (180)
[2017.07.03-23.26.38:287][935]LogModuleManager: Shutting down and abandoning module AssetTools (178)
[2017.07.03-23.26.38:287][935]LogModuleManager: Shutting down and abandoning module MessageLog (177)
[2017.07.03-23.26.38:287][935]LogModuleManager: Shutting down and abandoning module WorkspaceMenuStructure (176)
[2017.07.03-23.26.38:287][935]LogModuleManager: Shutting down and abandoning module SlateReflector (170)
[2017.07.03-23.26.38:287][935]LogModuleManager: Shutting down and abandoning module Slate (168)
[2017.07.03-23.26.38:287][935]LogModuleManager: Shutting down and abandoning module EditorStyle (166)
[2017.07.03-23.26.38:290][935]LogModuleManager: Shutting down and abandoning module SourceCodeAccess (164)
[2017.07.03-23.26.38:290][935]LogModuleManager: Shutting down and abandoning module HeadMountedDisplay (162)
[2017.07.03-23.26.38:290][935]LogModuleManager: Shutting down and abandoning module XAudio2 (160)
[2017.07.03-23.26.38:290][935]LogModuleManager: Shutting down and abandoning module Networking (158)
[2017.07.03-23.26.38:290][935]LogModuleManager: Shutting down and abandoning module Core (154)
[2017.07.03-23.26.38:290][935]LogModuleManager: Shutting down and abandoning module AssetRegistry (152)
[2017.07.03-23.26.38:371][935]LogDirectoryWatcher: A directory notification for '../../../Engine/Content/' was aborted.
[2017.07.03-23.26.38:371][935]LogDirectoryWatcher: A directory notification for '../../../../../../Users/Camper/Documents/GitHub/Wiggler/UnrealProject/WaterWiggler/Content/' was aborted.
[2017.07.03-23.26.38:371][935]LogDirectoryWatcher: A directory notification for '../../../Engine/Plugins/2D/Paper2D/Content/' was aborted.
[2017.07.03-23.26.38:371][935]LogModuleManager: Shutting down and abandoning module DirectoryWatcher (151)
[2017.07.03-23.26.38:372][935]LogModuleManager: Shutting down and abandoning module KismetCompiler (148)
[2017.07.03-23.26.38:372][935]LogModuleManager: Shutting down and abandoning module PhysXFormats (146)
[2017.07.03-23.26.38:372][935]LogModuleManager: Shutting down and abandoning module MeshUtilities (144)
[2017.07.03-23.26.38:372][935]LogModuleManager: Shutting down and abandoning module SimplygonSwarm (143)
[2017.07.03-23.26.38:372][935]LogModuleManager: Shutting down and abandoning module SimplygonMeshReduction (141)
[2017.07.03-23.26.38:372][935]LogModuleManager: Shutting down and abandoning module QuadricMeshReduction (139)
[2017.07.03-23.26.38:372][935]LogModuleManager: Shutting down and abandoning module PropertyEditor (137)
[2017.07.03-23.26.38:372][935]LogModuleManager: Shutting down and abandoning module DerivedDataCache (134)
[2017.07.03-23.26.38:446][935]LogDerivedDataCache: Shutdown
[2017.07.03-23.26.38:446][935]LogModuleManager: Shutting down and abandoning module TargetPlatform (132)
[2017.07.03-23.26.38:446][935]LogModuleManager: Shutting down and abandoning module VulkanShaderFormat (131)
[2017.07.03-23.26.38:446][935]LogModuleManager: Shutting down and abandoning module ShaderFormatOpenGL (129)
[2017.07.03-23.26.38:446][935]LogModuleManager: Shutting down and abandoning module ShaderFormatD3D (127)
[2017.07.03-23.26.38:446][935]LogModuleManager: Shutting down and abandoning module MetalShaderFormat (125)
[2017.07.03-23.26.38:446][935]LogModuleManager: Shutting down and abandoning module TextureFormatUncompressed (123)
[2017.07.03-23.26.38:446][935]LogModuleManager: Shutting down and abandoning module TextureFormatPVR (121)
[2017.07.03-23.26.38:446][935]LogModuleManager: Shutting down and abandoning module TextureFormatDXT (119)
[2017.07.03-23.26.38:446][935]LogModuleManager: Shutting down and abandoning module TextureFormatIntelISPCTexComp (117)
[2017.07.03-23.26.38:446][935]LogModuleManager: Shutting down and abandoning module TextureFormatASTC (115)
[2017.07.03-23.26.38:446][935]LogModuleManager: Shutting down and abandoning module ImageWrapper (114)
[2017.07.03-23.26.38:446][935]LogModuleManager: Shutting down and abandoning module TextureFormatAndroid (111)
[2017.07.03-23.26.38:446][935]LogModuleManager: Shutting down and abandoning module AudioFormatOpus (109)
[2017.07.03-23.26.38:446][935]LogModuleManager: Shutting down and abandoning module AudioFormatOgg (107)
[2017.07.03-23.26.38:446][935]LogModuleManager: Shutting down and abandoning module AudioFormatADPCM (105)
[2017.07.03-23.26.38:446][935]LogModuleManager: Shutting down and abandoning module LinuxTargetPlatform (103)
[2017.07.03-23.26.38:446][935]LogModuleManager: Shutting down and abandoning module LinuxServerTargetPlatform (101)
[2017.07.03-23.26.38:446][935]LogModuleManager: Shutting down and abandoning module LinuxNoEditorTargetPlatform (99)
[2017.07.03-23.26.38:446][935]LogModuleManager: Shutting down and abandoning module LinuxClientTargetPlatform (97)
[2017.07.03-23.26.38:446][935]LogModuleManager: Shutting down and abandoning module TVOSTargetPlatform (95)
[2017.07.03-23.26.38:446][935]LogModuleManager: Shutting down and abandoning module Messaging (93)
[2017.07.03-23.26.38:446][935]LogModuleManager: Shutting down and abandoning module IOSTargetPlatform (91)
[2017.07.03-23.26.38:446][935]LogModuleManager: Shutting down and abandoning module HTML5TargetPlatform (89)
[2017.07.03-23.26.38:446][935]LogModuleManager: Shutting down and abandoning module Android_PVRTCTargetPlatform (87)
[2017.07.03-23.26.38:446][935]LogModuleManager: Shutting down and abandoning module Android_MultiTargetPlatform (85)
[2017.07.03-23.26.38:446][935]LogModuleManager: Shutting down and abandoning module Android_ETC2TargetPlatform (83)
[2017.07.03-23.26.38:446][935]LogModuleManager: Shutting down and abandoning module Android_ETC1TargetPlatform (81)
[2017.07.03-23.26.38:446][935]LogModuleManager: Shutting down and abandoning module Android_DXTTargetPlatform (79)
[2017.07.03-23.26.38:446][935]LogModuleManager: Shutting down and abandoning module Android_ATCTargetPlatform (77)
[2017.07.03-23.26.38:446][935]LogModuleManager: Shutting down and abandoning module Android_ASTCTargetPlatform (75)
[2017.07.03-23.26.38:446][935]LogModuleManager: Shutting down and abandoning module AndroidTargetPlatform (73)
[2017.07.03-23.26.38:446][935]LogModuleManager: Shutting down and abandoning module WindowsTargetPlatform (71)
[2017.07.03-23.26.38:446][935]LogModuleManager: Shutting down and abandoning module WindowsServerTargetPlatform (69)
[2017.07.03-23.26.38:446][935]LogModuleManager: Shutting down and abandoning module WindowsNoEditorTargetPlatform (67)
[2017.07.03-23.26.38:446][935]LogModuleManager: Shutting down and abandoning module WindowsClientTargetPlatform (65)
[2017.07.03-23.26.38:446][935]LogModuleManager: Shutting down and abandoning module MacTargetPlatform (63)
[2017.07.03-23.26.38:446][935]LogModuleManager: Shutting down and abandoning module MacServerTargetPlatform (61)
[2017.07.03-23.26.38:446][935]LogModuleManager: Shutting down and abandoning module MacNoEditorTargetPlatform (59)
[2017.07.03-23.26.38:446][935]LogModuleManager: Shutting down and abandoning module MacClientTargetPlatform (57)
[2017.07.03-23.26.38:446][935]LogModuleManager: Shutting down and abandoning module AllDesktopTargetPlatform (55)
[2017.07.03-23.26.38:446][935]LogModuleManager: Shutting down and abandoning module InputCore (52)
[2017.07.03-23.26.38:446][935]LogModuleManager: Shutting down and abandoning module Settings (50)
[2017.07.03-23.26.38:446][935]LogModuleManager: Shutting down and abandoning module OculusRift (48)
[2017.07.03-23.26.38:446][935]LogModuleManager: Shutting down and abandoning module GearVR (46)
[2017.07.03-23.26.38:446][935]LogModuleManager: Shutting down and abandoning module ExampleDeviceProfileSelector (44)
[2017.07.03-23.26.38:446][935]LogModuleManager: Shutting down and abandoning module OnlineBlueprintSupport (42)
[2017.07.03-23.26.38:446][935]LogModuleManager: Shutting down and abandoning module OnlineSubsystem (38)
[2017.07.03-23.26.38:446][935]LogOnline:Display: Unloading online subsystem: NULL
[2017.07.03-23.26.38:446][935]LogModuleManager: Shutting down and abandoning module XMPP (37)
[2017.07.03-23.26.38:446][935]LogModuleManager: Shutting down and abandoning module HTTP (35)
[2017.07.03-23.26.38:446][935]LogHttp:Display: Http module shutting down, but needs to wait on 1 outstanding Http requests:
[2017.07.03-23.26.38:446][935]LogHttp:Display: 	verb=[POST] url=[https://datarouter.ol.epicgames.com/datarouter/api/v1/public/data?SessionID=%7B9E918C89-48B7-17F5-593E-0FBD462975AE%7D&AppID=UEEditor.Rocket.Release&AppVersion=4.15.3-3450819%2B%2B%2BUE4%2BRelease-4.15&UserID=cb03359b402e97089a818485821d9df5%7C430d55f15c0846bbb4bf413580f74b31%7C1ff1b01f-1d35-47d8-b799-dbda82573b2d&AppEnvironment=datacollector-binary&UploadType=eteventstream] status=Processing
[2017.07.03-23.26.38:471][935]LogModuleManager: Shutting down and abandoning module SSL (34)
[2017.07.03-23.26.38:472][935]LogModuleManager: Shutting down and abandoning module AudioEditor (30)
[2017.07.03-23.26.38:472][935]LogModuleManager: Shutting down and abandoning module TextureCompressor (28)
[2017.07.03-23.26.38:472][935]LogModuleManager: Shutting down and abandoning module ShaderCore (26)
[2017.07.03-23.26.38:472][935]LogModuleManager: Shutting down and abandoning module Landscape (24)
[2017.07.03-23.26.38:472][935]LogModuleManager: Shutting down and abandoning module SlateRHIRenderer (22)
[2017.07.03-23.26.38:473][935]LogModuleManager: Shutting down and abandoning module OpenGLDrv (20)
[2017.07.03-23.26.38:473][935]LogModuleManager: Shutting down and abandoning module D3D11RHI (18)
[2017.07.03-23.26.38:473][935]LogModuleManager: Shutting down and abandoning module AnimGraphRuntime (16)
[2017.07.03-23.26.38:473][935]LogModuleManager: Shutting down and abandoning module Renderer (14)
[2017.07.03-23.26.38:473][935]LogModuleManager: Shutting down and abandoning module Engine (12)
[2017.07.03-23.26.38:473][935]LogModuleManager: Shutting down and abandoning module CoreUObject (10)
[2017.07.03-23.26.38:473][935]LogModuleManager: Shutting down and abandoning module NetworkFile (8)
[2017.07.03-23.26.38:473][935]LogModuleManager: Shutting down and abandoning module StreamingFile (6)
[2017.07.03-23.26.38:473][935]LogModuleManager: Shutting down and abandoning module SandboxFile (4)
[2017.07.03-23.26.38:473][935]LogModuleManager: Shutting down and abandoning module PakFile (2)
[2017.07.03-23.26.38:475][935]LogExit: Exiting.
[2017.07.03-23.26.38:487][935]Log file closed, 07/03/17 19:26:38
