Log file open, 07/18/17 08:46:38
LogInit:Display: Running engine for game: WaterWiggler
LogPlatformFile: Not using cached read wrapper
LogInit:Display: RandInit(-407718765) SRandInit(-407718765).
LogTaskGraph: Started task graph with 5 named threads and 8 total threads with 1 sets of task threads.
LogStats: Stats thread started at 0.089769
LogInit: Using libcurl 7.47.1
LogInit:  - built for x86_64-pc-win32
LogInit:  - supports SSL with OpenSSL/1.0.2g
LogInit:  - supports HTTP deflate (compression) using libz 1.2.8
LogInit:  - other features:
LogInit:      CURL_VERSION_SSL
LogInit:      CURL_VERSION_LIBZ
LogInit:      CURL_VERSION_IPV6
LogInit:      CURL_VERSION_ASYNCHDNS
LogInit:      CURL_VERSION_LARGEFILE
LogInit:      CURL_VERSION_IDN
LogInit:  CurlRequestOptions (configurable via config and command line):
LogInit:  - bVerifyPeer = false  - Libcurl will NOT verify peer certificate
LogInit:  - bUseHttpProxy = false  - Libcurl will NOT use HTTP proxy
LogInit:  - bDontReuseConnections = false  - Libcurl will reuse connections
LogInit:  - CertBundlePath = nullptr  - Libcurl will use whatever was configured at build time.
LogInit: Build: ++UE4+Release-4.15-CL-3450819
LogInit: Engine Version: 4.15.3-3450819+++UE4+Release-4.15
LogInit: Compatible Engine Version: 4.15.0-3299760+++UE4+Release-4.15
LogInit: Net CL: 3299760
LogDevObjectVersion: Number of dev versions registered: 14
LogDevObjectVersion:   Dev-Blueprints (B0D832E4-1F89-4F0D-ACCF-7EB736FD4AA2): 8
LogDevObjectVersion:   Dev-Build (E1C64328-A22C-4D53-A36C-8E866417BD8C): 0
LogDevObjectVersion:   Dev-Core (375EC13C-06E4-48FB-B500-84F0262A717E): 2
LogDevObjectVersion:   Dev-Editor (E4B068ED-F494-42E9-A231-DA0B2E46BB41): 14
LogDevObjectVersion:   Dev-Framework (CFFC743F-43B0-4480-9391-14DF171D2073): 22
LogDevObjectVersion:   Dev-Mobile (B02B49B5-BB20-44E9-A304-32B752E40360): 0
LogDevObjectVersion:   Dev-Networking (A4E4105C-59A1-49B5-A7C5-40C4547EDFEE): 0
LogDevObjectVersion:   Dev-Online (39C831C9-5AE6-47DC-9A44-9C173E1C8E7C): 0
LogDevObjectVersion:   Dev-Physics (78F01B33-EBEA-4F98-B9B4-84EACCB95AA2): 0
LogDevObjectVersion:   Dev-Platform (6631380F-2D4D-43E0-8009-CF276956A95A): 0
LogDevObjectVersion:   Dev-Rendering (12F88B9F-8875-4AFC-A67C-D90C383ABD29): 12
LogDevObjectVersion:   Dev-Sequencer (7B5AE74C-D270-4C10-A958-57980B212A5A): 3
LogDevObjectVersion:   Dev-VR (D7296918-1DD6-4BDD-9DE2-64A83CC13884): 0
LogDevObjectVersion:   Dev-LoadTimes (C2A15278-BFE7-4AFE-6C17-90FF531DF755): 1
LogInit: Compiled (64-bit): May 21 2017 11:02:34
LogInit: Compiled with Visual C++: 19.00.23026.00
LogInit: Build Configuration: Development
LogInit: Branch Name: ++UE4+Release-4.15
LogInit: Command line:  
LogInit: Base directory: C:/Program Files/Epic Games/UE_4.15/Engine/Binaries/Win64/
LogInit: Installed Engine Build: 1
LogInit: Presizing for max 8388607 objects, including 0 objects not considered by GC, pre-allocating 0 bytes for permanent pool.
LogInit: Object subsystem initialized
[2017.07.18-12.46.39:769][  0]LogInit: Selected Device Profile: [Windows]
[2017.07.18-12.46.39:769][  0]LogInit: Applying CVar settings loaded from the selected device profile: [Windows]
[2017.07.18-12.46.39:798][  0]LogInit: Computer: EGDWS_MA_37
[2017.07.18-12.46.39:798][  0]LogInit: User: Camper
[2017.07.18-12.46.39:798][  0]LogInit: CPU Page size=65536, Cores=4
[2017.07.18-12.46.39:798][  0]LogInit: High frequency timer resolution =2.338347 MHz
[2017.07.18-12.46.39:798][  0]LogMemory: Memory total: Physical=15.6GB (16GB approx)
[2017.07.18-12.46.39:798][  0]LogMemory: Platform Memory Stats for Windows
[2017.07.18-12.46.39:798][  0]LogMemory: Process Physical Memory: 263.63 MB used, 263.63 MB peak
[2017.07.18-12.46.39:798][  0]LogMemory: Process Virtual Memory: 262.64 MB used, 262.64 MB peak
[2017.07.18-12.46.39:798][  0]LogMemory: Physical Memory: 4138.51 MB used,  11870.71 MB free, 16009.22 MB total
[2017.07.18-12.46.39:798][  0]LogMemory: Virtual Memory: 630.80 MB used,  11870.71 MB free, 134217728.00 MB total
[2017.07.18-12.46.40:045][  0]LogTextLocalizationManager: No specific translations for ('en-US') exist, so ('en') translations will be used.
[2017.07.18-12.46.40:887][  0]LogD3D11RHI: D3D11 adapters:
[2017.07.18-12.46.40:916][  0]LogD3D11RHI:    0. 'NVIDIA Quadro K1100M   ' (Feature Level 11_0)
[2017.07.18-12.46.40:916][  0]LogD3D11RHI:       1992/0/8004 MB DedicatedVideo/DedicatedSystem/SharedSystem, Outputs:1, VendorId:0x10de
[2017.07.18-12.46.40:923][  0]LogD3D11RHI:    1. 'Intel(R) HD Graphics 4600' (Feature Level 11_0)
[2017.07.18-12.46.40:923][  0]LogD3D11RHI:       112/0/2048 MB DedicatedVideo/DedicatedSystem/SharedSystem, Outputs:0, VendorId:0x8086
[2017.07.18-12.46.40:990][  0]LogD3D11RHI:    2. 'Microsoft Basic Render Driver' (Feature Level 11_0)
[2017.07.18-12.46.40:990][  0]LogD3D11RHI:       0/0/8004 MB DedicatedVideo/DedicatedSystem/SharedSystem, Outputs:0, VendorId:0x1414
[2017.07.18-12.46.40:990][  0]LogD3D11RHI: Chosen D3D11 Adapter: 0
[2017.07.18-12.46.40:993][  0]LogD3D11RHI: Creating new Direct3DDevice
[2017.07.18-12.46.40:993][  0]LogD3D11RHI:     GPU DeviceId: 0xff6 (for the marketing name, search the web for "GPU Device Id")
[2017.07.18-12.46.40:993][  0]LogWindows: EnumDisplayDevices:
[2017.07.18-12.46.40:994][  0]LogWindows:    0. 'Intel(R) HD Graphics 4600' (P:1 D:1)
[2017.07.18-12.46.40:994][  0]LogWindows:    1. 'Intel(R) HD Graphics 4600' (P:0 D:0)
[2017.07.18-12.46.40:994][  0]LogWindows:    2. 'Intel(R) HD Graphics 4600' (P:0 D:0)
[2017.07.18-12.46.40:994][  0]LogWindows: DebugString: PrimaryIsNotTheChoosenAdapter PrimaryIsNotTheChoosenAdapter PrimaryIsNotTheChoosenAdapter FoundDriverCount:0 
[2017.07.18-12.46.40:994][  0]LogD3D11RHI:     Adapter Name: NVIDIA Quadro K1100M   
[2017.07.18-12.46.40:994][  0]LogD3D11RHI:   Driver Version: Unknown (internal:Unknown, unified:Unknown)
[2017.07.18-12.46.40:994][  0]LogD3D11RHI:      Driver Date: Unknown
[2017.07.18-12.46.40:994][  0]LogRHI: Texture pool is 1361 MB (70% of 1945 MB)
[2017.07.18-12.46.41:009][  0]LogD3D11RHI:Warning: Timestamp queries are currently disabled on this hardware due to instability. Realtime GPU stats will not be available. You can override this behaviour by setting r.NVIDIATimestampWorkaround to 0
[2017.07.18-12.46.41:063][  0]LogD3D11RHI: NvAPI_D3D_GetCurrentSLIState failed: 0xfffffff7
[2017.07.18-12.46.41:063][  0]LogD3D11RHI: Async texture creation enabled
[2017.07.18-12.46.41:082][  0]LogD3D11RHI: GPU Timing Frequency: 1000.000000 (Debug: 2 2)
[2017.07.18-12.46.41:082][  0]LogShaderCompilers: Guid format shader working directory is -35 characters bigger than the processId version (../../../../../../Users/Camper/Documents/GitHub/Wiggler/UnrealProject/WaterWiggler/Intermediate/Shaders/WorkingDirectory/8868/).
[2017.07.18-12.46.41:082][  0]LogShaderCompilers: Cleaned the shader compiler working directory 'C:/Users/Camper/AppData/Local/Temp/UnrealShaderWorkingDir/A3FAACDB48961D521B541FA215215A01/'.
[2017.07.18-12.46.41:082][  0]LogShaderCompilers:Display: Using Local Shader Compiler.
[2017.07.18-12.46.43:360][  0]LogTemp:Display: Loaded TP AllDesktopTargetPlatform
[2017.07.18-12.46.43:431][  0]LogTemp:Display: Loaded TP MacClientTargetPlatform
[2017.07.18-12.46.43:502][  0]LogTemp:Display: Loaded TP MacNoEditorTargetPlatform
[2017.07.18-12.46.43:576][  0]LogTemp:Display: Loaded TP MacServerTargetPlatform
[2017.07.18-12.46.43:693][  0]LogTemp:Display: Loaded TP MacTargetPlatform
[2017.07.18-12.46.43:764][  0]LogTemp:Display: Loaded TP WindowsClientTargetPlatform
[2017.07.18-12.46.43:837][  0]LogTemp:Display: Loaded TP WindowsNoEditorTargetPlatform
[2017.07.18-12.46.43:911][  0]LogTemp:Display: Loaded TP WindowsServerTargetPlatform
[2017.07.18-12.46.43:971][  0]LogTemp:Display: Loaded TP WindowsTargetPlatform
[2017.07.18-12.46.44:045][  0]LogTemp:Display: Loaded TP AndroidTargetPlatform
[2017.07.18-12.46.44:112][  0]LogTemp:Display: Loaded TP Android_ASTCTargetPlatform
[2017.07.18-12.46.44:183][  0]LogTemp:Display: Loaded TP Android_ATCTargetPlatform
[2017.07.18-12.46.44:264][  0]LogTemp:Display: Loaded TP Android_DXTTargetPlatform
[2017.07.18-12.46.44:334][  0]LogTemp:Display: Loaded TP Android_ETC1TargetPlatform
[2017.07.18-12.46.44:410][  0]LogTemp:Display: Loaded TP Android_ETC2TargetPlatform
[2017.07.18-12.46.44:559][  0]LogTemp:Display: Loaded TP Android_MultiTargetPlatform
[2017.07.18-12.46.44:559][  0]LogTemp:Display: Loaded TP Android_PVRTCTargetPlatform
[2017.07.18-12.46.44:611][  0]LogTemp:Display: Loaded TP HTML5TargetPlatform
[2017.07.18-12.46.44:819][  0]LogTemp:Display: Loaded TP IOSTargetPlatform
[2017.07.18-12.46.44:860][  0]LogTemp:Display: Loaded TP TVOSTargetPlatform
[2017.07.18-12.46.44:928][  0]LogTemp:Display: Loaded TP LinuxClientTargetPlatform
[2017.07.18-12.46.44:998][  0]LogTemp:Display: Loaded TP LinuxNoEditorTargetPlatform
[2017.07.18-12.46.45:069][  0]LogTemp:Display: Loaded TP LinuxServerTargetPlatform
[2017.07.18-12.46.45:140][  0]LogTemp:Display: Loaded TP LinuxTargetPlatform
[2017.07.18-12.46.45:140][  0]LogTargetPlatformManager:Display: Building Assets For Windows
[2017.07.18-12.46.45:901][  0]LogDerivedDataCache:Display: Max Cache Size: 512 MB
[2017.07.18-12.46.46:453][  0]LogDerivedDataCache: Loaded boot cache 0.55s 51MB C:/Users/Camper/AppData/Local/UnrealEngine/4.15/DerivedDataCache/Boot.ddc.
[2017.07.18-12.46.46:453][  0]LogDerivedDataCache:Display: Loaded Boot cache: C:/Users/Camper/AppData/Local/UnrealEngine/4.15/DerivedDataCache/Boot.ddc
[2017.07.18-12.46.46:453][  0]LogDerivedDataCache: FDerivedDataBackendGraph:  Pak pak cache file ../../../../../../Users/Camper/Documents/GitHub/Wiggler/UnrealProject/WaterWiggler/DerivedDataCache/DDC.ddp not found, will not use a pak cache.
[2017.07.18-12.46.46:453][  0]LogDerivedDataCache: Unable to find inner node Pak for hierarchical cache Hierarchy.
[2017.07.18-12.46.46:453][  0]LogDerivedDataCache: FDerivedDataBackendGraph:  CompressedPak pak cache file ../../../../../../Users/Camper/Documents/GitHub/Wiggler/UnrealProject/WaterWiggler/DerivedDataCache/Compressed.ddp not found, will not use a pak cache.
[2017.07.18-12.46.46:453][  0]LogDerivedDataCache: Unable to find inner node CompressedPak for hierarchical cache Hierarchy.
[2017.07.18-12.46.46:496][  0]LogDerivedDataCache:Display: Pak cache opened for reading ../../../Engine/DerivedDataCache/Compressed.ddp.
[2017.07.18-12.46.46:509][  0]LogDerivedDataCache: Using Local data cache path C:/Users/Camper/AppData/Local/UnrealEngine/Common/DerivedDataCache: Writable
[2017.07.18-12.46.46:518][  0]LogSlate: Using Freetype 2.6.0
[2017.07.18-12.46.46:520][  0]LogSlate: SlateFontCache - WITH_FREETYPE: 1, WITH_HARFBUZZ: 1
[2017.07.18-12.46.46:520][  0]LogSlate: SlateFontCache - WITH_FREETYPE: 1, WITH_HARFBUZZ: 1
[2017.07.18-12.46.49:177][  0]LogInit: Selected Device Profile: [Windows]
[2017.07.18-12.46.49:180][  0]LogContentStreaming: Texture pool size is 0.00 MB
[2017.07.18-12.46.49:438][  0]LogMeshUtilities: Using QuadricMeshReduction for automatic static mesh reduction
[2017.07.18-12.46.49:515][  0]LogSimplygon: Simplygon DLL not present - disabling.
[2017.07.18-12.46.49:581][  0]LogMeshUtilities: Using SimplygonSwarm for distributed automatic mesh merging
[2017.07.18-12.46.49:581][  0]LogMeshUtilities: No automatic skeletal mesh reduction module available
[2017.07.18-12.46.49:581][  0]LogMeshUtilities: No automatic mesh merging module available
[2017.07.18-12.46.50:421][  0]LogNetVersion: GetLocalNetworkVersion: CL: 3299760, ProjectName: waterwiggler, ProjectVersion: , EngineNetworkVersion: 2, GameNetworkVersion: 0, NetworkChecksum: 1685917286
[2017.07.18-12.46.50:485][  0]LogAssetRegistry: FAssetRegistry took 0.0220 seconds to start up
[2017.07.18-12.46.50:583][  0]LogPackageLocalizationCache: Processed 3 localized package path(s) for 2 prioritized culture(s) in 0.073346 seconds
[2017.07.18-12.46.50:589][  0]LogUObjectArray: 32493 objects as part of root set at end of initial load.
[2017.07.18-12.46.50:589][  0]LogUObjectAllocator: 7077024 out of 0 bytes used by permanent object pool.
[2017.07.18-12.46.50:589][  0]LogUObjectArray: CloseDisregardForGC: 0/0 objects in disregard for GC pool
[2017.07.18-12.46.50:665][  0]LogInit: WinSock: version 1.1 (2.2), MaxSocks=32767, MaxUdp=65467
[2017.07.18-12.46.54:032][  0]LogTcpMessaging: Initializing TcpMessaging bridge
[2017.07.18-12.46.54:091][  0]LogUdpMessaging: Initializing bridge on interface 0.0.0.0:0 to multicast group 230.0.0.1:6666.
[2017.07.18-12.46.54:839][  0]LogMaterial: Uniform references updated for custom material expression Custom.
[2017.07.18-12.46.55:379][  0]SourceControl: Info Source control is disabled
[2017.07.18-12.46.55:380][  0]SourceControl: Info Source control is disabled
[2017.07.18-12.46.55:519][  0]SourceControl: Info Source control is disabled
[2017.07.18-12.46.55:597][  0]SourceControl: Info Source control is disabled
[2017.07.18-12.46.57:808][  0]LogEngine: Initializing Engine...
[2017.07.18-12.46.57:809][  0]LogHMD: Failed to initialize OpenVR with code 110
[2017.07.18-12.46.57:950][  0]LogStats: UGameplayTagsManager::ConstructGameplayTagTree: Construct from data asset -  0.000 s
[2017.07.18-12.46.57:950][  0]LogStats: UGameplayTagsManager::ConstructGameplayTagTree: GameplayTagTreeChangedEvent.Broadcast -  0.000 s
[2017.07.18-12.46.58:123][  0]LogAIModule: Creating AISystem for world Untitled
[2017.07.18-12.46.58:145][  0]LogInit: XAudio2 using 'Speaker/HP (Realtek High Definition Audio)' : 2 channels at 48 kHz using 32 bits per sample (channel mask 0x3)
[2017.07.18-12.46.58:266][  0]LogInit: FAudioDevice initialized.
[2017.07.18-12.46.58:312][  0]LogDerivedDataCache: Saved boot cache 0.05s 51MB C:/Users/Camper/AppData/Local/UnrealEngine/4.15/DerivedDataCache/Boot.ddc.
[2017.07.18-12.46.58:316][  0]LogInit: Texture streaming: Enabled
[2017.07.18-12.46.58:489][  0]LogEngineSessionManager: EngineSessionManager initialized
[2017.07.18-12.46.58:636][  0]LogInit: Transaction tracking system initialized
[2017.07.18-12.46.59:338][  0]BlueprintLog: New page: Editor Load
[2017.07.18-12.47.00:791][  0]LocalizationService: Info Localization service is disabled
[2017.07.18-12.47.01:932][  0]LogConsoleResponse:Display: 
[2017.07.18-12.47.02:434][  0]LogCook:Display: Max memory allowance for cook 16384mb min free memory 0mb
[2017.07.18-12.47.02:434][  0]LogCook:Display: Mobile HDR setting 1
[2017.07.18-12.47.02:865][  0]LogFileCache: Scanning file cache for directory 'C:/Users/Camper/Documents/GitHub/Wiggler/UnrealProject/WaterWiggler/Content/' took 0.02s
[2017.07.18-12.47.04:287][  0]SourceControl: Info Source control is disabled
[2017.07.18-12.47.04:287][  0]Cmd: MAP LOAD FILE="../../../../../../Users/Camper/Documents/GitHub/Wiggler/UnrealProject/WaterWiggler/Content/VehicleBP/Maps/VehicleExampleMap.umap" TEMPLATE=0 SHOWPROGRESS=1 FEATURELEVEL=3
[2017.07.18-12.47.04:288][  0]LightingResults: New page: Lighting Build
[2017.07.18-12.47.04:340][  0]MapCheck: New page: Map Check
[2017.07.18-12.47.04:340][  0]LightingResults: New page: Lighting Build
[2017.07.18-12.47.05:104][  0]LogBlueprint:Warning: [Compiler Sedan] Warning Get Input Axis references unknown Axis 'LookUp' for  Get LookUp
[2017.07.18-12.47.05:104][  0]LogBlueprint:Warning: [Compiler Sedan] Warning Get Input Axis references unknown Axis 'LookRight' for  Get LookRight
[2017.07.18-12.47.05:110][  0]LogBlueprint:Warning: [Compiler Sedan] Warning [0028.43] Compile of Sedan successful, but with 2 Warning(s) [in 12 ms] (/Game/VehicleBP/Sedan/Sedan.Sedan)
[2017.07.18-12.47.05:110][  0]LogBlueprint:Warning: [Compiler Sedan] Warning [0028.43] Compile of Sedan successful, but with 3 Warning(s) [in 0 ms] (/Game/VehicleBP/Sedan/Sedan.Sedan)
[2017.07.18-12.47.05:110][  0]LogBlueprint:Warning: [Compiler Sedan] Warning [0028.43] Compile of Sedan successful, but with 4 Warning(s) [in 0 ms] (/Game/VehicleBP/Sedan/Sedan.Sedan)
[2017.07.18-12.47.05:142][  0]LogBlueprint:Warning: [Compiler Sedan] Warning Get Input Axis references unknown Axis 'LookUp' for  Get LookUp
[2017.07.18-12.47.05:142][  0]LogBlueprint:Warning: [Compiler Sedan] Warning Get Input Axis references unknown Axis 'LookRight' for  Get LookRight
[2017.07.18-12.47.05:149][  0]LogBlueprint:Warning: [Compiler Sedan] Warning [0028.47] Compile of Sedan successful, but with 2 Warning(s) [in 11 ms] (/Game/VehicleBP/Sedan/Sedan.Sedan)
[2017.07.18-12.47.05:149][  0]LogBlueprint:Warning: [Compiler Sedan] Warning [0028.47] Compile of Sedan successful, but with 3 Warning(s) [in 0 ms] (/Game/VehicleBP/Sedan/Sedan.Sedan)
[2017.07.18-12.47.05:150][  0]LogBlueprint:Warning: [Compiler Sedan] Warning [0028.47] Compile of Sedan successful, but with 4 Warning(s) [in 0 ms] (/Game/VehicleBP/Sedan/Sedan.Sedan)
[2017.07.18-12.47.06:089][  0]LogAIModule: Creating AISystem for world VehicleExampleMap
[2017.07.18-12.47.06:124][  0]LogEditorServer: Finished looking for orphan Actors (0.000 secs)
[2017.07.18-12.47.06:125][  0]Cmd: MAP CHECKDEP NOCLEARLOG
[2017.07.18-12.47.06:210][  0]MapCheck: Info Map check complete: 0 Error(s), 0 Warning(s), took 84.614ms to complete.
[2017.07.18-12.47.06:210][  0]LogFileHelpers: Loading map 'VehicleExampleMap' took 1.923
[2017.07.18-12.47.06:400][  0]LogCollectionManager: Loaded 0 collections in 0.002380 seconds
[2017.07.18-12.47.06:500][  0]LogFileCache: Scanning file cache for directory 'C:/Users/Camper/Documents/GitHub/Wiggler/UnrealProject/WaterWiggler/Saved/Collections/' took 0.01s
[2017.07.18-12.47.06:500][  0]LogFileCache: Scanning file cache for directory 'C:/Users/Camper/Documents/GitHub/Wiggler/UnrealProject/WaterWiggler/Content/Developers/Camper/Collections/' took 0.01s
[2017.07.18-12.47.06:500][  0]LogFileCache: Scanning file cache for directory 'C:/Users/Camper/Documents/GitHub/Wiggler/UnrealProject/WaterWiggler/Content/Collections/' took 0.01s
[2017.07.18-12.47.06:500][  0]LogCollectionManager: Rebuilt the GUID cache for 0 collections in 0.000002 seconds
[2017.07.18-12.47.06:509][  0]LogContentBrowser: Native class hierarchy populated in 0.0089 seconds. Added 2247 classes and 456 folders.
[2017.07.18-12.47.06:593][  0]LogContentBrowser: Native class hierarchy updated for 'WidgetCarousel' in 0.0006 seconds. Added 0 classes and 0 folders.
[2017.07.18-12.47.06:825][  0]LogContentBrowser: Native class hierarchy updated for 'AddContentDialog' in 0.0006 seconds. Added 0 classes and 0 folders.
[2017.07.18-12.47.06:924][  0]LogContentBrowser: Native class hierarchy updated for 'SceneOutliner' in 0.0006 seconds. Added 1 classes and 2 folders.
[2017.07.18-12.47.07:062][  0]LogCrashTracker: Crashtracker disabled due to settings.
[2017.07.18-12.47.07:067][  0]LogUObjectGlobals:Warning: Failed to find object 'Class None.'
[2017.07.18-12.47.07:181][  0]LogContentBrowser: Native class hierarchy updated for 'HierarchicalLODOutliner' in 0.0007 seconds. Added 1 classes and 2 folders.
[2017.07.18-12.47.07:182][  0]LogLoad: (Engine Initialization) Total time: 30.50 seconds
[2017.07.18-12.47.07:182][  0]LogLoad: (Engine Initialization) Total Blueprint compile time: 0.27 seconds
[2017.07.18-12.47.07:182][  0]LogExternalProfiler: No external profilers were discovered.  External profiling features will not be available.
[2017.07.18-12.47.07:200][  0]LogOcInput: OculusInput pre-init called
[2017.07.18-12.47.07:201][  0]LogRawInputWindows:Warning: Found device 0 devices
[2017.07.18-12.47.07:201][  0]LogRawInputWindows:Warning: Found device 0 devices
[2017.07.18-12.47.07:201][  0]LogRawInputWindows:Warning: Device was registered succesfully but not connected (Usage:4 UsagePage:1
[2017.07.18-12.47.07:228][  0]LogContentStreaming: Texture pool size now 1000 MB
[2017.07.18-12.47.07:230][  0]LogSlate: Took 0.000662 seconds to synchronously load lazily loaded font '../../../Engine/Content/Slate/Fonts/Roboto-Regular.ttf' (155K)
[2017.07.18-12.47.07:233][  0]LogSlate: Took 0.000333 seconds to synchronously load lazily loaded font '../../../Engine/Content/Slate/Fonts/Roboto-Bold.ttf' (160K)
[2017.07.18-12.47.07:239][  0]LogSlate: Took 0.000296 seconds to synchronously load lazily loaded font '../../../Engine/Content/Editor/Slate/Fonts/FontAwesome.ttf' (139K)
[2017.07.18-12.47.07:444][  0]LogSlate: Took 0.000405 seconds to synchronously load lazily loaded font '../../../Engine/Content/Slate/Fonts/Roboto-Light.ttf' (159K)
[2017.07.18-12.47.07:498][  0]LogRenderer: Reallocating scene render targets to support 1208x576 NumSamples 1 (Frame:2).
[2017.07.18-12.47.07:704][  1]LogScriptCore:Warning: Script Msg: Attempted to access index 0 from array CallFunc_GetAllActorsOfClass_OutActors of length 0!
[2017.07.18-12.47.07:704][  1]LogScript:Warning: Accessed None trying to read property CallFunc_Array_Get_Item
	Worm_Blueprint_C /Engine/Transient.World_2:PersistentLevel.Worm_Blueprint_C_0
	Function /Game/Blueprints/Worm_Blueprint.Worm_Blueprint_C:UserConstructionScript:008D
[2017.07.18-12.47.07:760][  2]LogAssetRegistry: Asset discovery search completed in 17.2964 seconds
[2017.07.18-12.47.07:760][  2]LogCollectionManager: Rebuilt the object cache for 0 collections in 0.000006 seconds (found 0 objects)
[2017.07.18-12.47.07:760][  2]LogCollectionManager: Fixed up redirectors for 0 collections in 0.000019 seconds (updated 0 objects)
[2017.07.18-12.47.11:904][198]LogWindowsTextInputMethodSystem:Display: IME system now deactivated.
[2017.07.18-12.47.11:905][198]LogWindowsTextInputMethodSystem:Display: IME system now deactivated.
[2017.07.18-12.47.12:093][199]Cmd: QUIT_EDITOR
[2017.07.18-12.47.12:153][199]LogExit: Preparing to exit.
[2017.07.18-12.47.13:244][199]LogDirectoryWatcher: A directory notification for 'C:/Users/Camper/Documents/GitHub/Wiggler/UnrealProject/WaterWiggler/Content/' was aborted.
[2017.07.18-12.47.13:264][199]LogExit: Editor shut down
[2017.07.18-12.47.13:265][199]LogExit: Transaction tracking system shut down
[2017.07.18-12.47.13:321][199]LogObj: Freed 0b from 0 cluster array pools.
[2017.07.18-12.47.13:321][199]LogExit: Object subsystem successfully closed.
[2017.07.18-12.47.13:337][199]LogD3D11RHI: Shutdown
[2017.07.18-12.47.13:337][199]LogD3D11RHI: CleanupD3DDevice
[2017.07.18-12.47.13:396][199]LogD3D11RHI: ~FD3D11DynamicRHI
[2017.07.18-12.47.13:425][199]LogModuleManager: Shutting down and abandoning module HierarchicalLODOutliner (500)
[2017.07.18-12.47.13:425][199]LogModuleManager: Shutting down and abandoning module CrashTracker (498)
[2017.07.18-12.47.13:425][199]LogModuleManager: Shutting down and abandoning module SceneOutliner (496)
[2017.07.18-12.47.13:425][199]LogModuleManager: Shutting down and abandoning module AddContentDialog (494)
[2017.07.18-12.47.13:425][199]LogDirectoryWatcher: A directory notification for 'C:/Program Files/Epic Games/UE_4.15/FeaturePacks/' was aborted.
[2017.07.18-12.47.13:425][199]LogModuleManager: Shutting down and abandoning module WidgetCarousel (493)
[2017.07.18-12.47.13:425][199]LogModuleManager: Shutting down and abandoning module EditorWidgets (490)
[2017.07.18-12.47.13:425][199]LogModuleManager: Shutting down and abandoning module CollectionManager (488)
[2017.07.18-12.47.13:425][199]LogDirectoryWatcher: A directory notification for 'C:/Users/Camper/Documents/GitHub/Wiggler/UnrealProject/WaterWiggler/Content/Collections/' was aborted.
[2017.07.18-12.47.13:425][199]LogDirectoryWatcher: A directory notification for 'C:/Users/Camper/Documents/GitHub/Wiggler/UnrealProject/WaterWiggler/Content/Developers/Camper/Collections/' was aborted.
[2017.07.18-12.47.13:425][199]LogDirectoryWatcher: A directory notification for 'C:/Users/Camper/Documents/GitHub/Wiggler/UnrealProject/WaterWiggler/Saved/Collections/' was aborted.
[2017.07.18-12.47.13:425][199]LogModuleManager: Shutting down and abandoning module StatsViewer (486)
[2017.07.18-12.47.13:425][199]LogModuleManager: Shutting down and abandoning module FoliageEdit (484)
[2017.07.18-12.47.13:425][199]LogModuleManager: Shutting down and abandoning module LandscapeEditor (482)
[2017.07.18-12.47.13:426][199]LogModuleManager: Shutting down and abandoning module SceneDepthPickerMode (480)
[2017.07.18-12.47.13:426][199]LogModuleManager: Shutting down and abandoning module ActorPickerMode (478)
[2017.07.18-12.47.13:426][199]LogModuleManager: Shutting down and abandoning module GeometryMode (476)
[2017.07.18-12.47.13:426][199]LogModuleManager: Shutting down and abandoning module TextureAlignMode (474)
[2017.07.18-12.47.13:426][199]LogModuleManager: Shutting down and abandoning module BspMode (472)
[2017.07.18-12.47.13:426][199]LogModuleManager: Shutting down and abandoning module HardwareSurvey (470)
[2017.07.18-12.47.13:426][199]LogModuleManager: Shutting down and abandoning module SequenceRecorderSections (468)
[2017.07.18-12.47.13:426][199]LogModuleManager: Shutting down and abandoning module AutomationWorker (466)
[2017.07.18-12.47.13:426][199]LogModuleManager: Shutting down and abandoning module MatineeToLevelSequence (464)
[2017.07.18-12.47.13:426][199]LogModuleManager: Shutting down and abandoning module LevelSequenceEditor (462)
[2017.07.18-12.47.13:426][199]LogModuleManager: Shutting down and abandoning module PlacementMode (461)
[2017.07.18-12.47.13:426][199]LogModuleManager: Shutting down and abandoning module WmfMediaFactory (458)
[2017.07.18-12.47.13:426][199]LogModuleManager: Shutting down and abandoning module WmfMediaEditor (456)
[2017.07.18-12.47.13:426][199]LogModuleManager: Shutting down and abandoning module MfMediaFactory (454)
[2017.07.18-12.47.13:426][199]LogModuleManager: Shutting down and abandoning module MfMediaEditor (452)
[2017.07.18-12.47.13:426][199]LogModuleManager: Shutting down and abandoning module AvfMediaFactory (450)
[2017.07.18-12.47.13:426][199]LogModuleManager: Shutting down and abandoning module AvfMediaEditor (448)
[2017.07.18-12.47.13:426][199]LogModuleManager: Shutting down and abandoning module AndroidMediaFactory (446)
[2017.07.18-12.47.13:426][199]LogModuleManager: Shutting down and abandoning module Media (445)
[2017.07.18-12.47.13:426][199]LogModuleManager: Shutting down and abandoning module AndroidMediaEditor (442)
[2017.07.18-12.47.13:426][199]LogModuleManager: Shutting down and abandoning module CharacterAI (440)
[2017.07.18-12.47.13:426][199]LogModuleManager: Shutting down and abandoning module AudioCapture (438)
[2017.07.18-12.47.13:426][199]LogModuleManager: Shutting down and abandoning module SequenceRecorder (437)
[2017.07.18-12.47.13:426][199]LogModuleManager: Shutting down and abandoning module SmartSnapping (434)
[2017.07.18-12.47.13:426][199]LogModuleManager: Shutting down and abandoning module SessionServices (432)
[2017.07.18-12.47.13:426][199]LogModuleManager: Shutting down and abandoning module ViewportSnapping (430)
[2017.07.18-12.47.13:426][199]LogModuleManager: Shutting down and abandoning module ViewportInteraction (428)
[2017.07.18-12.47.13:426][199]LogModuleManager: Shutting down and abandoning module LogVisualizer (426)
[2017.07.18-12.47.13:426][199]LogModuleManager: Shutting down and abandoning module IntroTutorials (424)
[2017.07.18-12.47.13:426][199]LogModuleManager: Shutting down and abandoning module GameProjectGeneration (423)
[2017.07.18-12.47.13:426][199]LogModuleManager: Shutting down and abandoning module EditorLiveStreaming (420)
[2017.07.18-12.47.13:426][199]LogModuleManager: Shutting down and abandoning module IOSPlatformEditor (418)
[2017.07.18-12.47.13:426][199]LogModuleManager: Shutting down and abandoning module HTML5PlatformEditor (416)
[2017.07.18-12.47.13:426][199]LogModuleManager: Shutting down and abandoning module AndroidPlatformEditor (414)
[2017.07.18-12.47.13:426][199]LogModuleManager: Shutting down and abandoning module AndroidDeviceDetection (413)
[2017.07.18-12.47.13:475][199]LogModuleManager: Shutting down and abandoning module IOSRuntimeSettings (410)
[2017.07.18-12.47.13:475][199]LogModuleManager: Shutting down and abandoning module AndroidRuntimeSettings (408)
[2017.07.18-12.47.13:475][199]LogModuleManager: Shutting down and abandoning module InputBindingEditor (406)
[2017.07.18-12.47.13:475][199]LogModuleManager: Shutting down and abandoning module NiagaraEditor (404)
[2017.07.18-12.47.13:475][199]LogModuleManager: Shutting down and abandoning module MergeActors (402)
[2017.07.18-12.47.13:475][199]LogModuleManager: Shutting down and abandoning module SizeMap (400)
[2017.07.18-12.47.13:475][199]LogModuleManager: Shutting down and abandoning module TreeMap (398)
[2017.07.18-12.47.13:475][199]LogModuleManager: Shutting down and abandoning module ReferenceViewer (396)
[2017.07.18-12.47.13:475][199]LogModuleManager: Shutting down and abandoning module LocalizationDashboard (394)
[2017.07.18-12.47.13:475][199]LogModuleManager: Shutting down and abandoning module LocalizationService (393)
[2017.07.18-12.47.13:475][199]LogModuleManager: Shutting down and abandoning module HardwareTargeting (390)
[2017.07.18-12.47.13:475][199]LogModuleManager: Shutting down and abandoning module DeviceProfileEditor (388)
[2017.07.18-12.47.13:475][199]LogModuleManager: Shutting down and abandoning module UndoHistory (386)
[2017.07.18-12.47.13:475][199]LogModuleManager: Shutting down and abandoning module UserFeedback (384)
[2017.07.18-12.47.13:475][199]LogModuleManager: Shutting down and abandoning module XmlParser (382)
[2017.07.18-12.47.13:475][199]LogModuleManager: Shutting down and abandoning module Blutility (380)
[2017.07.18-12.47.13:475][199]LogModuleManager: Shutting down and abandoning module ProjectSettingsViewer (378)
[2017.07.18-12.47.13:475][199]LogModuleManager: Shutting down and abandoning module ProjectTargetPlatformEditor (377)
[2017.07.18-12.47.13:475][199]LogModuleManager: Shutting down and abandoning module EditorSettingsViewer (374)
[2017.07.18-12.47.13:475][199]LogModuleManager: Shutting down and abandoning module SettingsEditor (372)
[2017.07.18-12.47.13:475][199]LogModuleManager: Shutting down and abandoning module ProjectLauncher (370)
[2017.07.18-12.47.13:476][199]LogModuleManager: Shutting down and abandoning module SessionFrontend (368)
[2017.07.18-12.47.13:476][199]LogModuleManager: Shutting down and abandoning module ProfilerClient (366)
[2017.07.18-12.47.13:476][199]LogModuleManager: Shutting down and abandoning module DeviceManager (364)
[2017.07.18-12.47.13:476][199]LogModuleManager: Shutting down and abandoning module TargetDeviceServices (363)
[2017.07.18-12.47.13:520][199]LogModuleManager: Shutting down and abandoning module AutomationController (360)
[2017.07.18-12.47.13:520][199]LogModuleManager: Shutting down and abandoning module AutomationWindow (358)
[2017.07.18-12.47.13:520][199]LogModuleManager: Shutting down and abandoning module Layers (356)
[2017.07.18-12.47.13:520][199]LogModuleManager: Shutting down and abandoning module ComponentVisualizers (354)
[2017.07.18-12.47.13:520][199]LogModuleManager: Shutting down and abandoning module DetailCustomizations (352)
[2017.07.18-12.47.13:520][199]LogModuleManager: Shutting down and abandoning module PackagesDialog (350)
[2017.07.18-12.47.13:520][199]LogModuleManager: Shutting down and abandoning module Persona (348)
[2017.07.18-12.47.13:520][199]LogModuleManager: Shutting down and abandoning module AnimGraph (347)
[2017.07.18-12.47.13:520][199]LogModuleManager: Shutting down and abandoning module Kismet (344)
[2017.07.18-12.47.13:521][199]LogModuleManager: Shutting down and abandoning module GraphEditor (342)
[2017.07.18-12.47.13:521][199]LogModuleManager: Shutting down and abandoning module ClassViewer (340)
[2017.07.18-12.47.13:521][199]LogModuleManager: Shutting down and abandoning module Toolbox (338)
[2017.07.18-12.47.13:521][199]LogModuleManager: Shutting down and abandoning module ModuleUI (336)
[2017.07.18-12.47.13:521][199]LogModuleManager: Shutting down and abandoning module MovieSceneTools (334)
[2017.07.18-12.47.13:521][199]LogModuleManager: Shutting down and abandoning module OutputLog (332)
[2017.07.18-12.47.13:521][199]LogModuleManager: Shutting down and abandoning module GammaUI (330)
[2017.07.18-12.47.13:521][199]LogModuleManager: Shutting down and abandoning module Documentation (328)
[2017.07.18-12.47.13:521][199]LogModuleManager: Shutting down and abandoning module Niagara (326)
[2017.07.18-12.47.13:521][199]LogModuleManager: Shutting down and abandoning module StreamingPauseRendering (324)
[2017.07.18-12.47.13:521][199]LogModuleManager: Shutting down and abandoning module AnalyticsET (322)
[2017.07.18-12.47.13:521][199]LogModuleManager: Shutting down and abandoning module PortalServices (320)
[2017.07.18-12.47.13:521][199]LogModuleManager: Shutting down and abandoning module PortalRpc (318)
[2017.07.18-12.47.13:521][199]LogModuleManager: Shutting down and abandoning module MessagingRpc (316)
[2017.07.18-12.47.13:521][199]LogModuleManager: Shutting down and abandoning module AIModule (314)
[2017.07.18-12.47.13:521][199]LogModuleManager: Shutting down and abandoning module GameplayDebugger (313)
[2017.07.18-12.47.13:521][199]LogModuleManager: Shutting down and abandoning module AITestSuite (311)
[2017.07.18-12.47.13:521][199]LogModuleManager: Shutting down and abandoning module ProfilerService (308)
[2017.07.18-12.47.13:539][199]LogModuleManager: Shutting down and abandoning module TaskGraph (306)
[2017.07.18-12.47.13:539][199]LogModuleManager: Shutting down and abandoning module SteamVRController (304)
[2017.07.18-12.47.13:539][199]LogModuleManager: Shutting down and abandoning module SteamVR (302)
[2017.07.18-12.47.13:539][199]LogModuleManager: Shutting down and abandoning module ProceduralMeshComponentEditor (300)
[2017.07.18-12.47.13:539][199]LogModuleManager: Shutting down and abandoning module ProceduralMeshComponent (298)
[2017.07.18-12.47.13:539][199]LogModuleManager: Shutting down and abandoning module OculusLibrary (296)
[2017.07.18-12.47.13:539][199]LogModuleManager: Shutting down and abandoning module OculusInput (294)
[2017.07.18-12.47.13:539][199]LogModuleManager: Shutting down and abandoning module MobilePatchingUtils (292)
[2017.07.18-12.47.13:539][199]LogModuleManager: Shutting down and abandoning module CustomMeshComponent (290)
[2017.07.18-12.47.13:539][199]LogModuleManager: Shutting down and abandoning module CableComponent (288)
[2017.07.18-12.47.13:539][199]LogModuleManager: Shutting down and abandoning module ArchVisCharacter (286)
[2017.07.18-12.47.13:539][199]LogModuleManager: Shutting down and abandoning module MediaPlayerEditor (282)
[2017.07.18-12.47.13:539][199]LogModuleManager: Shutting down and abandoning module RawInput (280)
[2017.07.18-12.47.13:539][199]LogModuleManager: Shutting down and abandoning module HTML5Networking (278)
[2017.07.18-12.47.13:539][199]LogModuleManager: Shutting down and abandoning module AlembicImporter (276)
[2017.07.18-12.47.13:539][199]LogModuleManager: Shutting down and abandoning module AlembicLibrary (275)
[2017.07.18-12.47.13:539][199]LogModuleManager: Shutting down and abandoning module GeometryCache (274)
[2017.07.18-12.47.13:539][199]LogModuleManager: Shutting down and abandoning module GeometryCacheEd (273)
[2017.07.18-12.47.13:539][199]LogModuleManager: Shutting down and abandoning module SuperSearchEditor (268)
[2017.07.18-12.47.13:539][199]LogModuleManager: Shutting down and abandoning module SuperSearch (267)
[2017.07.18-12.47.13:539][199]LogModuleManager: Shutting down and abandoning module SpeedTreeImporter (264)
[2017.07.18-12.47.13:539][199]LogModuleManager: Shutting down and abandoning module PluginBrowser (262)
[2017.07.18-12.47.13:539][199]LogModuleManager: Shutting down and abandoning module MobileLauncherProfileWizard (260)
[2017.07.18-12.47.13:539][199]LogModuleManager: Shutting down and abandoning module EpicSurvey (258)
[2017.07.18-12.47.13:539][199]LogModuleManager: Shutting down and abandoning module VisualStudioSourceCodeAccess (256)
[2017.07.18-12.47.13:539][199]LogModuleManager: Shutting down and abandoning module DesktopPlatform (255)
[2017.07.18-12.47.13:539][199]LogModuleManager: Shutting down and abandoning module UObjectPlugin (252)
[2017.07.18-12.47.13:539][199]LogModuleManager: Shutting down and abandoning module SubversionSourceControl (250)
[2017.07.18-12.47.13:539][199]LogModuleManager: Shutting down and abandoning module PerforceSourceControl (248)
[2017.07.18-12.47.13:540][199]LogModuleManager: Shutting down and abandoning module GitSourceControl (246)
[2017.07.18-12.47.13:540][199]LogModuleManager: Shutting down and abandoning module SourceControl (245)
[2017.07.18-12.47.13:540][199]LogModuleManager: Shutting down and abandoning module LightPropagationVolumeEditor (242)
[2017.07.18-12.47.13:540][199]LogModuleManager: Shutting down and abandoning module PaperTiledImporter (240)
[2017.07.18-12.47.13:540][199]LogModuleManager: Shutting down and abandoning module PaperSpriteSheetImporter (238)
[2017.07.18-12.47.13:540][199]LogModuleManager: Shutting down and abandoning module Paper2DEditor (236)
[2017.07.18-12.47.13:540][199]LogModuleManager: Shutting down and abandoning module MeshPaint (235)
[2017.07.18-12.47.13:540][199]LogModuleManager: Shutting down and abandoning module LevelEditor (233)
[2017.07.18-12.47.13:540][199]LogModuleManager: Shutting down and abandoning module PixelInspectorModule (232)
[2017.07.18-12.47.13:540][199]LogModuleManager: Shutting down and abandoning module MainFrame (230)
[2017.07.18-12.47.13:540][199]LogModuleManager: Shutting down and abandoning module HotReload (229)
[2017.07.18-12.47.13:541][199]LogModuleManager: Shutting down and abandoning module ContentBrowser (225)
[2017.07.18-12.47.13:542][199]LogModuleManager: Shutting down and abandoning module PhysXVehiclesEditor (222)
[2017.07.18-12.47.13:542][199]LogModuleManager: Shutting down and abandoning module PhysXVehicles (220)
[2017.07.18-12.47.13:542][199]LogModuleManager: Shutting down and abandoning module LocationServicesBPLibrary (218)
[2017.07.18-12.47.13:542][199]LogModuleManager: Shutting down and abandoning module UdpMessaging (216)
[2017.07.18-12.47.13:643][199]LogModuleManager: Shutting down and abandoning module TcpMessaging (214)
[2017.07.18-12.47.14:040][199]LogModuleManager: Shutting down and abandoning module GameplayTagsEditor (212)
[2017.07.18-12.47.14:040][199]LogModuleManager: Shutting down and abandoning module FacialAnimationEditor (210)
[2017.07.18-12.47.14:040][199]LogModuleManager: Shutting down and abandoning module FacialAnimation (208)
[2017.07.18-12.47.14:040][199]LogModuleManager: Shutting down and abandoning module LightPropagationVolumeRuntime (206)
[2017.07.18-12.47.14:040][199]LogModuleManager: Shutting down and abandoning module Paper2D (204)
[2017.07.18-12.47.14:040][199]LogModuleManager: Shutting down and abandoning module WindowsMoviePlayer (202)
[2017.07.18-12.47.14:040][199]LogModuleManager: Shutting down and abandoning module WmfMedia (200)
[2017.07.18-12.47.14:040][199]LogModuleManager: Shutting down and abandoning module MfMedia (198)
[2017.07.18-12.47.14:040][199]LogModuleManager: Shutting down and abandoning module MediaAssets (196)
[2017.07.18-12.47.14:040][199]LogModuleManager: Shutting down and abandoning module GameLiveStreaming (194)
[2017.07.18-12.47.14:040][199]LogModuleManager: Shutting down and abandoning module VREditor (192)
[2017.07.18-12.47.14:040][199]LogModuleManager: Shutting down and abandoning module GameplayTasksEditor (190)
[2017.07.18-12.47.14:040][199]LogModuleManager: Shutting down and abandoning module BehaviorTreeEditor (188)
[2017.07.18-12.47.14:040][199]LogModuleManager: Shutting down and abandoning module FunctionalTesting (186)
[2017.07.18-12.47.14:040][199]LogModuleManager: Shutting down and abandoning module CollisionAnalyzer (184)
[2017.07.18-12.47.14:040][199]LogModuleManager: Shutting down and abandoning module UMG (182)
[2017.07.18-12.47.14:041][199]LogModuleManager: Shutting down and abandoning module UMGEditor (181)
[2017.07.18-12.47.14:041][199]LogModuleManager: Shutting down and abandoning module Sequencer (180)
[2017.07.18-12.47.14:041][199]LogModuleManager: Shutting down and abandoning module AssetTools (178)
[2017.07.18-12.47.14:041][199]LogModuleManager: Shutting down and abandoning module MessageLog (177)
[2017.07.18-12.47.14:041][199]LogModuleManager: Shutting down and abandoning module WorkspaceMenuStructure (176)
[2017.07.18-12.47.14:041][199]LogModuleManager: Shutting down and abandoning module SlateReflector (170)
[2017.07.18-12.47.14:041][199]LogModuleManager: Shutting down and abandoning module Slate (168)
[2017.07.18-12.47.14:041][199]LogModuleManager: Shutting down and abandoning module EditorStyle (166)
[2017.07.18-12.47.14:044][199]LogModuleManager: Shutting down and abandoning module SourceCodeAccess (164)
[2017.07.18-12.47.14:044][199]LogModuleManager: Shutting down and abandoning module HeadMountedDisplay (162)
[2017.07.18-12.47.14:044][199]LogModuleManager: Shutting down and abandoning module XAudio2 (160)
[2017.07.18-12.47.14:044][199]LogModuleManager: Shutting down and abandoning module Networking (158)
[2017.07.18-12.47.14:044][199]LogModuleManager: Shutting down and abandoning module Core (154)
[2017.07.18-12.47.14:044][199]LogModuleManager: Shutting down and abandoning module AssetRegistry (152)
[2017.07.18-12.47.14:186][199]LogDirectoryWatcher: A directory notification for '../../../Engine/Content/' was aborted.
[2017.07.18-12.47.14:187][199]LogDirectoryWatcher: A directory notification for '../../../../../../Users/Camper/Documents/GitHub/Wiggler/UnrealProject/WaterWiggler/Content/' was aborted.
[2017.07.18-12.47.14:187][199]LogDirectoryWatcher: A directory notification for '../../../Engine/Plugins/2D/Paper2D/Content/' was aborted.
[2017.07.18-12.47.14:187][199]LogModuleManager: Shutting down and abandoning module DirectoryWatcher (151)
[2017.07.18-12.47.14:187][199]LogModuleManager: Shutting down and abandoning module KismetCompiler (148)
[2017.07.18-12.47.14:187][199]LogModuleManager: Shutting down and abandoning module PhysXFormats (146)
[2017.07.18-12.47.14:187][199]LogModuleManager: Shutting down and abandoning module MeshUtilities (144)
[2017.07.18-12.47.14:187][199]LogModuleManager: Shutting down and abandoning module SimplygonSwarm (143)
[2017.07.18-12.47.14:187][199]LogModuleManager: Shutting down and abandoning module SimplygonMeshReduction (141)
[2017.07.18-12.47.14:187][199]LogModuleManager: Shutting down and abandoning module QuadricMeshReduction (139)
[2017.07.18-12.47.14:187][199]LogModuleManager: Shutting down and abandoning module PropertyEditor (137)
[2017.07.18-12.47.14:187][199]LogModuleManager: Shutting down and abandoning module DerivedDataCache (134)
[2017.07.18-12.47.14:521][199]LogDerivedDataCache: Shutdown
[2017.07.18-12.47.14:522][199]LogModuleManager: Shutting down and abandoning module TargetPlatform (132)
[2017.07.18-12.47.14:522][199]LogModuleManager: Shutting down and abandoning module VulkanShaderFormat (131)
[2017.07.18-12.47.14:522][199]LogModuleManager: Shutting down and abandoning module ShaderFormatOpenGL (129)
[2017.07.18-12.47.14:522][199]LogModuleManager: Shutting down and abandoning module ShaderFormatD3D (127)
[2017.07.18-12.47.14:522][199]LogModuleManager: Shutting down and abandoning module MetalShaderFormat (125)
[2017.07.18-12.47.14:522][199]LogModuleManager: Shutting down and abandoning module TextureFormatUncompressed (123)
[2017.07.18-12.47.14:522][199]LogModuleManager: Shutting down and abandoning module TextureFormatPVR (121)
[2017.07.18-12.47.14:522][199]LogModuleManager: Shutting down and abandoning module TextureFormatDXT (119)
[2017.07.18-12.47.14:522][199]LogModuleManager: Shutting down and abandoning module TextureFormatIntelISPCTexComp (117)
[2017.07.18-12.47.14:522][199]LogModuleManager: Shutting down and abandoning module TextureFormatASTC (115)
[2017.07.18-12.47.14:522][199]LogModuleManager: Shutting down and abandoning module ImageWrapper (114)
[2017.07.18-12.47.14:522][199]LogModuleManager: Shutting down and abandoning module TextureFormatAndroid (111)
[2017.07.18-12.47.14:522][199]LogModuleManager: Shutting down and abandoning module AudioFormatOpus (109)
[2017.07.18-12.47.14:522][199]LogModuleManager: Shutting down and abandoning module AudioFormatOgg (107)
[2017.07.18-12.47.14:522][199]LogModuleManager: Shutting down and abandoning module AudioFormatADPCM (105)
[2017.07.18-12.47.14:522][199]LogModuleManager: Shutting down and abandoning module LinuxTargetPlatform (103)
[2017.07.18-12.47.14:522][199]LogModuleManager: Shutting down and abandoning module LinuxServerTargetPlatform (101)
[2017.07.18-12.47.14:522][199]LogModuleManager: Shutting down and abandoning module LinuxNoEditorTargetPlatform (99)
[2017.07.18-12.47.14:522][199]LogModuleManager: Shutting down and abandoning module LinuxClientTargetPlatform (97)
[2017.07.18-12.47.14:522][199]LogModuleManager: Shutting down and abandoning module TVOSTargetPlatform (95)
[2017.07.18-12.47.14:522][199]LogModuleManager: Shutting down and abandoning module Messaging (93)
[2017.07.18-12.47.14:522][199]LogModuleManager: Shutting down and abandoning module IOSTargetPlatform (91)
[2017.07.18-12.47.14:522][199]LogModuleManager: Shutting down and abandoning module HTML5TargetPlatform (89)
[2017.07.18-12.47.14:522][199]LogModuleManager: Shutting down and abandoning module Android_PVRTCTargetPlatform (87)
[2017.07.18-12.47.14:522][199]LogModuleManager: Shutting down and abandoning module Android_MultiTargetPlatform (85)
[2017.07.18-12.47.14:522][199]LogModuleManager: Shutting down and abandoning module Android_ETC2TargetPlatform (83)
[2017.07.18-12.47.14:522][199]LogModuleManager: Shutting down and abandoning module Android_ETC1TargetPlatform (81)
[2017.07.18-12.47.14:522][199]LogModuleManager: Shutting down and abandoning module Android_DXTTargetPlatform (79)
[2017.07.18-12.47.14:522][199]LogModuleManager: Shutting down and abandoning module Android_ATCTargetPlatform (77)
[2017.07.18-12.47.14:522][199]LogModuleManager: Shutting down and abandoning module Android_ASTCTargetPlatform (75)
[2017.07.18-12.47.14:522][199]LogModuleManager: Shutting down and abandoning module AndroidTargetPlatform (73)
[2017.07.18-12.47.14:522][199]LogModuleManager: Shutting down and abandoning module WindowsTargetPlatform (71)
[2017.07.18-12.47.14:522][199]LogModuleManager: Shutting down and abandoning module WindowsServerTargetPlatform (69)
[2017.07.18-12.47.14:522][199]LogModuleManager: Shutting down and abandoning module WindowsNoEditorTargetPlatform (67)
[2017.07.18-12.47.14:522][199]LogModuleManager: Shutting down and abandoning module WindowsClientTargetPlatform (65)
[2017.07.18-12.47.14:522][199]LogModuleManager: Shutting down and abandoning module MacTargetPlatform (63)
[2017.07.18-12.47.14:522][199]LogModuleManager: Shutting down and abandoning module MacServerTargetPlatform (61)
[2017.07.18-12.47.14:522][199]LogModuleManager: Shutting down and abandoning module MacNoEditorTargetPlatform (59)
[2017.07.18-12.47.14:522][199]LogModuleManager: Shutting down and abandoning module MacClientTargetPlatform (57)
[2017.07.18-12.47.14:522][199]LogModuleManager: Shutting down and abandoning module AllDesktopTargetPlatform (55)
[2017.07.18-12.47.14:522][199]LogModuleManager: Shutting down and abandoning module InputCore (52)
[2017.07.18-12.47.14:522][199]LogModuleManager: Shutting down and abandoning module Settings (50)
[2017.07.18-12.47.14:522][199]LogModuleManager: Shutting down and abandoning module OculusRift (48)
[2017.07.18-12.47.14:522][199]LogModuleManager: Shutting down and abandoning module GearVR (46)
[2017.07.18-12.47.14:522][199]LogModuleManager: Shutting down and abandoning module ExampleDeviceProfileSelector (44)
[2017.07.18-12.47.14:522][199]LogModuleManager: Shutting down and abandoning module OnlineBlueprintSupport (42)
[2017.07.18-12.47.14:522][199]LogModuleManager: Shutting down and abandoning module OnlineSubsystem (38)
[2017.07.18-12.47.14:522][199]LogOnline:Display: Unloading online subsystem: NULL
[2017.07.18-12.47.14:522][199]LogModuleManager: Shutting down and abandoning module XMPP (37)
[2017.07.18-12.47.14:522][199]LogModuleManager: Shutting down and abandoning module HTTP (35)
[2017.07.18-12.47.14:522][199]LogHttp:Display: Http module shutting down, but needs to wait on 1 outstanding Http requests:
[2017.07.18-12.47.14:522][199]LogHttp:Display: 	verb=[POST] url=[https://datarouter.ol.epicgames.com/datarouter/api/v1/public/data?SessionID=%7B17C4D6FC-43CD-B356-F8BE-BAA7783B4220%7D&AppID=UEEditor.Rocket.Release&AppVersion=4.15.3-3450819%2B%2B%2BUE4%2BRelease-4.15&UserID=cb03359b402e97089a818485821d9df5%7C430d55f15c0846bbb4bf413580f74b31%7C1ff1b01f-1d35-47d8-b799-dbda82573b2d&AppEnvironment=datacollector-binary&UploadType=eteventstream] status=Processing
[2017.07.18-12.47.14:525][199]LogModuleManager: Shutting down and abandoning module SSL (34)
[2017.07.18-12.47.14:526][199]LogModuleManager: Shutting down and abandoning module AudioEditor (30)
[2017.07.18-12.47.14:526][199]LogModuleManager: Shutting down and abandoning module TextureCompressor (28)
[2017.07.18-12.47.14:526][199]LogModuleManager: Shutting down and abandoning module ShaderCore (26)
[2017.07.18-12.47.14:527][199]LogModuleManager: Shutting down and abandoning module Landscape (24)
[2017.07.18-12.47.14:527][199]LogModuleManager: Shutting down and abandoning module SlateRHIRenderer (22)
[2017.07.18-12.47.14:527][199]LogModuleManager: Shutting down and abandoning module OpenGLDrv (20)
[2017.07.18-12.47.14:527][199]LogModuleManager: Shutting down and abandoning module D3D11RHI (18)
[2017.07.18-12.47.14:527][199]LogModuleManager: Shutting down and abandoning module AnimGraphRuntime (16)
[2017.07.18-12.47.14:527][199]LogModuleManager: Shutting down and abandoning module Renderer (14)
[2017.07.18-12.47.14:527][199]LogModuleManager: Shutting down and abandoning module Engine (12)
[2017.07.18-12.47.14:527][199]LogModuleManager: Shutting down and abandoning module CoreUObject (10)
[2017.07.18-12.47.14:527][199]LogModuleManager: Shutting down and abandoning module NetworkFile (8)
[2017.07.18-12.47.14:527][199]LogModuleManager: Shutting down and abandoning module StreamingFile (6)
[2017.07.18-12.47.14:527][199]LogModuleManager: Shutting down and abandoning module SandboxFile (4)
[2017.07.18-12.47.14:527][199]LogModuleManager: Shutting down and abandoning module PakFile (2)
[2017.07.18-12.47.14:529][199]LogExit: Exiting.
[2017.07.18-12.47.14:532][199]Log file closed, 07/18/17 08:47:14
